[2023-04-18 22:30:29,553][train.py][line:18][INFO] Start trainning......
[2023-04-18 22:30:46,604][train.py][line:53][INFO] Epoch:[1/5]	 loss=0.10491	 acc=0.938
[2023-04-18 22:31:02,277][train.py][line:53][INFO] Epoch:[2/5]	 loss=0.11373	 acc=0.938
[2023-04-18 22:31:18,055][train.py][line:53][INFO] Epoch:[3/5]	 loss=0.16087	 acc=0.938
[2023-04-18 22:31:35,589][train.py][line:53][INFO] Epoch:[4/5]	 loss=0.05968	 acc=0.969
[2023-04-18 22:31:52,009][train.py][line:53][INFO] Epoch:[5/5]	 loss=0.21331	 acc=0.938
[2023-04-18 22:31:52,009][train.py][line:58][INFO] Finish training!
[2023-04-18 22:31:52,310][test.py][line:12][INFO] Start testing...
[2023-04-18 22:31:52,321][test.py][line:56][INFO] current batch testing result... Test Loss: 0.0005, Test Acc: 1.0000
[2023-04-18 22:31:52,328][test.py][line:56][INFO] current batch testing result... Test Loss: 0.0045, Test Acc: 1.0000
[2023-04-18 22:31:52,335][test.py][line:56][INFO] current batch testing result... Test Loss: 0.0200, Test Acc: 1.0000
[2023-04-18 22:31:52,343][test.py][line:56][INFO] current batch testing result... Test Loss: 0.1316, Test Acc: 0.9375
[2023-04-18 22:31:52,352][test.py][line:56][INFO] current batch testing result... Test Loss: 0.0223, Test Acc: 1.0000
[2023-04-18 22:31:52,364][test.py][line:56][INFO] current batch testing result... Test Loss: 0.0608, Test Acc: 0.9688
[2023-04-18 22:31:52,373][test.py][line:56][INFO] current batch testing result... Test Loss: 0.0023, Test Acc: 1.0000
[2023-04-18 22:31:52,384][test.py][line:56][INFO] current batch testing result... Test Loss: 0.2209, Test Acc: 0.9688
[2023-04-18 22:31:52,392][test.py][line:56][INFO] current batch testing result... Test Loss: 0.1201, Test Acc: 0.9375
[2023-04-18 22:31:52,400][test.py][line:56][INFO] current batch testing result... Test Loss: 0.0111, Test Acc: 1.0000
[2023-04-18 22:31:52,408][test.py][line:56][INFO] current batch testing result... Test Loss: 0.0906, Test Acc: 0.9688
[2023-04-18 22:31:52,415][test.py][line:56][INFO] current batch testing result... Test Loss: 0.0160, Test Acc: 1.0000
[2023-04-18 22:31:52,423][test.py][line:56][INFO] current batch testing result... Test Loss: 0.0544, Test Acc: 0.9688
[2023-04-18 22:31:52,431][test.py][line:56][INFO] current batch testing result... Test Loss: 0.2012, Test Acc: 0.9375
[2023-04-18 22:31:52,439][test.py][line:56][INFO] current batch testing result... Test Loss: 0.0862, Test Acc: 0.9688
[2023-04-18 22:31:52,447][test.py][line:56][INFO] current batch testing result... Test Loss: 0.0241, Test Acc: 0.9688
[2023-04-18 22:31:52,455][test.py][line:56][INFO] current batch testing result... Test Loss: 0.0108, Test Acc: 1.0000
[2023-04-18 22:31:52,464][test.py][line:56][INFO] current batch testing result... Test Loss: 0.0159, Test Acc: 1.0000
[2023-04-18 22:31:52,472][test.py][line:56][INFO] current batch testing result... Test Loss: 0.1131, Test Acc: 0.9375
[2023-04-18 22:31:52,480][test.py][line:56][INFO] current batch testing result... Test Loss: 0.0898, Test Acc: 0.9688
[2023-04-18 22:31:52,488][test.py][line:56][INFO] current batch testing result... Test Loss: 0.1653, Test Acc: 0.9375
[2023-04-18 22:31:52,495][test.py][line:56][INFO] current batch testing result... Test Loss: 0.2718, Test Acc: 0.9375
[2023-04-18 22:31:52,503][test.py][line:56][INFO] current batch testing result... Test Loss: 0.3795, Test Acc: 0.9062
[2023-04-18 22:31:52,510][test.py][line:56][INFO] current batch testing result... Test Loss: 0.1645, Test Acc: 0.9062
[2023-04-18 22:31:52,518][test.py][line:56][INFO] current batch testing result... Test Loss: 0.0169, Test Acc: 1.0000
[2023-04-18 22:31:52,526][test.py][line:56][INFO] current batch testing result... Test Loss: 0.0016, Test Acc: 1.0000
[2023-04-18 22:31:52,534][test.py][line:56][INFO] current batch testing result... Test Loss: 0.0189, Test Acc: 1.0000
[2023-04-18 22:31:52,542][test.py][line:56][INFO] current batch testing result... Test Loss: 0.0755, Test Acc: 0.9375
[2023-04-18 22:31:52,550][test.py][line:56][INFO] current batch testing result... Test Loss: 0.0140, Test Acc: 1.0000
[2023-04-18 22:31:52,558][test.py][line:56][INFO] current batch testing result... Test Loss: 0.1762, Test Acc: 0.9062
[2023-04-18 22:31:52,565][test.py][line:56][INFO] current batch testing result... Test Loss: 0.0854, Test Acc: 0.9688
[2023-04-18 22:31:52,573][test.py][line:56][INFO] current batch testing result... Test Loss: 0.4319, Test Acc: 0.9375
[2023-04-18 22:31:52,581][test.py][line:56][INFO] current batch testing result... Test Loss: 0.1296, Test Acc: 0.9688
[2023-04-18 22:31:52,588][test.py][line:56][INFO] current batch testing result... Test Loss: 0.0030, Test Acc: 1.0000
[2023-04-18 22:31:52,596][test.py][line:56][INFO] current batch testing result... Test Loss: 0.1309, Test Acc: 0.9688
[2023-04-18 22:31:52,604][test.py][line:56][INFO] current batch testing result... Test Loss: 0.1297, Test Acc: 0.9688
[2023-04-18 22:31:52,612][test.py][line:56][INFO] current batch testing result... Test Loss: 0.1581, Test Acc: 0.9062
[2023-04-18 22:31:52,621][test.py][line:56][INFO] current batch testing result... Test Loss: 0.0347, Test Acc: 1.0000
[2023-04-18 22:31:52,629][test.py][line:56][INFO] current batch testing result... Test Loss: 0.8182, Test Acc: 0.8125
[2023-04-18 22:31:52,637][test.py][line:56][INFO] current batch testing result... Test Loss: 0.1235, Test Acc: 0.9688
[2023-04-18 22:31:52,645][test.py][line:56][INFO] current batch testing result... Test Loss: 0.1449, Test Acc: 0.9375
[2023-04-18 22:31:52,653][test.py][line:56][INFO] current batch testing result... Test Loss: 0.5253, Test Acc: 0.8750
[2023-04-18 22:31:52,661][test.py][line:56][INFO] current batch testing result... Test Loss: 0.0019, Test Acc: 1.0000
[2023-04-18 22:31:52,671][test.py][line:56][INFO] current batch testing result... Test Loss: 0.2744, Test Acc: 0.9375
[2023-04-18 22:31:52,679][test.py][line:56][INFO] current batch testing result... Test Loss: 0.0524, Test Acc: 0.9688
[2023-04-18 22:31:52,687][test.py][line:56][INFO] current batch testing result... Test Loss: 0.1189, Test Acc: 0.9375
[2023-04-18 22:31:52,695][test.py][line:56][INFO] current batch testing result... Test Loss: 0.1835, Test Acc: 0.9375
[2023-04-18 22:31:52,703][test.py][line:56][INFO] current batch testing result... Test Loss: 0.3332, Test Acc: 0.9375
[2023-04-18 22:31:52,711][test.py][line:56][INFO] current batch testing result... Test Loss: 0.3879, Test Acc: 0.9062
[2023-04-18 22:31:52,718][test.py][line:56][INFO] current batch testing result... Test Loss: 0.0460, Test Acc: 0.9688
[2023-04-18 22:31:52,726][test.py][line:56][INFO] current batch testing result... Test Loss: 0.3219, Test Acc: 0.9375
[2023-04-18 22:31:52,734][test.py][line:56][INFO] current batch testing result... Test Loss: 0.0082, Test Acc: 1.0000
[2023-04-18 22:31:52,742][test.py][line:56][INFO] current batch testing result... Test Loss: 0.1630, Test Acc: 0.9375
[2023-04-18 22:31:52,749][test.py][line:56][INFO] current batch testing result... Test Loss: 0.0797, Test Acc: 0.9688
[2023-04-18 22:31:52,757][test.py][line:56][INFO] current batch testing result... Test Loss: 0.1315, Test Acc: 0.9688
[2023-04-18 22:31:52,764][test.py][line:56][INFO] current batch testing result... Test Loss: 0.0937, Test Acc: 0.9688
[2023-04-18 22:31:52,772][test.py][line:56][INFO] current batch testing result... Test Loss: 0.0753, Test Acc: 0.9688
[2023-04-18 22:31:52,781][test.py][line:56][INFO] current batch testing result... Test Loss: 0.0387, Test Acc: 0.9688
[2023-04-18 22:31:52,789][test.py][line:56][INFO] current batch testing result... Test Loss: 0.1230, Test Acc: 0.9688
[2023-04-18 22:31:52,796][test.py][line:56][INFO] current batch testing result... Test Loss: 0.2179, Test Acc: 0.9062
[2023-04-18 22:31:52,804][test.py][line:56][INFO] current batch testing result... Test Loss: 0.1447, Test Acc: 0.9688
[2023-04-18 22:31:52,811][test.py][line:56][INFO] current batch testing result... Test Loss: 0.1316, Test Acc: 0.9375
[2023-04-18 22:31:52,819][test.py][line:56][INFO] current batch testing result... Test Loss: 0.4179, Test Acc: 0.9062
[2023-04-18 22:31:52,828][test.py][line:56][INFO] current batch testing result... Test Loss: 0.6936, Test Acc: 0.8438
[2023-04-18 22:31:52,835][test.py][line:56][INFO] current batch testing result... Test Loss: 0.4031, Test Acc: 0.9375
[2023-04-18 22:31:52,842][test.py][line:56][INFO] current batch testing result... Test Loss: 0.1700, Test Acc: 0.9375
[2023-04-18 22:31:52,849][test.py][line:56][INFO] current batch testing result... Test Loss: 0.6303, Test Acc: 0.8750
[2023-04-18 22:31:52,857][test.py][line:56][INFO] current batch testing result... Test Loss: 0.0122, Test Acc: 1.0000
[2023-04-18 22:31:52,864][test.py][line:56][INFO] current batch testing result... Test Loss: 0.2321, Test Acc: 0.9375
[2023-04-18 22:31:52,871][test.py][line:56][INFO] current batch testing result... Test Loss: 0.0291, Test Acc: 0.9688
[2023-04-18 22:31:52,878][test.py][line:56][INFO] current batch testing result... Test Loss: 0.0151, Test Acc: 1.0000
[2023-04-18 22:31:52,885][test.py][line:56][INFO] current batch testing result... Test Loss: 0.1957, Test Acc: 0.9688
[2023-04-18 22:31:52,893][test.py][line:56][INFO] current batch testing result... Test Loss: 0.0725, Test Acc: 0.9688
[2023-04-18 22:31:52,900][test.py][line:56][INFO] current batch testing result... Test Loss: 0.0023, Test Acc: 1.0000
[2023-04-18 22:31:52,908][test.py][line:56][INFO] current batch testing result... Test Loss: 0.3405, Test Acc: 0.9375
[2023-04-18 22:31:52,915][test.py][line:56][INFO] current batch testing result... Test Loss: 0.0501, Test Acc: 0.9688
[2023-04-18 22:31:52,924][test.py][line:56][INFO] current batch testing result... Test Loss: 0.1055, Test Acc: 0.9375
[2023-04-18 22:31:52,932][test.py][line:56][INFO] current batch testing result... Test Loss: 0.0129, Test Acc: 1.0000
[2023-04-18 22:31:52,940][test.py][line:56][INFO] current batch testing result... Test Loss: 0.1032, Test Acc: 0.9375
[2023-04-18 22:31:52,948][test.py][line:56][INFO] current batch testing result... Test Loss: 0.0203, Test Acc: 1.0000
[2023-04-18 22:31:52,955][test.py][line:56][INFO] current batch testing result... Test Loss: 0.1351, Test Acc: 0.9375
[2023-04-18 22:31:52,964][test.py][line:56][INFO] current batch testing result... Test Loss: 0.3180, Test Acc: 0.9375
[2023-04-18 22:31:52,972][test.py][line:56][INFO] current batch testing result... Test Loss: 0.5580, Test Acc: 0.9375
[2023-04-18 22:31:52,981][test.py][line:56][INFO] current batch testing result... Test Loss: 0.0045, Test Acc: 1.0000
[2023-04-18 22:31:52,988][test.py][line:56][INFO] current batch testing result... Test Loss: 0.0013, Test Acc: 1.0000
[2023-04-18 22:31:52,995][test.py][line:56][INFO] current batch testing result... Test Loss: 0.1036, Test Acc: 0.9062
[2023-04-18 22:31:53,003][test.py][line:56][INFO] current batch testing result... Test Loss: 0.0624, Test Acc: 0.9688
[2023-04-18 22:31:53,011][test.py][line:56][INFO] current batch testing result... Test Loss: 0.0470, Test Acc: 0.9688
[2023-04-18 22:31:53,019][test.py][line:56][INFO] current batch testing result... Test Loss: 0.0194, Test Acc: 1.0000
[2023-04-18 22:31:53,026][test.py][line:56][INFO] current batch testing result... Test Loss: 0.0446, Test Acc: 0.9688
[2023-04-18 22:31:53,034][test.py][line:56][INFO] current batch testing result... Test Loss: 0.0596, Test Acc: 0.9688
[2023-04-18 22:31:53,043][test.py][line:56][INFO] current batch testing result... Test Loss: 0.3593, Test Acc: 0.9375
[2023-04-18 22:31:53,050][test.py][line:56][INFO] current batch testing result... Test Loss: 0.0227, Test Acc: 1.0000
[2023-04-18 22:31:53,058][test.py][line:56][INFO] current batch testing result... Test Loss: 0.0143, Test Acc: 1.0000
[2023-04-18 22:31:53,066][test.py][line:56][INFO] current batch testing result... Test Loss: 0.0121, Test Acc: 1.0000
[2023-04-18 22:31:53,073][test.py][line:56][INFO] current batch testing result... Test Loss: 0.0200, Test Acc: 1.0000
[2023-04-18 22:31:53,083][test.py][line:56][INFO] current batch testing result... Test Loss: 0.0485, Test Acc: 0.9688
[2023-04-18 22:31:53,091][test.py][line:56][INFO] current batch testing result... Test Loss: 0.1678, Test Acc: 0.9062
[2023-04-18 22:31:53,099][test.py][line:56][INFO] current batch testing result... Test Loss: 0.0085, Test Acc: 1.0000
[2023-04-18 22:31:53,106][test.py][line:56][INFO] current batch testing result... Test Loss: 0.0214, Test Acc: 1.0000
[2023-04-18 22:31:53,114][test.py][line:56][INFO] current batch testing result... Test Loss: 0.1628, Test Acc: 0.9688
[2023-04-18 22:31:53,121][test.py][line:56][INFO] current batch testing result... Test Loss: 0.0630, Test Acc: 0.9688
[2023-04-18 22:31:53,131][test.py][line:56][INFO] current batch testing result... Test Loss: 0.0561, Test Acc: 0.9688
[2023-04-18 22:31:53,140][test.py][line:56][INFO] current batch testing result... Test Loss: 0.0031, Test Acc: 1.0000
[2023-04-18 22:31:53,153][test.py][line:56][INFO] current batch testing result... Test Loss: 0.0835, Test Acc: 0.9375
[2023-04-18 22:31:53,161][test.py][line:56][INFO] current batch testing result... Test Loss: 0.0540, Test Acc: 0.9688
[2023-04-18 22:31:53,168][test.py][line:56][INFO] current batch testing result... Test Loss: 0.1093, Test Acc: 0.9688
[2023-04-18 22:31:53,176][test.py][line:56][INFO] current batch testing result... Test Loss: 0.0561, Test Acc: 0.9688
[2023-04-18 22:31:53,184][test.py][line:56][INFO] current batch testing result... Test Loss: 0.0654, Test Acc: 0.9688
[2023-04-18 22:31:53,192][test.py][line:56][INFO] current batch testing result... Test Loss: 0.1716, Test Acc: 0.9688
[2023-04-18 22:31:53,199][test.py][line:56][INFO] current batch testing result... Test Loss: 0.4223, Test Acc: 0.9062
[2023-04-18 22:31:53,207][test.py][line:56][INFO] current batch testing result... Test Loss: 0.1918, Test Acc: 0.9688
[2023-04-18 22:31:53,217][test.py][line:56][INFO] current batch testing result... Test Loss: 0.0396, Test Acc: 0.9688
[2023-04-18 22:31:53,224][test.py][line:56][INFO] current batch testing result... Test Loss: 0.0509, Test Acc: 0.9688
[2023-04-18 22:31:53,231][test.py][line:56][INFO] current batch testing result... Test Loss: 0.0087, Test Acc: 1.0000
[2023-04-18 22:31:53,238][test.py][line:56][INFO] current batch testing result... Test Loss: 0.1759, Test Acc: 0.9688
[2023-04-18 22:31:53,248][test.py][line:56][INFO] current batch testing result... Test Loss: 0.1928, Test Acc: 0.9062
[2023-04-18 22:31:53,256][test.py][line:56][INFO] current batch testing result... Test Loss: 0.2931, Test Acc: 0.9375
[2023-04-18 22:31:53,266][test.py][line:56][INFO] current batch testing result... Test Loss: 0.1735, Test Acc: 0.9375
[2023-04-18 22:31:53,278][test.py][line:56][INFO] current batch testing result... Test Loss: 0.4631, Test Acc: 0.9062
[2023-04-18 22:31:53,333][test.py][line:56][INFO] current batch testing result... Test Loss: 0.0296, Test Acc: 1.0000
[2023-04-18 22:31:53,343][test.py][line:56][INFO] current batch testing result... Test Loss: 0.0700, Test Acc: 0.9688
[2023-04-18 22:31:53,352][test.py][line:56][INFO] current batch testing result... Test Loss: 0.0477, Test Acc: 0.9688
[2023-04-18 22:31:53,360][test.py][line:56][INFO] current batch testing result... Test Loss: 0.1629, Test Acc: 0.9688
[2023-04-18 22:31:53,369][test.py][line:56][INFO] current batch testing result... Test Loss: 0.0768, Test Acc: 0.9688
[2023-04-18 22:31:53,377][test.py][line:56][INFO] current batch testing result... Test Loss: 0.0867, Test Acc: 0.9688
[2023-04-18 22:31:53,386][test.py][line:56][INFO] current batch testing result... Test Loss: 0.0689, Test Acc: 0.9688
[2023-04-18 22:31:53,393][test.py][line:56][INFO] current batch testing result... Test Loss: 0.3587, Test Acc: 0.9375
[2023-04-18 22:31:53,402][test.py][line:56][INFO] current batch testing result... Test Loss: 0.0674, Test Acc: 0.9688
[2023-04-18 22:31:53,410][test.py][line:56][INFO] current batch testing result... Test Loss: 0.0149, Test Acc: 1.0000
[2023-04-18 22:31:53,419][test.py][line:56][INFO] current batch testing result... Test Loss: 0.2317, Test Acc: 0.9375
[2023-04-18 22:31:53,427][test.py][line:56][INFO] current batch testing result... Test Loss: 0.2163, Test Acc: 0.9688
[2023-04-18 22:31:53,437][test.py][line:56][INFO] current batch testing result... Test Loss: 0.1579, Test Acc: 0.9375
[2023-04-18 22:31:53,456][test.py][line:56][INFO] current batch testing result... Test Loss: 0.1289, Test Acc: 0.9375
[2023-04-18 22:31:53,468][test.py][line:56][INFO] current batch testing result... Test Loss: 0.0729, Test Acc: 0.9688
[2023-04-18 22:31:53,485][test.py][line:56][INFO] current batch testing result... Test Loss: 0.0106, Test Acc: 1.0000
[2023-04-18 22:31:53,500][test.py][line:56][INFO] current batch testing result... Test Loss: 0.3040, Test Acc: 0.9062
[2023-04-18 22:31:53,511][test.py][line:56][INFO] current batch testing result... Test Loss: 0.0029, Test Acc: 1.0000
[2023-04-18 22:31:53,522][test.py][line:56][INFO] current batch testing result... Test Loss: 0.2923, Test Acc: 0.9375
[2023-04-18 22:31:53,533][test.py][line:56][INFO] current batch testing result... Test Loss: 0.0254, Test Acc: 0.9688
[2023-04-18 22:31:53,543][test.py][line:56][INFO] current batch testing result... Test Loss: 0.0813, Test Acc: 0.9688
[2023-04-18 22:31:53,555][test.py][line:56][INFO] current batch testing result... Test Loss: 0.0394, Test Acc: 0.9688
[2023-04-18 22:31:53,571][test.py][line:56][INFO] current batch testing result... Test Loss: 0.0369, Test Acc: 1.0000
[2023-04-18 22:31:53,580][test.py][line:56][INFO] current batch testing result... Test Loss: 0.1234, Test Acc: 0.9688
[2023-04-18 22:31:53,588][test.py][line:56][INFO] current batch testing result... Test Loss: 0.0362, Test Acc: 0.9688
[2023-04-18 22:31:53,596][test.py][line:56][INFO] current batch testing result... Test Loss: 0.0690, Test Acc: 0.9688
[2023-04-18 22:31:53,603][test.py][line:56][INFO] current batch testing result... Test Loss: 0.0113, Test Acc: 1.0000
[2023-04-18 22:31:53,614][test.py][line:56][INFO] current batch testing result... Test Loss: 0.0799, Test Acc: 0.9688
[2023-04-18 22:31:53,622][test.py][line:56][INFO] current batch testing result... Test Loss: 0.0483, Test Acc: 0.9688
[2023-04-18 22:31:53,630][test.py][line:56][INFO] current batch testing result... Test Loss: 0.0011, Test Acc: 1.0000
[2023-04-18 22:31:53,638][test.py][line:56][INFO] current batch testing result... Test Loss: 0.1433, Test Acc: 0.9688
[2023-04-18 22:31:53,647][test.py][line:56][INFO] current batch testing result... Test Loss: 0.2072, Test Acc: 0.9375
[2023-04-18 22:31:53,655][test.py][line:56][INFO] current batch testing result... Test Loss: 0.2684, Test Acc: 0.9375
[2023-04-18 22:31:53,665][test.py][line:56][INFO] current batch testing result... Test Loss: 0.0153, Test Acc: 1.0000
[2023-04-18 22:31:53,672][test.py][line:56][INFO] current batch testing result... Test Loss: 0.0255, Test Acc: 1.0000
[2023-04-18 22:31:53,681][test.py][line:56][INFO] current batch testing result... Test Loss: 0.1453, Test Acc: 0.9062
[2023-04-18 22:31:53,690][test.py][line:56][INFO] current batch testing result... Test Loss: 0.0011, Test Acc: 1.0000
[2023-04-18 22:31:53,703][test.py][line:56][INFO] current batch testing result... Test Loss: 0.0004, Test Acc: 1.0000
[2023-04-18 22:31:53,711][test.py][line:56][INFO] current batch testing result... Test Loss: 0.0291, Test Acc: 1.0000
[2023-04-18 22:31:53,720][test.py][line:56][INFO] current batch testing result... Test Loss: 0.0002, Test Acc: 1.0000
[2023-04-18 22:31:53,732][test.py][line:56][INFO] current batch testing result... Test Loss: 0.0014, Test Acc: 1.0000
[2023-04-18 22:31:53,742][test.py][line:56][INFO] current batch testing result... Test Loss: 0.0086, Test Acc: 1.0000
[2023-04-18 22:31:53,750][test.py][line:56][INFO] current batch testing result... Test Loss: 0.0016, Test Acc: 1.0000
[2023-04-18 22:31:53,758][test.py][line:56][INFO] current batch testing result... Test Loss: 0.0627, Test Acc: 0.9688
[2023-04-18 22:31:53,766][test.py][line:56][INFO] current batch testing result... Test Loss: 0.0087, Test Acc: 1.0000
[2023-04-18 22:31:53,774][test.py][line:56][INFO] current batch testing result... Test Loss: 0.0000, Test Acc: 1.0000
[2023-04-18 22:31:53,782][test.py][line:56][INFO] current batch testing result... Test Loss: 0.1624, Test Acc: 0.9688
[2023-04-18 22:31:53,789][test.py][line:56][INFO] current batch testing result... Test Loss: 0.0005, Test Acc: 1.0000
[2023-04-18 22:31:53,799][test.py][line:56][INFO] current batch testing result... Test Loss: 0.0014, Test Acc: 1.0000
[2023-04-18 22:31:53,806][test.py][line:56][INFO] current batch testing result... Test Loss: 0.0001, Test Acc: 1.0000
[2023-04-18 22:31:53,814][test.py][line:56][INFO] current batch testing result... Test Loss: 0.1082, Test Acc: 0.9688
[2023-04-18 22:31:53,822][test.py][line:56][INFO] current batch testing result... Test Loss: 0.0217, Test Acc: 1.0000
[2023-04-18 22:31:53,831][test.py][line:56][INFO] current batch testing result... Test Loss: 0.0013, Test Acc: 1.0000
[2023-04-18 22:31:53,838][test.py][line:56][INFO] current batch testing result... Test Loss: 0.0008, Test Acc: 1.0000
[2023-04-18 22:31:53,847][test.py][line:56][INFO] current batch testing result... Test Loss: 0.0002, Test Acc: 1.0000
[2023-04-18 22:31:53,855][test.py][line:56][INFO] current batch testing result... Test Loss: 0.0828, Test Acc: 0.9688
[2023-04-18 22:31:53,864][test.py][line:56][INFO] current batch testing result... Test Loss: 0.2104, Test Acc: 0.9375
[2023-04-18 22:31:53,872][test.py][line:56][INFO] current batch testing result... Test Loss: 0.0789, Test Acc: 0.9688
[2023-04-18 22:31:53,881][test.py][line:56][INFO] current batch testing result... Test Loss: 0.0474, Test Acc: 0.9688
[2023-04-18 22:31:53,888][test.py][line:56][INFO] current batch testing result... Test Loss: 0.0611, Test Acc: 0.9375
[2023-04-18 22:31:53,897][test.py][line:56][INFO] current batch testing result... Test Loss: 0.0417, Test Acc: 0.9688
[2023-04-18 22:31:53,905][test.py][line:56][INFO] current batch testing result... Test Loss: 0.0492, Test Acc: 0.9688
[2023-04-18 22:31:53,915][test.py][line:56][INFO] current batch testing result... Test Loss: 0.0322, Test Acc: 0.9688
[2023-04-18 22:31:53,924][test.py][line:56][INFO] current batch testing result... Test Loss: 0.0926, Test Acc: 0.9688
[2023-04-18 22:31:53,932][test.py][line:56][INFO] current batch testing result... Test Loss: 0.0143, Test Acc: 1.0000
[2023-04-18 22:31:53,940][test.py][line:56][INFO] current batch testing result... Test Loss: 0.3338, Test Acc: 0.9375
[2023-04-18 22:31:53,948][test.py][line:56][INFO] current batch testing result... Test Loss: 0.3828, Test Acc: 0.8750
[2023-04-18 22:31:53,956][test.py][line:56][INFO] current batch testing result... Test Loss: 0.0586, Test Acc: 0.9688
[2023-04-18 22:31:53,964][test.py][line:56][INFO] current batch testing result... Test Loss: 0.3145, Test Acc: 0.8125
[2023-04-18 22:31:53,972][test.py][line:56][INFO] current batch testing result... Test Loss: 0.2784, Test Acc: 0.9375
[2023-04-18 22:31:53,979][test.py][line:56][INFO] current batch testing result... Test Loss: 0.0137, Test Acc: 1.0000
[2023-04-18 22:31:53,987][test.py][line:56][INFO] current batch testing result... Test Loss: 0.0014, Test Acc: 1.0000
[2023-04-18 22:31:53,994][test.py][line:56][INFO] current batch testing result... Test Loss: 0.3094, Test Acc: 0.9375
[2023-04-18 22:31:54,002][test.py][line:56][INFO] current batch testing result... Test Loss: 0.0001, Test Acc: 1.0000
[2023-04-18 22:31:54,009][test.py][line:56][INFO] current batch testing result... Test Loss: 0.0009, Test Acc: 1.0000
[2023-04-18 22:31:54,017][test.py][line:56][INFO] current batch testing result... Test Loss: 0.0008, Test Acc: 1.0000
[2023-04-18 22:31:54,024][test.py][line:56][INFO] current batch testing result... Test Loss: 0.0000, Test Acc: 1.0000
[2023-04-18 22:31:54,032][test.py][line:56][INFO] current batch testing result... Test Loss: 0.0001, Test Acc: 1.0000
[2023-04-18 22:31:54,039][test.py][line:56][INFO] current batch testing result... Test Loss: 0.0010, Test Acc: 1.0000
[2023-04-18 22:31:54,048][test.py][line:56][INFO] current batch testing result... Test Loss: 0.0018, Test Acc: 1.0000
[2023-04-18 22:31:54,055][test.py][line:56][INFO] current batch testing result... Test Loss: 0.0057, Test Acc: 1.0000
[2023-04-18 22:31:54,063][test.py][line:56][INFO] current batch testing result... Test Loss: 0.0045, Test Acc: 1.0000
[2023-04-18 22:31:54,071][test.py][line:56][INFO] current batch testing result... Test Loss: 0.0000, Test Acc: 1.0000
[2023-04-18 22:31:54,080][test.py][line:56][INFO] current batch testing result... Test Loss: 0.0011, Test Acc: 1.0000
[2023-04-18 22:31:54,089][test.py][line:56][INFO] current batch testing result... Test Loss: 0.0340, Test Acc: 1.0000
[2023-04-18 22:31:54,097][test.py][line:56][INFO] current batch testing result... Test Loss: 0.2263, Test Acc: 0.9062
[2023-04-18 22:31:54,105][test.py][line:56][INFO] current batch testing result... Test Loss: 0.3477, Test Acc: 0.9062
[2023-04-18 22:31:54,113][test.py][line:56][INFO] current batch testing result... Test Loss: 0.2578, Test Acc: 0.9375
[2023-04-18 22:31:54,121][test.py][line:56][INFO] current batch testing result... Test Loss: 0.0001, Test Acc: 1.0000
[2023-04-18 22:31:54,131][test.py][line:56][INFO] current batch testing result... Test Loss: 0.0007, Test Acc: 1.0000
[2023-04-18 22:31:54,138][test.py][line:56][INFO] current batch testing result... Test Loss: 0.0019, Test Acc: 1.0000
[2023-04-18 22:31:54,147][test.py][line:56][INFO] current batch testing result... Test Loss: 0.0539, Test Acc: 0.9688
[2023-04-18 22:31:54,157][test.py][line:56][INFO] current batch testing result... Test Loss: 0.0068, Test Acc: 1.0000
[2023-04-18 22:31:54,169][test.py][line:56][INFO] current batch testing result... Test Loss: 0.0818, Test Acc: 0.9688
[2023-04-18 22:31:54,180][test.py][line:56][INFO] current batch testing result... Test Loss: 0.0015, Test Acc: 1.0000
[2023-04-18 22:31:54,189][test.py][line:56][INFO] current batch testing result... Test Loss: 0.0026, Test Acc: 1.0000
[2023-04-18 22:31:54,201][test.py][line:56][INFO] current batch testing result... Test Loss: 0.0052, Test Acc: 1.0000
[2023-04-18 22:31:54,211][test.py][line:56][INFO] current batch testing result... Test Loss: 0.0014, Test Acc: 1.0000
[2023-04-18 22:31:54,222][test.py][line:56][INFO] current batch testing result... Test Loss: 0.0032, Test Acc: 1.0000
[2023-04-18 22:31:54,233][test.py][line:56][INFO] current batch testing result... Test Loss: 0.0020, Test Acc: 1.0000
[2023-04-18 22:31:54,241][test.py][line:56][INFO] current batch testing result... Test Loss: 0.0010, Test Acc: 1.0000
[2023-04-18 22:31:54,249][test.py][line:56][INFO] current batch testing result... Test Loss: 0.0006, Test Acc: 1.0000
[2023-04-18 22:31:54,261][test.py][line:56][INFO] current batch testing result... Test Loss: 0.0012, Test Acc: 1.0000
[2023-04-18 22:31:54,271][test.py][line:56][INFO] current batch testing result... Test Loss: 0.0002, Test Acc: 1.0000
[2023-04-18 22:31:54,280][test.py][line:56][INFO] current batch testing result... Test Loss: 0.0046, Test Acc: 1.0000
[2023-04-18 22:31:54,288][test.py][line:56][INFO] current batch testing result... Test Loss: 0.0449, Test Acc: 0.9688
[2023-04-18 22:31:54,303][test.py][line:56][INFO] current batch testing result... Test Loss: 0.0107, Test Acc: 1.0000
[2023-04-18 22:31:54,311][test.py][line:56][INFO] current batch testing result... Test Loss: 0.0052, Test Acc: 1.0000
[2023-04-18 22:31:54,321][test.py][line:56][INFO] current batch testing result... Test Loss: 0.0045, Test Acc: 1.0000
[2023-04-18 22:31:54,331][test.py][line:56][INFO] current batch testing result... Test Loss: 0.0001, Test Acc: 1.0000
[2023-04-18 22:31:54,339][test.py][line:56][INFO] current batch testing result... Test Loss: 0.0012, Test Acc: 1.0000
[2023-04-18 22:31:54,348][test.py][line:56][INFO] current batch testing result... Test Loss: 0.0010, Test Acc: 1.0000
[2023-04-18 22:31:54,356][test.py][line:56][INFO] current batch testing result... Test Loss: 0.1113, Test Acc: 0.9688
[2023-04-18 22:31:54,364][test.py][line:56][INFO] current batch testing result... Test Loss: 0.0380, Test Acc: 0.9688
[2023-04-18 22:31:54,372][test.py][line:56][INFO] current batch testing result... Test Loss: 0.0141, Test Acc: 1.0000
[2023-04-18 22:31:54,380][test.py][line:56][INFO] current batch testing result... Test Loss: 0.0014, Test Acc: 1.0000
[2023-04-18 22:31:54,387][test.py][line:56][INFO] current batch testing result... Test Loss: 0.0249, Test Acc: 1.0000
[2023-04-18 22:31:54,395][test.py][line:56][INFO] current batch testing result... Test Loss: 0.0008, Test Acc: 1.0000
[2023-04-18 22:31:54,402][test.py][line:56][INFO] current batch testing result... Test Loss: 0.0004, Test Acc: 1.0000
[2023-04-18 22:31:54,410][test.py][line:56][INFO] current batch testing result... Test Loss: 0.0005, Test Acc: 1.0000
[2023-04-18 22:31:54,418][test.py][line:56][INFO] current batch testing result... Test Loss: 0.0015, Test Acc: 1.0000
[2023-04-18 22:31:54,426][test.py][line:56][INFO] current batch testing result... Test Loss: 0.0290, Test Acc: 0.9688
[2023-04-18 22:31:54,433][test.py][line:56][INFO] current batch testing result... Test Loss: 0.0004, Test Acc: 1.0000
[2023-04-18 22:31:54,441][test.py][line:56][INFO] current batch testing result... Test Loss: 0.0106, Test Acc: 1.0000
[2023-04-18 22:31:54,450][test.py][line:56][INFO] current batch testing result... Test Loss: 0.0592, Test Acc: 1.0000
[2023-04-18 22:31:54,457][test.py][line:56][INFO] current batch testing result... Test Loss: 0.0071, Test Acc: 1.0000
[2023-04-18 22:31:54,466][test.py][line:56][INFO] current batch testing result... Test Loss: 0.0546, Test Acc: 0.9688
[2023-04-18 22:31:54,475][test.py][line:56][INFO] current batch testing result... Test Loss: 0.0402, Test Acc: 1.0000
[2023-04-18 22:31:54,484][test.py][line:56][INFO] current batch testing result... Test Loss: 0.0045, Test Acc: 1.0000
[2023-04-18 22:31:54,501][test.py][line:56][INFO] current batch testing result... Test Loss: 0.0024, Test Acc: 1.0000
[2023-04-18 22:31:54,510][test.py][line:56][INFO] current batch testing result... Test Loss: 0.0022, Test Acc: 1.0000
[2023-04-18 22:31:54,518][test.py][line:56][INFO] current batch testing result... Test Loss: 0.1526, Test Acc: 0.9688
[2023-04-18 22:31:54,526][test.py][line:56][INFO] current batch testing result... Test Loss: 0.0128, Test Acc: 1.0000
[2023-04-18 22:31:54,537][test.py][line:56][INFO] current batch testing result... Test Loss: 0.0067, Test Acc: 1.0000
[2023-04-18 22:31:54,550][test.py][line:56][INFO] current batch testing result... Test Loss: 0.0008, Test Acc: 1.0000
[2023-04-18 22:31:54,558][test.py][line:56][INFO] current batch testing result... Test Loss: 0.0011, Test Acc: 1.0000
[2023-04-18 22:31:54,566][test.py][line:56][INFO] current batch testing result... Test Loss: 0.0144, Test Acc: 1.0000
[2023-04-18 22:31:54,574][test.py][line:56][INFO] current batch testing result... Test Loss: 0.0343, Test Acc: 1.0000
[2023-04-18 22:31:54,582][test.py][line:56][INFO] current batch testing result... Test Loss: 0.0436, Test Acc: 0.9688
[2023-04-18 22:31:54,590][test.py][line:56][INFO] current batch testing result... Test Loss: 0.0253, Test Acc: 0.9688
[2023-04-18 22:31:54,600][test.py][line:56][INFO] current batch testing result... Test Loss: 0.0755, Test Acc: 0.9688
[2023-04-18 22:31:54,608][test.py][line:56][INFO] current batch testing result... Test Loss: 0.0156, Test Acc: 1.0000
[2023-04-18 22:31:54,616][test.py][line:56][INFO] current batch testing result... Test Loss: 0.0665, Test Acc: 0.9688
[2023-04-18 22:31:54,623][test.py][line:56][INFO] current batch testing result... Test Loss: 0.0002, Test Acc: 1.0000
[2023-04-18 22:31:54,631][test.py][line:56][INFO] current batch testing result... Test Loss: 0.0132, Test Acc: 1.0000
[2023-04-18 22:31:54,639][test.py][line:56][INFO] current batch testing result... Test Loss: 0.0214, Test Acc: 1.0000
[2023-04-18 22:31:54,648][test.py][line:56][INFO] current batch testing result... Test Loss: 0.2796, Test Acc: 0.9062
[2023-04-18 22:31:54,656][test.py][line:56][INFO] current batch testing result... Test Loss: 0.0002, Test Acc: 1.0000
[2023-04-18 22:31:54,663][test.py][line:56][INFO] current batch testing result... Test Loss: 0.0005, Test Acc: 1.0000
[2023-04-18 22:31:54,671][test.py][line:56][INFO] current batch testing result... Test Loss: 0.0002, Test Acc: 1.0000
[2023-04-18 22:31:54,679][test.py][line:56][INFO] current batch testing result... Test Loss: 0.0001, Test Acc: 1.0000
[2023-04-18 22:31:54,686][test.py][line:56][INFO] current batch testing result... Test Loss: 0.0003, Test Acc: 1.0000
[2023-04-18 22:31:54,694][test.py][line:56][INFO] current batch testing result... Test Loss: 0.0002, Test Acc: 1.0000
[2023-04-18 22:31:54,703][test.py][line:56][INFO] current batch testing result... Test Loss: 0.0002, Test Acc: 1.0000
[2023-04-18 22:31:54,711][test.py][line:56][INFO] current batch testing result... Test Loss: 0.0000, Test Acc: 1.0000
[2023-04-18 22:31:54,720][test.py][line:56][INFO] current batch testing result... Test Loss: 0.0001, Test Acc: 1.0000
[2023-04-18 22:31:54,728][test.py][line:56][INFO] current batch testing result... Test Loss: 0.0416, Test Acc: 0.9688
[2023-04-18 22:31:54,736][test.py][line:56][INFO] current batch testing result... Test Loss: 0.0000, Test Acc: 1.0000
[2023-04-18 22:31:54,744][test.py][line:56][INFO] current batch testing result... Test Loss: 0.0000, Test Acc: 1.0000
[2023-04-18 22:31:54,752][test.py][line:56][INFO] current batch testing result... Test Loss: 0.0005, Test Acc: 1.0000
[2023-04-18 22:31:54,759][test.py][line:56][INFO] current batch testing result... Test Loss: 0.0000, Test Acc: 1.0000
[2023-04-18 22:31:54,767][test.py][line:56][INFO] current batch testing result... Test Loss: 0.3612, Test Acc: 0.9375
[2023-04-18 22:31:54,775][test.py][line:56][INFO] current batch testing result... Test Loss: 0.2177, Test Acc: 0.9688
[2023-04-18 22:31:54,783][test.py][line:56][INFO] current batch testing result... Test Loss: 0.0151, Test Acc: 1.0000
[2023-04-18 22:31:54,790][test.py][line:56][INFO] current batch testing result... Test Loss: 0.0008, Test Acc: 1.0000
[2023-04-18 22:31:54,797][test.py][line:56][INFO] current batch testing result... Test Loss: 0.0002, Test Acc: 1.0000
[2023-04-18 22:31:54,805][test.py][line:56][INFO] current batch testing result... Test Loss: 0.0028, Test Acc: 1.0000
[2023-04-18 22:31:54,815][test.py][line:56][INFO] current batch testing result... Test Loss: 0.0370, Test Acc: 0.9688
[2023-04-18 22:31:54,822][test.py][line:56][INFO] current batch testing result... Test Loss: 0.0000, Test Acc: 1.0000
[2023-04-18 22:31:54,831][test.py][line:56][INFO] current batch testing result... Test Loss: 0.0005, Test Acc: 1.0000
[2023-04-18 22:31:54,842][test.py][line:56][INFO] current batch testing result... Test Loss: 0.0470, Test Acc: 0.9688
[2023-04-18 22:31:54,852][test.py][line:56][INFO] current batch testing result... Test Loss: 0.0050, Test Acc: 1.0000
[2023-04-18 22:31:54,863][test.py][line:56][INFO] current batch testing result... Test Loss: 0.0016, Test Acc: 1.0000
[2023-04-18 22:31:54,873][test.py][line:56][INFO] current batch testing result... Test Loss: 0.0682, Test Acc: 0.9688
[2023-04-18 22:31:54,883][test.py][line:56][INFO] current batch testing result... Test Loss: 0.0029, Test Acc: 1.0000
[2023-04-18 22:31:54,892][test.py][line:56][INFO] current batch testing result... Test Loss: 0.0021, Test Acc: 1.0000
[2023-04-18 22:31:54,900][test.py][line:56][INFO] current batch testing result... Test Loss: 0.0017, Test Acc: 1.0000
[2023-04-18 22:31:54,908][test.py][line:56][INFO] current batch testing result... Test Loss: 0.0238, Test Acc: 1.0000
[2023-04-18 22:31:54,916][test.py][line:56][INFO] current batch testing result... Test Loss: 0.0596, Test Acc: 0.9688
[2023-04-18 22:31:54,924][test.py][line:56][INFO] current batch testing result... Test Loss: 0.1450, Test Acc: 0.9688
[2023-04-18 22:31:54,932][test.py][line:56][INFO] current batch testing result... Test Loss: 0.0005, Test Acc: 1.0000
[2023-04-18 22:31:54,939][test.py][line:56][INFO] current batch testing result... Test Loss: 0.1021, Test Acc: 0.9688
[2023-04-18 22:31:54,947][test.py][line:56][INFO] current batch testing result... Test Loss: 0.0585, Test Acc: 1.0000
[2023-04-18 22:31:54,954][test.py][line:56][INFO] current batch testing result... Test Loss: 0.0108, Test Acc: 1.0000
[2023-04-18 22:31:54,966][test.py][line:56][INFO] current batch testing result... Test Loss: 0.4034, Test Acc: 0.9375
[2023-04-18 22:31:54,974][test.py][line:56][INFO] current batch testing result... Test Loss: 0.3468, Test Acc: 0.9062
[2023-04-18 22:31:54,982][test.py][line:56][INFO] current batch testing result... Test Loss: 0.0763, Test Acc: 0.9688
[2023-04-18 22:31:54,989][test.py][line:56][INFO] current batch testing result... Test Loss: 0.1368, Test Acc: 0.9375
[2023-04-18 22:31:54,997][test.py][line:56][INFO] current batch testing result... Test Loss: 0.0703, Test Acc: 0.9375
[2023-04-18 22:31:55,005][test.py][line:56][INFO] current batch testing result... Test Loss: 0.0142, Test Acc: 1.0000
[2023-04-18 22:31:55,015][test.py][line:56][INFO] current batch testing result... Test Loss: 0.0346, Test Acc: 0.9688
[2023-04-18 22:31:55,022][test.py][line:56][INFO] current batch testing result... Test Loss: 0.1326, Test Acc: 0.9688
[2023-04-18 22:31:55,027][test.py][line:56][INFO] current batch testing result... Test Loss: 0.0007, Test Acc: 0.5000
[2023-04-18 22:31:55,030][test.py][line:70][INFO] total test loss: 0.0891, average test accuracy: 0.9715
