[2023-04-04 19:56:15,458][train.py][line:18][INFO] Start trainning......
[2023-04-04 19:56:23,872][train.py][line:53][INFO] Epoch:[1/5]	 loss=0.90575	 acc=0.600
[2023-04-04 19:56:29,716][train.py][line:53][INFO] Epoch:[2/5]	 loss=0.41506	 acc=0.867
[2023-04-04 19:56:35,512][train.py][line:53][INFO] Epoch:[3/5]	 loss=0.54261	 acc=0.867
[2023-04-04 19:56:41,496][train.py][line:53][INFO] Epoch:[4/5]	 loss=0.28245	 acc=0.933
[2023-04-04 19:56:47,311][train.py][line:53][INFO] Epoch:[5/5]	 loss=0.44167	 acc=0.933
[2023-04-04 19:56:47,312][train.py][line:58][INFO] Finish training!
[2023-04-04 19:56:50,729][test.py][line:11][INFO] Start testing...
[2023-04-04 19:56:50,749][test.py][line:49][INFO] current batch testing result... Test Loss: 0.0347, Test Acc: 1.0000
[2023-04-04 19:56:50,761][test.py][line:49][INFO] current batch testing result... Test Loss: 0.0897, Test Acc: 1.0000
[2023-04-04 19:56:50,774][test.py][line:49][INFO] current batch testing result... Test Loss: 0.0818, Test Acc: 1.0000
[2023-04-04 19:56:50,791][test.py][line:49][INFO] current batch testing result... Test Loss: 0.0995, Test Acc: 1.0000
[2023-04-04 19:56:50,809][test.py][line:49][INFO] current batch testing result... Test Loss: 0.0491, Test Acc: 1.0000
[2023-04-04 19:56:50,828][test.py][line:49][INFO] current batch testing result... Test Loss: 0.0701, Test Acc: 1.0000
[2023-04-04 19:56:50,841][test.py][line:49][INFO] current batch testing result... Test Loss: 0.1352, Test Acc: 0.9688
[2023-04-04 19:56:50,854][test.py][line:49][INFO] current batch testing result... Test Loss: 0.1491, Test Acc: 0.9688
[2023-04-04 19:56:50,868][test.py][line:49][INFO] current batch testing result... Test Loss: 0.2368, Test Acc: 0.9688
[2023-04-04 19:56:50,881][test.py][line:49][INFO] current batch testing result... Test Loss: 0.2109, Test Acc: 0.9062
[2023-04-04 19:56:50,894][test.py][line:49][INFO] current batch testing result... Test Loss: 0.2817, Test Acc: 0.9062
[2023-04-04 19:56:50,910][test.py][line:49][INFO] current batch testing result... Test Loss: 0.0682, Test Acc: 1.0000
[2023-04-04 19:56:50,923][test.py][line:49][INFO] current batch testing result... Test Loss: 0.0960, Test Acc: 0.9688
[2023-04-04 19:56:50,969][test.py][line:49][INFO] current batch testing result... Test Loss: 0.2322, Test Acc: 0.9062
[2023-04-04 19:56:50,980][test.py][line:49][INFO] current batch testing result... Test Loss: 0.1837, Test Acc: 0.9375
[2023-04-04 19:56:50,990][test.py][line:49][INFO] current batch testing result... Test Loss: 0.1190, Test Acc: 0.9688
[2023-04-04 19:56:51,002][test.py][line:49][INFO] current batch testing result... Test Loss: 0.1148, Test Acc: 0.9688
[2023-04-04 19:56:51,013][test.py][line:49][INFO] current batch testing result... Test Loss: 0.1735, Test Acc: 0.9375
[2023-04-04 19:56:51,023][test.py][line:49][INFO] current batch testing result... Test Loss: 0.2126, Test Acc: 0.9375
[2023-04-04 19:56:51,037][test.py][line:49][INFO] current batch testing result... Test Loss: 0.0787, Test Acc: 1.0000
[2023-04-04 19:56:51,047][test.py][line:49][INFO] current batch testing result... Test Loss: 0.1372, Test Acc: 0.9375
[2023-04-04 19:56:51,057][test.py][line:49][INFO] current batch testing result... Test Loss: 0.1495, Test Acc: 0.9062
[2023-04-04 19:56:51,070][test.py][line:49][INFO] current batch testing result... Test Loss: 0.2003, Test Acc: 0.9375
[2023-04-04 19:56:51,080][test.py][line:49][INFO] current batch testing result... Test Loss: 0.0935, Test Acc: 0.9688
[2023-04-04 19:56:51,091][test.py][line:49][INFO] current batch testing result... Test Loss: 0.0534, Test Acc: 1.0000
[2023-04-04 19:56:51,103][test.py][line:49][INFO] current batch testing result... Test Loss: 0.1390, Test Acc: 0.9688
[2023-04-04 19:56:51,114][test.py][line:49][INFO] current batch testing result... Test Loss: 0.0965, Test Acc: 0.9688
[2023-04-04 19:56:51,128][test.py][line:49][INFO] current batch testing result... Test Loss: 0.1119, Test Acc: 0.9375
[2023-04-04 19:56:51,140][test.py][line:49][INFO] current batch testing result... Test Loss: 0.2120, Test Acc: 0.9375
[2023-04-04 19:56:51,151][test.py][line:49][INFO] current batch testing result... Test Loss: 0.3733, Test Acc: 0.8438
[2023-04-04 19:56:51,162][test.py][line:49][INFO] current batch testing result... Test Loss: 0.3071, Test Acc: 0.9375
[2023-04-04 19:56:51,174][test.py][line:49][INFO] current batch testing result... Test Loss: 0.2388, Test Acc: 0.9688
[2023-04-04 19:56:51,186][test.py][line:49][INFO] current batch testing result... Test Loss: 0.1741, Test Acc: 0.9375
[2023-04-04 19:56:51,198][test.py][line:49][INFO] current batch testing result... Test Loss: 0.1966, Test Acc: 0.9062
[2023-04-04 19:56:51,209][test.py][line:49][INFO] current batch testing result... Test Loss: 0.2672, Test Acc: 0.9062
[2023-04-04 19:56:51,220][test.py][line:49][INFO] current batch testing result... Test Loss: 0.0950, Test Acc: 0.9688
[2023-04-04 19:56:51,231][test.py][line:49][INFO] current batch testing result... Test Loss: 0.1678, Test Acc: 0.9062
[2023-04-04 19:56:51,242][test.py][line:49][INFO] current batch testing result... Test Loss: 0.1442, Test Acc: 0.9688
[2023-04-04 19:56:51,253][test.py][line:49][INFO] current batch testing result... Test Loss: 0.5801, Test Acc: 0.8750
[2023-04-04 19:56:51,264][test.py][line:49][INFO] current batch testing result... Test Loss: 0.1338, Test Acc: 0.9688
[2023-04-04 19:56:51,273][test.py][line:49][INFO] current batch testing result... Test Loss: 0.2345, Test Acc: 0.9062
[2023-04-04 19:56:51,285][test.py][line:49][INFO] current batch testing result... Test Loss: 0.3182, Test Acc: 0.9062
[2023-04-04 19:56:51,294][test.py][line:49][INFO] current batch testing result... Test Loss: 0.0792, Test Acc: 1.0000
[2023-04-04 19:56:51,304][test.py][line:49][INFO] current batch testing result... Test Loss: 0.1312, Test Acc: 0.9688
[2023-04-04 19:56:51,313][test.py][line:49][INFO] current batch testing result... Test Loss: 0.1622, Test Acc: 0.9375
[2023-04-04 19:56:51,323][test.py][line:49][INFO] current batch testing result... Test Loss: 0.1929, Test Acc: 0.9688
[2023-04-04 19:56:51,334][test.py][line:49][INFO] current batch testing result... Test Loss: 0.0703, Test Acc: 0.9688
[2023-04-04 19:56:51,343][test.py][line:49][INFO] current batch testing result... Test Loss: 0.3229, Test Acc: 0.9375
[2023-04-04 19:56:51,352][test.py][line:49][INFO] current batch testing result... Test Loss: 0.2394, Test Acc: 0.9375
[2023-04-04 19:56:51,361][test.py][line:49][INFO] current batch testing result... Test Loss: 0.1163, Test Acc: 0.9688
[2023-04-04 19:56:51,371][test.py][line:49][INFO] current batch testing result... Test Loss: 0.1746, Test Acc: 0.9062
[2023-04-04 19:56:51,405][test.py][line:49][INFO] current batch testing result... Test Loss: 0.0676, Test Acc: 1.0000
[2023-04-04 19:56:51,414][test.py][line:49][INFO] current batch testing result... Test Loss: 0.4369, Test Acc: 0.9375
[2023-04-04 19:56:51,423][test.py][line:49][INFO] current batch testing result... Test Loss: 0.2404, Test Acc: 0.9062
[2023-04-04 19:56:51,434][test.py][line:49][INFO] current batch testing result... Test Loss: 0.2646, Test Acc: 0.9688
[2023-04-04 19:56:51,443][test.py][line:49][INFO] current batch testing result... Test Loss: 0.1319, Test Acc: 0.9375
[2023-04-04 19:56:51,453][test.py][line:49][INFO] current batch testing result... Test Loss: 0.1559, Test Acc: 0.9375
[2023-04-04 19:56:51,462][test.py][line:49][INFO] current batch testing result... Test Loss: 0.1346, Test Acc: 0.9688
[2023-04-04 19:56:51,471][test.py][line:49][INFO] current batch testing result... Test Loss: 0.1292, Test Acc: 0.9688
[2023-04-04 19:56:51,480][test.py][line:49][INFO] current batch testing result... Test Loss: 0.1910, Test Acc: 0.8750
[2023-04-04 19:56:51,490][test.py][line:49][INFO] current batch testing result... Test Loss: 0.0738, Test Acc: 1.0000
[2023-04-04 19:56:51,501][test.py][line:49][INFO] current batch testing result... Test Loss: 0.2083, Test Acc: 0.9375
[2023-04-04 19:56:51,511][test.py][line:49][INFO] current batch testing result... Test Loss: 0.1546, Test Acc: 0.9688
[2023-04-04 19:56:51,520][test.py][line:49][INFO] current batch testing result... Test Loss: 0.4287, Test Acc: 0.8438
[2023-04-04 19:56:51,529][test.py][line:49][INFO] current batch testing result... Test Loss: 0.1640, Test Acc: 0.9375
[2023-04-04 19:56:51,539][test.py][line:49][INFO] current batch testing result... Test Loss: 0.2674, Test Acc: 0.9375
[2023-04-04 19:56:51,548][test.py][line:49][INFO] current batch testing result... Test Loss: 0.3425, Test Acc: 0.8750
[2023-04-04 19:56:51,561][test.py][line:49][INFO] current batch testing result... Test Loss: 0.0949, Test Acc: 0.9688
[2023-04-04 19:56:51,570][test.py][line:49][INFO] current batch testing result... Test Loss: 0.4743, Test Acc: 0.8438
[2023-04-04 19:56:51,579][test.py][line:49][INFO] current batch testing result... Test Loss: 0.0709, Test Acc: 1.0000
[2023-04-04 19:56:51,588][test.py][line:49][INFO] current batch testing result... Test Loss: 0.1139, Test Acc: 0.9688
[2023-04-04 19:56:51,597][test.py][line:49][INFO] current batch testing result... Test Loss: 0.2408, Test Acc: 0.9062
[2023-04-04 19:56:51,607][test.py][line:49][INFO] current batch testing result... Test Loss: 0.1017, Test Acc: 0.9688
[2023-04-04 19:56:51,618][test.py][line:49][INFO] current batch testing result... Test Loss: 0.0712, Test Acc: 0.9688
[2023-04-04 19:56:51,627][test.py][line:49][INFO] current batch testing result... Test Loss: 0.3069, Test Acc: 0.9375
[2023-04-04 19:56:51,637][test.py][line:49][INFO] current batch testing result... Test Loss: 0.1886, Test Acc: 0.9688
[2023-04-04 19:56:51,646][test.py][line:49][INFO] current batch testing result... Test Loss: 0.1968, Test Acc: 0.9375
[2023-04-04 19:56:51,656][test.py][line:49][INFO] current batch testing result... Test Loss: 0.0356, Test Acc: 1.0000
[2023-04-04 19:56:51,667][test.py][line:49][INFO] current batch testing result... Test Loss: 0.0422, Test Acc: 1.0000
[2023-04-04 19:56:51,676][test.py][line:49][INFO] current batch testing result... Test Loss: 0.0663, Test Acc: 1.0000
[2023-04-04 19:56:51,685][test.py][line:49][INFO] current batch testing result... Test Loss: 0.1474, Test Acc: 0.9375
[2023-04-04 19:56:51,694][test.py][line:49][INFO] current batch testing result... Test Loss: 0.1806, Test Acc: 0.9375
[2023-04-04 19:56:51,704][test.py][line:49][INFO] current batch testing result... Test Loss: 0.1543, Test Acc: 0.9375
[2023-04-04 19:56:51,714][test.py][line:49][INFO] current batch testing result... Test Loss: 0.0457, Test Acc: 1.0000
[2023-04-04 19:56:51,723][test.py][line:49][INFO] current batch testing result... Test Loss: 0.0912, Test Acc: 0.9688
[2023-04-04 19:56:51,734][test.py][line:49][INFO] current batch testing result... Test Loss: 0.1824, Test Acc: 0.9375
[2023-04-04 19:56:51,743][test.py][line:49][INFO] current batch testing result... Test Loss: 0.2578, Test Acc: 0.9375
[2023-04-04 19:56:51,754][test.py][line:49][INFO] current batch testing result... Test Loss: 0.0785, Test Acc: 1.0000
[2023-04-04 19:56:51,763][test.py][line:49][INFO] current batch testing result... Test Loss: 0.0658, Test Acc: 1.0000
[2023-04-04 19:56:51,772][test.py][line:49][INFO] current batch testing result... Test Loss: 0.0984, Test Acc: 0.9688
[2023-04-04 19:56:51,786][test.py][line:49][INFO] current batch testing result... Test Loss: 0.2027, Test Acc: 0.9375
[2023-04-04 19:56:51,795][test.py][line:49][INFO] current batch testing result... Test Loss: 0.1400, Test Acc: 0.9688
[2023-04-04 19:56:51,805][test.py][line:49][INFO] current batch testing result... Test Loss: 0.2688, Test Acc: 0.9375
[2023-04-04 19:56:51,814][test.py][line:49][INFO] current batch testing result... Test Loss: 0.2014, Test Acc: 0.9062
[2023-04-04 19:56:51,823][test.py][line:49][INFO] current batch testing result... Test Loss: 0.1117, Test Acc: 0.9375
[2023-04-04 19:56:51,835][test.py][line:49][INFO] current batch testing result... Test Loss: 0.2065, Test Acc: 0.9375
[2023-04-04 19:56:51,844][test.py][line:49][INFO] current batch testing result... Test Loss: 0.2401, Test Acc: 0.9688
[2023-04-04 19:56:51,853][test.py][line:49][INFO] current batch testing result... Test Loss: 0.3517, Test Acc: 0.9062
[2023-04-04 19:56:51,863][test.py][line:49][INFO] current batch testing result... Test Loss: 0.1605, Test Acc: 0.9375
[2023-04-04 19:56:51,873][test.py][line:49][INFO] current batch testing result... Test Loss: 0.0435, Test Acc: 1.0000
[2023-04-04 19:56:51,885][test.py][line:49][INFO] current batch testing result... Test Loss: 0.2054, Test Acc: 0.9375
[2023-04-04 19:56:51,895][test.py][line:49][INFO] current batch testing result... Test Loss: 0.1067, Test Acc: 0.9688
[2023-04-04 19:56:51,904][test.py][line:49][INFO] current batch testing result... Test Loss: 0.1417, Test Acc: 0.9375
[2023-04-04 19:56:51,913][test.py][line:49][INFO] current batch testing result... Test Loss: 0.0995, Test Acc: 0.9375
[2023-04-04 19:56:51,922][test.py][line:49][INFO] current batch testing result... Test Loss: 0.2123, Test Acc: 0.9375
[2023-04-04 19:56:51,933][test.py][line:49][INFO] current batch testing result... Test Loss: 0.1550, Test Acc: 0.9375
[2023-04-04 19:56:51,943][test.py][line:49][INFO] current batch testing result... Test Loss: 0.1490, Test Acc: 0.9375
[2023-04-04 19:56:51,952][test.py][line:49][INFO] current batch testing result... Test Loss: 0.0770, Test Acc: 1.0000
[2023-04-04 19:56:51,962][test.py][line:49][INFO] current batch testing result... Test Loss: 0.1348, Test Acc: 0.9688
[2023-04-04 19:56:51,971][test.py][line:49][INFO] current batch testing result... Test Loss: 0.1530, Test Acc: 0.9375
[2023-04-04 19:56:51,980][test.py][line:49][INFO] current batch testing result... Test Loss: 0.2929, Test Acc: 0.8750
[2023-04-04 19:56:51,989][test.py][line:49][INFO] current batch testing result... Test Loss: 0.1310, Test Acc: 0.9375
[2023-04-04 19:56:51,999][test.py][line:49][INFO] current batch testing result... Test Loss: 0.3137, Test Acc: 0.9062
[2023-04-04 19:56:52,050][test.py][line:49][INFO] current batch testing result... Test Loss: 0.0711, Test Acc: 1.0000
[2023-04-04 19:56:52,060][test.py][line:49][INFO] current batch testing result... Test Loss: 0.0764, Test Acc: 1.0000
[2023-04-04 19:56:52,069][test.py][line:49][INFO] current batch testing result... Test Loss: 0.0583, Test Acc: 0.9688
[2023-04-04 19:56:52,087][test.py][line:49][INFO] current batch testing result... Test Loss: 0.1815, Test Acc: 0.9062
[2023-04-04 19:56:52,099][test.py][line:49][INFO] current batch testing result... Test Loss: 0.3795, Test Acc: 0.9688
[2023-04-04 19:56:52,109][test.py][line:49][INFO] current batch testing result... Test Loss: 0.3417, Test Acc: 0.9375
[2023-04-04 19:56:52,118][test.py][line:49][INFO] current batch testing result... Test Loss: 0.3476, Test Acc: 0.8438
[2023-04-04 19:56:52,128][test.py][line:49][INFO] current batch testing result... Test Loss: 0.2177, Test Acc: 0.9062
[2023-04-04 19:56:52,137][test.py][line:49][INFO] current batch testing result... Test Loss: 0.0603, Test Acc: 1.0000
[2023-04-04 19:56:52,147][test.py][line:49][INFO] current batch testing result... Test Loss: 0.3656, Test Acc: 0.9375
[2023-04-04 19:56:52,163][test.py][line:49][INFO] current batch testing result... Test Loss: 0.2138, Test Acc: 0.8750
[2023-04-04 19:56:52,172][test.py][line:49][INFO] current batch testing result... Test Loss: 0.0708, Test Acc: 1.0000
[2023-04-04 19:56:52,182][test.py][line:49][INFO] current batch testing result... Test Loss: 0.1803, Test Acc: 0.9062
[2023-04-04 19:56:52,192][test.py][line:49][INFO] current batch testing result... Test Loss: 0.0779, Test Acc: 0.9688
[2023-04-04 19:56:52,202][test.py][line:49][INFO] current batch testing result... Test Loss: 0.3086, Test Acc: 0.9062
[2023-04-04 19:56:52,211][test.py][line:49][INFO] current batch testing result... Test Loss: 0.0931, Test Acc: 0.9688
[2023-04-04 19:56:52,220][test.py][line:49][INFO] current batch testing result... Test Loss: 0.1138, Test Acc: 0.9688
[2023-04-04 19:56:52,229][test.py][line:49][INFO] current batch testing result... Test Loss: 0.1766, Test Acc: 0.9375
[2023-04-04 19:56:52,238][test.py][line:49][INFO] current batch testing result... Test Loss: 0.4049, Test Acc: 0.8750
[2023-04-04 19:56:52,248][test.py][line:49][INFO] current batch testing result... Test Loss: 0.2472, Test Acc: 0.9062
[2023-04-04 19:56:52,259][test.py][line:49][INFO] current batch testing result... Test Loss: 0.2265, Test Acc: 0.9375
[2023-04-04 19:56:52,272][test.py][line:49][INFO] current batch testing result... Test Loss: 0.2269, Test Acc: 0.9375
[2023-04-04 19:56:52,280][test.py][line:49][INFO] current batch testing result... Test Loss: 0.0577, Test Acc: 1.0000
[2023-04-04 19:56:52,289][test.py][line:49][INFO] current batch testing result... Test Loss: 0.1479, Test Acc: 0.9375
[2023-04-04 19:56:52,300][test.py][line:49][INFO] current batch testing result... Test Loss: 0.0554, Test Acc: 1.0000
[2023-04-04 19:56:52,309][test.py][line:49][INFO] current batch testing result... Test Loss: 0.1382, Test Acc: 0.9375
[2023-04-04 19:56:52,319][test.py][line:49][INFO] current batch testing result... Test Loss: 0.1465, Test Acc: 0.9375
[2023-04-04 19:56:52,328][test.py][line:49][INFO] current batch testing result... Test Loss: 0.2269, Test Acc: 0.9062
[2023-04-04 19:56:52,337][test.py][line:49][INFO] current batch testing result... Test Loss: 0.0259, Test Acc: 1.0000
[2023-04-04 19:56:52,346][test.py][line:49][INFO] current batch testing result... Test Loss: 0.1248, Test Acc: 0.9375
[2023-04-04 19:56:52,357][test.py][line:49][INFO] current batch testing result... Test Loss: 0.1202, Test Acc: 0.9688
[2023-04-04 19:56:52,370][test.py][line:49][INFO] current batch testing result... Test Loss: 0.1584, Test Acc: 0.9375
[2023-04-04 19:56:52,379][test.py][line:49][INFO] current batch testing result... Test Loss: 0.1233, Test Acc: 0.9688
[2023-04-04 19:56:52,388][test.py][line:49][INFO] current batch testing result... Test Loss: 0.0792, Test Acc: 0.9688
[2023-04-04 19:56:52,398][test.py][line:49][INFO] current batch testing result... Test Loss: 0.1568, Test Acc: 0.9688
[2023-04-04 19:56:52,408][test.py][line:49][INFO] current batch testing result... Test Loss: 0.1974, Test Acc: 0.9375
[2023-04-04 19:56:52,418][test.py][line:49][INFO] current batch testing result... Test Loss: 0.0667, Test Acc: 1.0000
[2023-04-04 19:56:52,428][test.py][line:49][INFO] current batch testing result... Test Loss: 0.3567, Test Acc: 0.8750
[2023-04-04 19:56:52,441][test.py][line:49][INFO] current batch testing result... Test Loss: 0.1265, Test Acc: 0.9375
[2023-04-04 19:56:52,452][test.py][line:49][INFO] current batch testing result... Test Loss: 0.4961, Test Acc: 0.8750
[2023-04-04 19:56:52,461][test.py][line:49][INFO] current batch testing result... Test Loss: 0.0538, Test Acc: 1.0000
[2023-04-04 19:56:52,470][test.py][line:49][INFO] current batch testing result... Test Loss: 0.1768, Test Acc: 0.9375
[2023-04-04 19:56:52,480][test.py][line:49][INFO] current batch testing result... Test Loss: 0.2053, Test Acc: 0.9375
[2023-04-04 19:56:52,489][test.py][line:49][INFO] current batch testing result... Test Loss: 0.0105, Test Acc: 1.0000
[2023-04-04 19:56:52,499][test.py][line:49][INFO] current batch testing result... Test Loss: 0.0175, Test Acc: 1.0000
[2023-04-04 19:56:52,508][test.py][line:49][INFO] current batch testing result... Test Loss: 0.0717, Test Acc: 0.9688
[2023-04-04 19:56:52,519][test.py][line:49][INFO] current batch testing result... Test Loss: 0.0136, Test Acc: 1.0000
[2023-04-04 19:56:52,529][test.py][line:49][INFO] current batch testing result... Test Loss: 0.0455, Test Acc: 1.0000
[2023-04-04 19:56:52,540][test.py][line:49][INFO] current batch testing result... Test Loss: 0.1392, Test Acc: 0.9062
[2023-04-04 19:56:52,555][test.py][line:49][INFO] current batch testing result... Test Loss: 0.0517, Test Acc: 1.0000
[2023-04-04 19:56:52,578][test.py][line:49][INFO] current batch testing result... Test Loss: 0.0158, Test Acc: 1.0000
[2023-04-04 19:56:52,587][test.py][line:49][INFO] current batch testing result... Test Loss: 0.0601, Test Acc: 0.9688
[2023-04-04 19:56:52,596][test.py][line:49][INFO] current batch testing result... Test Loss: 0.0748, Test Acc: 0.9688
[2023-04-04 19:56:52,606][test.py][line:49][INFO] current batch testing result... Test Loss: 0.0105, Test Acc: 1.0000
[2023-04-04 19:56:52,620][test.py][line:49][INFO] current batch testing result... Test Loss: 0.0156, Test Acc: 1.0000
[2023-04-04 19:56:52,629][test.py][line:49][INFO] current batch testing result... Test Loss: 0.0166, Test Acc: 1.0000
[2023-04-04 19:56:52,638][test.py][line:49][INFO] current batch testing result... Test Loss: 0.0540, Test Acc: 0.9688
[2023-04-04 19:56:52,647][test.py][line:49][INFO] current batch testing result... Test Loss: 0.0098, Test Acc: 1.0000
[2023-04-04 19:56:52,658][test.py][line:49][INFO] current batch testing result... Test Loss: 0.0167, Test Acc: 1.0000
[2023-04-04 19:56:52,668][test.py][line:49][INFO] current batch testing result... Test Loss: 0.0308, Test Acc: 1.0000
[2023-04-04 19:56:52,677][test.py][line:49][INFO] current batch testing result... Test Loss: 0.0532, Test Acc: 1.0000
[2023-04-04 19:56:52,686][test.py][line:49][INFO] current batch testing result... Test Loss: 0.0283, Test Acc: 1.0000
[2023-04-04 19:56:52,696][test.py][line:49][INFO] current batch testing result... Test Loss: 0.0964, Test Acc: 0.9688
[2023-04-04 19:56:52,706][test.py][line:49][INFO] current batch testing result... Test Loss: 0.0539, Test Acc: 1.0000
[2023-04-04 19:56:52,717][test.py][line:49][INFO] current batch testing result... Test Loss: 0.0847, Test Acc: 0.9688
[2023-04-04 19:56:52,727][test.py][line:49][INFO] current batch testing result... Test Loss: 0.0642, Test Acc: 1.0000
[2023-04-04 19:56:52,736][test.py][line:49][INFO] current batch testing result... Test Loss: 0.1625, Test Acc: 0.9375
[2023-04-04 19:56:52,745][test.py][line:49][INFO] current batch testing result... Test Loss: 0.0083, Test Acc: 1.0000
[2023-04-04 19:56:52,754][test.py][line:49][INFO] current batch testing result... Test Loss: 0.0083, Test Acc: 1.0000
[2023-04-04 19:56:52,763][test.py][line:49][INFO] current batch testing result... Test Loss: 0.2335, Test Acc: 0.9375
[2023-04-04 19:56:52,773][test.py][line:49][INFO] current batch testing result... Test Loss: 0.2052, Test Acc: 0.9375
[2023-04-04 19:56:52,783][test.py][line:49][INFO] current batch testing result... Test Loss: 0.2271, Test Acc: 0.9062
[2023-04-04 19:56:52,792][test.py][line:49][INFO] current batch testing result... Test Loss: 0.1149, Test Acc: 0.9688
[2023-04-04 19:56:52,802][test.py][line:49][INFO] current batch testing result... Test Loss: 0.2673, Test Acc: 0.9375
[2023-04-04 19:56:52,811][test.py][line:49][INFO] current batch testing result... Test Loss: 0.1786, Test Acc: 0.9688
[2023-04-04 19:56:52,826][test.py][line:49][INFO] current batch testing result... Test Loss: 0.2199, Test Acc: 0.9375
[2023-04-04 19:56:52,836][test.py][line:49][INFO] current batch testing result... Test Loss: 0.1830, Test Acc: 0.9375
[2023-04-04 19:56:52,845][test.py][line:49][INFO] current batch testing result... Test Loss: 0.2341, Test Acc: 0.9375
[2023-04-04 19:56:52,854][test.py][line:49][INFO] current batch testing result... Test Loss: 0.0466, Test Acc: 1.0000
[2023-04-04 19:56:52,863][test.py][line:49][INFO] current batch testing result... Test Loss: 0.3271, Test Acc: 0.8750
[2023-04-04 19:56:52,879][test.py][line:49][INFO] current batch testing result... Test Loss: 0.0031, Test Acc: 1.0000
[2023-04-04 19:56:52,888][test.py][line:49][INFO] current batch testing result... Test Loss: 0.0042, Test Acc: 1.0000
[2023-04-04 19:56:52,899][test.py][line:49][INFO] current batch testing result... Test Loss: 0.0069, Test Acc: 1.0000
[2023-04-04 19:56:52,913][test.py][line:49][INFO] current batch testing result... Test Loss: 0.0026, Test Acc: 1.0000
[2023-04-04 19:56:52,924][test.py][line:49][INFO] current batch testing result... Test Loss: 0.0052, Test Acc: 1.0000
[2023-04-04 19:56:52,937][test.py][line:49][INFO] current batch testing result... Test Loss: 0.0195, Test Acc: 1.0000
[2023-04-04 19:56:52,947][test.py][line:49][INFO] current batch testing result... Test Loss: 0.0270, Test Acc: 1.0000
[2023-04-04 19:56:52,958][test.py][line:49][INFO] current batch testing result... Test Loss: 0.0262, Test Acc: 1.0000
[2023-04-04 19:56:52,973][test.py][line:49][INFO] current batch testing result... Test Loss: 0.0140, Test Acc: 1.0000
[2023-04-04 19:56:52,985][test.py][line:49][INFO] current batch testing result... Test Loss: 0.0314, Test Acc: 0.9688
[2023-04-04 19:56:52,994][test.py][line:49][INFO] current batch testing result... Test Loss: 0.2238, Test Acc: 0.9688
[2023-04-04 19:56:53,003][test.py][line:49][INFO] current batch testing result... Test Loss: 0.1463, Test Acc: 0.9375
[2023-04-04 19:56:53,012][test.py][line:49][INFO] current batch testing result... Test Loss: 0.3514, Test Acc: 0.8750
[2023-04-04 19:56:53,022][test.py][line:49][INFO] current batch testing result... Test Loss: 0.2590, Test Acc: 0.9062
[2023-04-04 19:56:53,031][test.py][line:49][INFO] current batch testing result... Test Loss: 0.2276, Test Acc: 0.9062
[2023-04-04 19:56:53,040][test.py][line:49][INFO] current batch testing result... Test Loss: 0.0304, Test Acc: 1.0000
[2023-04-04 19:56:53,053][test.py][line:49][INFO] current batch testing result... Test Loss: 0.0278, Test Acc: 1.0000
[2023-04-04 19:56:53,062][test.py][line:49][INFO] current batch testing result... Test Loss: 0.1483, Test Acc: 0.9688
[2023-04-04 19:56:53,071][test.py][line:49][INFO] current batch testing result... Test Loss: 0.1157, Test Acc: 0.9688
[2023-04-04 19:56:53,089][test.py][line:49][INFO] current batch testing result... Test Loss: 0.0591, Test Acc: 1.0000
[2023-04-04 19:56:53,104][test.py][line:49][INFO] current batch testing result... Test Loss: 0.0120, Test Acc: 1.0000
[2023-04-04 19:56:53,113][test.py][line:49][INFO] current batch testing result... Test Loss: 0.0492, Test Acc: 0.9688
[2023-04-04 19:56:53,122][test.py][line:49][INFO] current batch testing result... Test Loss: 0.1806, Test Acc: 0.9688
[2023-04-04 19:56:53,136][test.py][line:49][INFO] current batch testing result... Test Loss: 0.0240, Test Acc: 1.0000
[2023-04-04 19:56:53,146][test.py][line:49][INFO] current batch testing result... Test Loss: 0.0281, Test Acc: 0.9688
[2023-04-04 19:56:53,155][test.py][line:49][INFO] current batch testing result... Test Loss: 0.0298, Test Acc: 1.0000
[2023-04-04 19:56:53,166][test.py][line:49][INFO] current batch testing result... Test Loss: 0.0137, Test Acc: 1.0000
[2023-04-04 19:56:53,175][test.py][line:49][INFO] current batch testing result... Test Loss: 0.0159, Test Acc: 1.0000
[2023-04-04 19:56:53,185][test.py][line:49][INFO] current batch testing result... Test Loss: 0.0641, Test Acc: 0.9688
[2023-04-04 19:56:53,194][test.py][line:49][INFO] current batch testing result... Test Loss: 0.0964, Test Acc: 0.9688
[2023-04-04 19:56:53,204][test.py][line:49][INFO] current batch testing result... Test Loss: 0.0082, Test Acc: 1.0000
[2023-04-04 19:56:53,213][test.py][line:49][INFO] current batch testing result... Test Loss: 0.0419, Test Acc: 1.0000
[2023-04-04 19:56:53,222][test.py][line:49][INFO] current batch testing result... Test Loss: 0.0437, Test Acc: 1.0000
[2023-04-04 19:56:53,236][test.py][line:49][INFO] current batch testing result... Test Loss: 0.1376, Test Acc: 0.9375
[2023-04-04 19:56:53,246][test.py][line:49][INFO] current batch testing result... Test Loss: 0.0317, Test Acc: 1.0000
[2023-04-04 19:56:53,255][test.py][line:49][INFO] current batch testing result... Test Loss: 0.0064, Test Acc: 1.0000
[2023-04-04 19:56:53,264][test.py][line:49][INFO] current batch testing result... Test Loss: 0.0177, Test Acc: 1.0000
[2023-04-04 19:56:53,274][test.py][line:49][INFO] current batch testing result... Test Loss: 0.0090, Test Acc: 1.0000
[2023-04-04 19:56:53,284][test.py][line:49][INFO] current batch testing result... Test Loss: 0.0586, Test Acc: 0.9688
[2023-04-04 19:56:53,294][test.py][line:49][INFO] current batch testing result... Test Loss: 0.1244, Test Acc: 0.9375
[2023-04-04 19:56:53,303][test.py][line:49][INFO] current batch testing result... Test Loss: 0.0759, Test Acc: 1.0000
[2023-04-04 19:56:53,313][test.py][line:49][INFO] current batch testing result... Test Loss: 0.0854, Test Acc: 0.9688
[2023-04-04 19:56:53,322][test.py][line:49][INFO] current batch testing result... Test Loss: 0.0238, Test Acc: 1.0000
[2023-04-04 19:56:53,332][test.py][line:49][INFO] current batch testing result... Test Loss: 0.0246, Test Acc: 1.0000
[2023-04-04 19:56:53,342][test.py][line:49][INFO] current batch testing result... Test Loss: 0.0351, Test Acc: 1.0000
[2023-04-04 19:56:53,355][test.py][line:49][INFO] current batch testing result... Test Loss: 0.0446, Test Acc: 1.0000
[2023-04-04 19:56:53,370][test.py][line:49][INFO] current batch testing result... Test Loss: 0.0221, Test Acc: 1.0000
[2023-04-04 19:56:53,379][test.py][line:49][INFO] current batch testing result... Test Loss: 0.0304, Test Acc: 1.0000
[2023-04-04 19:56:53,388][test.py][line:49][INFO] current batch testing result... Test Loss: 0.0563, Test Acc: 0.9688
[2023-04-04 19:56:53,397][test.py][line:49][INFO] current batch testing result... Test Loss: 0.0079, Test Acc: 1.0000
[2023-04-04 19:56:53,407][test.py][line:49][INFO] current batch testing result... Test Loss: 0.0134, Test Acc: 1.0000
[2023-04-04 19:56:53,418][test.py][line:49][INFO] current batch testing result... Test Loss: 0.0316, Test Acc: 1.0000
[2023-04-04 19:56:53,427][test.py][line:49][INFO] current batch testing result... Test Loss: 0.1609, Test Acc: 0.9688
[2023-04-04 19:56:53,436][test.py][line:49][INFO] current batch testing result... Test Loss: 0.0699, Test Acc: 1.0000
[2023-04-04 19:56:53,445][test.py][line:49][INFO] current batch testing result... Test Loss: 0.0907, Test Acc: 0.9688
[2023-04-04 19:56:53,454][test.py][line:49][INFO] current batch testing result... Test Loss: 0.0111, Test Acc: 1.0000
[2023-04-04 19:56:53,464][test.py][line:49][INFO] current batch testing result... Test Loss: 0.0178, Test Acc: 1.0000
[2023-04-04 19:56:53,473][test.py][line:49][INFO] current batch testing result... Test Loss: 0.0109, Test Acc: 1.0000
[2023-04-04 19:56:53,483][test.py][line:49][INFO] current batch testing result... Test Loss: 0.0319, Test Acc: 1.0000
[2023-04-04 19:56:53,492][test.py][line:49][INFO] current batch testing result... Test Loss: 0.2059, Test Acc: 0.9062
[2023-04-04 19:56:53,501][test.py][line:49][INFO] current batch testing result... Test Loss: 0.0244, Test Acc: 1.0000
[2023-04-04 19:56:53,509][test.py][line:49][INFO] current batch testing result... Test Loss: 0.0151, Test Acc: 1.0000
[2023-04-04 19:56:53,519][test.py][line:49][INFO] current batch testing result... Test Loss: 0.0449, Test Acc: 1.0000
[2023-04-04 19:56:53,533][test.py][line:49][INFO] current batch testing result... Test Loss: 0.0399, Test Acc: 1.0000
[2023-04-04 19:56:53,542][test.py][line:49][INFO] current batch testing result... Test Loss: 0.0865, Test Acc: 0.9688
[2023-04-04 19:56:53,552][test.py][line:49][INFO] current batch testing result... Test Loss: 0.1010, Test Acc: 0.9688
[2023-04-04 19:56:53,568][test.py][line:49][INFO] current batch testing result... Test Loss: 0.0760, Test Acc: 1.0000
[2023-04-04 19:56:53,578][test.py][line:49][INFO] current batch testing result... Test Loss: 0.0565, Test Acc: 1.0000
[2023-04-04 19:56:53,587][test.py][line:49][INFO] current batch testing result... Test Loss: 0.0263, Test Acc: 1.0000
[2023-04-04 19:56:53,637][test.py][line:49][INFO] current batch testing result... Test Loss: 0.0946, Test Acc: 0.9688
[2023-04-04 19:56:53,646][test.py][line:49][INFO] current batch testing result... Test Loss: 0.0231, Test Acc: 1.0000
[2023-04-04 19:56:53,657][test.py][line:49][INFO] current batch testing result... Test Loss: 0.0291, Test Acc: 1.0000
[2023-04-04 19:56:53,668][test.py][line:49][INFO] current batch testing result... Test Loss: 0.0255, Test Acc: 1.0000
[2023-04-04 19:56:53,678][test.py][line:49][INFO] current batch testing result... Test Loss: 0.0967, Test Acc: 0.9688
[2023-04-04 19:56:53,687][test.py][line:49][INFO] current batch testing result... Test Loss: 0.0114, Test Acc: 1.0000
[2023-04-04 19:56:53,696][test.py][line:49][INFO] current batch testing result... Test Loss: 0.0397, Test Acc: 1.0000
[2023-04-04 19:56:53,705][test.py][line:49][INFO] current batch testing result... Test Loss: 0.0321, Test Acc: 1.0000
[2023-04-04 19:56:53,716][test.py][line:49][INFO] current batch testing result... Test Loss: 0.0101, Test Acc: 1.0000
[2023-04-04 19:56:53,725][test.py][line:49][INFO] current batch testing result... Test Loss: 0.0036, Test Acc: 1.0000
[2023-04-04 19:56:53,735][test.py][line:49][INFO] current batch testing result... Test Loss: 0.0087, Test Acc: 1.0000
[2023-04-04 19:56:53,744][test.py][line:49][INFO] current batch testing result... Test Loss: 0.0104, Test Acc: 1.0000
[2023-04-04 19:56:53,756][test.py][line:49][INFO] current batch testing result... Test Loss: 0.0047, Test Acc: 1.0000
[2023-04-04 19:56:53,768][test.py][line:49][INFO] current batch testing result... Test Loss: 0.0048, Test Acc: 1.0000
[2023-04-04 19:56:53,778][test.py][line:49][INFO] current batch testing result... Test Loss: 0.0041, Test Acc: 1.0000
[2023-04-04 19:56:53,788][test.py][line:49][INFO] current batch testing result... Test Loss: 0.0089, Test Acc: 1.0000
[2023-04-04 19:56:53,796][test.py][line:49][INFO] current batch testing result... Test Loss: 0.0057, Test Acc: 1.0000
[2023-04-04 19:56:53,805][test.py][line:49][INFO] current batch testing result... Test Loss: 0.0119, Test Acc: 1.0000
[2023-04-04 19:56:53,815][test.py][line:49][INFO] current batch testing result... Test Loss: 0.0079, Test Acc: 1.0000
[2023-04-04 19:56:53,825][test.py][line:49][INFO] current batch testing result... Test Loss: 0.3807, Test Acc: 0.9062
[2023-04-04 19:56:53,834][test.py][line:49][INFO] current batch testing result... Test Loss: 0.3383, Test Acc: 0.8750
[2023-04-04 19:56:53,844][test.py][line:49][INFO] current batch testing result... Test Loss: 0.0390, Test Acc: 1.0000
[2023-04-04 19:56:53,853][test.py][line:49][INFO] current batch testing result... Test Loss: 0.0657, Test Acc: 0.9688
[2023-04-04 19:56:53,862][test.py][line:49][INFO] current batch testing result... Test Loss: 0.0342, Test Acc: 1.0000
[2023-04-04 19:56:53,871][test.py][line:49][INFO] current batch testing result... Test Loss: 0.0714, Test Acc: 0.9688
[2023-04-04 19:56:53,895][test.py][line:49][INFO] current batch testing result... Test Loss: 0.0293, Test Acc: 1.0000
[2023-04-04 19:56:53,905][test.py][line:49][INFO] current batch testing result... Test Loss: 0.0154, Test Acc: 1.0000
[2023-04-04 19:56:53,916][test.py][line:49][INFO] current batch testing result... Test Loss: 0.0255, Test Acc: 1.0000
[2023-04-04 19:56:53,925][test.py][line:49][INFO] current batch testing result... Test Loss: 0.0622, Test Acc: 0.9688
[2023-04-04 19:56:53,935][test.py][line:49][INFO] current batch testing result... Test Loss: 0.0357, Test Acc: 1.0000
[2023-04-04 19:56:53,944][test.py][line:49][INFO] current batch testing result... Test Loss: 0.0099, Test Acc: 1.0000
[2023-04-04 19:56:53,954][test.py][line:49][INFO] current batch testing result... Test Loss: 0.0168, Test Acc: 1.0000
[2023-04-04 19:56:53,964][test.py][line:49][INFO] current batch testing result... Test Loss: 0.0241, Test Acc: 1.0000
[2023-04-04 19:56:53,976][test.py][line:49][INFO] current batch testing result... Test Loss: 0.0681, Test Acc: 0.9688
[2023-04-04 19:56:53,985][test.py][line:49][INFO] current batch testing result... Test Loss: 0.0139, Test Acc: 1.0000
[2023-04-04 19:56:53,994][test.py][line:49][INFO] current batch testing result... Test Loss: 0.0244, Test Acc: 1.0000
[2023-04-04 19:56:54,005][test.py][line:49][INFO] current batch testing result... Test Loss: 0.0598, Test Acc: 1.0000
[2023-04-04 19:56:54,016][test.py][line:49][INFO] current batch testing result... Test Loss: 0.0222, Test Acc: 1.0000
[2023-04-04 19:56:54,025][test.py][line:49][INFO] current batch testing result... Test Loss: 0.0453, Test Acc: 1.0000
[2023-04-04 19:56:54,035][test.py][line:49][INFO] current batch testing result... Test Loss: 0.2534, Test Acc: 0.8750
[2023-04-04 19:56:54,044][test.py][line:49][INFO] current batch testing result... Test Loss: 0.0901, Test Acc: 0.9688
[2023-04-04 19:56:54,053][test.py][line:49][INFO] current batch testing result... Test Loss: 0.1258, Test Acc: 1.0000
[2023-04-04 19:56:54,062][test.py][line:49][INFO] current batch testing result... Test Loss: 0.2825, Test Acc: 0.9062
[2023-04-04 19:56:54,072][test.py][line:49][INFO] current batch testing result... Test Loss: 0.3864, Test Acc: 0.9062
[2023-04-04 19:56:54,082][test.py][line:49][INFO] current batch testing result... Test Loss: 0.0459, Test Acc: 1.0000
[2023-04-04 19:56:54,091][test.py][line:49][INFO] current batch testing result... Test Loss: 0.1198, Test Acc: 0.9688
[2023-04-04 19:56:54,100][test.py][line:49][INFO] current batch testing result... Test Loss: 0.2449, Test Acc: 0.9062
[2023-04-04 19:56:54,109][test.py][line:49][INFO] current batch testing result... Test Loss: 0.1871, Test Acc: 0.9375
[2023-04-04 19:56:54,118][test.py][line:49][INFO] current batch testing result... Test Loss: 0.1642, Test Acc: 0.9688
[2023-04-04 19:56:54,127][test.py][line:49][INFO] current batch testing result... Test Loss: 0.1520, Test Acc: 0.9375
[2023-04-04 19:56:54,134][test.py][line:49][INFO] current batch testing result... Test Loss: 0.0087, Test Acc: 0.5000
[2023-04-04 19:56:54,136][test.py][line:63][INFO] total test loss: 0.1236, average test accuracy: 0.9625
