[2023-04-10 20:40:00,569][train.py][line:19][INFO] Start trainning......
[2023-04-10 20:40:01,195][train.py][line:54][INFO] Epoch:[1/50]	 loss=0.95623	 acc=0.739
[2023-04-10 20:40:01,778][train.py][line:54][INFO] Epoch:[2/50]	 loss=0.84841	 acc=0.696
[2023-04-10 20:40:02,477][train.py][line:54][INFO] Epoch:[3/50]	 loss=0.50281	 acc=0.783
[2023-04-10 20:40:03,208][train.py][line:54][INFO] Epoch:[4/50]	 loss=0.15214	 acc=0.957
[2023-04-10 20:40:03,930][train.py][line:54][INFO] Epoch:[5/50]	 loss=0.17595	 acc=1.000
[2023-04-10 20:40:04,638][train.py][line:54][INFO] Epoch:[6/50]	 loss=0.07735	 acc=1.000
[2023-04-10 20:40:05,294][train.py][line:54][INFO] Epoch:[7/50]	 loss=0.10824	 acc=1.000
[2023-04-10 20:40:05,852][train.py][line:54][INFO] Epoch:[8/50]	 loss=0.07063	 acc=1.000
[2023-04-10 20:40:06,404][train.py][line:54][INFO] Epoch:[9/50]	 loss=0.02985	 acc=1.000
[2023-04-10 20:40:06,937][train.py][line:54][INFO] Epoch:[10/50]	 loss=0.03226	 acc=1.000
[2023-04-10 20:40:07,473][train.py][line:54][INFO] Epoch:[11/50]	 loss=0.02059	 acc=1.000
[2023-04-10 20:40:08,011][train.py][line:54][INFO] Epoch:[12/50]	 loss=0.03439	 acc=1.000
[2023-04-10 20:40:08,545][train.py][line:54][INFO] Epoch:[13/50]	 loss=0.02243	 acc=1.000
[2023-04-10 20:40:09,086][train.py][line:54][INFO] Epoch:[14/50]	 loss=0.01218	 acc=1.000
[2023-04-10 20:40:09,627][train.py][line:54][INFO] Epoch:[15/50]	 loss=0.01290	 acc=1.000
[2023-04-10 20:40:10,164][train.py][line:54][INFO] Epoch:[16/50]	 loss=0.00969	 acc=1.000
[2023-04-10 20:40:10,698][train.py][line:54][INFO] Epoch:[17/50]	 loss=0.00920	 acc=1.000
[2023-04-10 20:40:11,234][train.py][line:54][INFO] Epoch:[18/50]	 loss=0.00850	 acc=1.000
[2023-04-10 20:40:11,769][train.py][line:54][INFO] Epoch:[19/50]	 loss=0.00951	 acc=1.000
[2023-04-10 20:40:12,306][train.py][line:54][INFO] Epoch:[20/50]	 loss=0.00835	 acc=1.000
[2023-04-10 20:40:12,839][train.py][line:54][INFO] Epoch:[21/50]	 loss=0.00891	 acc=1.000
[2023-04-10 20:40:13,375][train.py][line:54][INFO] Epoch:[22/50]	 loss=0.00700	 acc=1.000
[2023-04-10 20:40:13,910][train.py][line:54][INFO] Epoch:[23/50]	 loss=0.00447	 acc=1.000
[2023-04-10 20:40:14,442][train.py][line:54][INFO] Epoch:[24/50]	 loss=0.00474	 acc=1.000
[2023-04-10 20:40:14,976][train.py][line:54][INFO] Epoch:[25/50]	 loss=0.00460	 acc=1.000
[2023-04-10 20:40:15,508][train.py][line:54][INFO] Epoch:[26/50]	 loss=0.00563	 acc=1.000
[2023-04-10 20:40:16,039][train.py][line:54][INFO] Epoch:[27/50]	 loss=0.00487	 acc=1.000
[2023-04-10 20:40:16,575][train.py][line:54][INFO] Epoch:[28/50]	 loss=0.00476	 acc=1.000
[2023-04-10 20:40:17,129][train.py][line:54][INFO] Epoch:[29/50]	 loss=0.00313	 acc=1.000
[2023-04-10 20:40:17,680][train.py][line:54][INFO] Epoch:[30/50]	 loss=0.00290	 acc=1.000
[2023-04-10 20:40:18,234][train.py][line:54][INFO] Epoch:[31/50]	 loss=0.00320	 acc=1.000
[2023-04-10 20:40:18,787][train.py][line:54][INFO] Epoch:[32/50]	 loss=0.00324	 acc=1.000
[2023-04-10 20:40:19,441][train.py][line:54][INFO] Epoch:[33/50]	 loss=0.00229	 acc=1.000
[2023-04-10 20:40:20,174][train.py][line:54][INFO] Epoch:[34/50]	 loss=0.00232	 acc=1.000
[2023-04-10 20:40:20,841][train.py][line:54][INFO] Epoch:[35/50]	 loss=0.00244	 acc=1.000
[2023-04-10 20:40:21,396][train.py][line:54][INFO] Epoch:[36/50]	 loss=0.00273	 acc=1.000
[2023-04-10 20:40:21,950][train.py][line:54][INFO] Epoch:[37/50]	 loss=0.00125	 acc=1.000
[2023-04-10 20:40:22,505][train.py][line:54][INFO] Epoch:[38/50]	 loss=0.00083	 acc=1.000
[2023-04-10 20:40:23,066][train.py][line:54][INFO] Epoch:[39/50]	 loss=0.00134	 acc=1.000
[2023-04-10 20:40:23,626][train.py][line:54][INFO] Epoch:[40/50]	 loss=0.00195	 acc=1.000
[2023-04-10 20:40:24,181][train.py][line:54][INFO] Epoch:[41/50]	 loss=0.00124	 acc=1.000
[2023-04-10 20:40:24,853][train.py][line:54][INFO] Epoch:[42/50]	 loss=0.00131	 acc=1.000
[2023-04-10 20:40:25,580][train.py][line:54][INFO] Epoch:[43/50]	 loss=0.00171	 acc=1.000
[2023-04-10 20:40:26,306][train.py][line:54][INFO] Epoch:[44/50]	 loss=0.00146	 acc=1.000
[2023-04-10 20:40:27,033][train.py][line:54][INFO] Epoch:[45/50]	 loss=0.00181	 acc=1.000
[2023-04-10 20:40:27,761][train.py][line:54][INFO] Epoch:[46/50]	 loss=0.00069	 acc=1.000
[2023-04-10 20:40:28,486][train.py][line:54][INFO] Epoch:[47/50]	 loss=0.00131	 acc=1.000
[2023-04-10 20:40:29,099][train.py][line:54][INFO] Epoch:[48/50]	 loss=0.00109	 acc=1.000
[2023-04-10 20:40:29,703][train.py][line:54][INFO] Epoch:[49/50]	 loss=0.00132	 acc=1.000
[2023-04-10 20:40:30,261][train.py][line:54][INFO] Epoch:[50/50]	 loss=0.00067	 acc=1.000
[2023-04-10 20:40:30,261][train.py][line:59][INFO] Finish training!
[2023-04-10 20:40:43,064][test.py][line:12][INFO] Start testing...
[2023-04-10 20:40:43,086][test.py][line:55][INFO] current batch testing result... Test Loss: 0.2803, Test Acc: 0.9062
[2023-04-10 20:40:43,101][test.py][line:55][INFO] current batch testing result... Test Loss: 0.4011, Test Acc: 0.9062
[2023-04-10 20:40:43,116][test.py][line:55][INFO] current batch testing result... Test Loss: 0.5213, Test Acc: 0.8750
[2023-04-10 20:40:43,131][test.py][line:55][INFO] current batch testing result... Test Loss: 0.4587, Test Acc: 0.8750
[2023-04-10 20:40:43,146][test.py][line:55][INFO] current batch testing result... Test Loss: 0.5504, Test Acc: 0.8438
[2023-04-10 20:40:43,161][test.py][line:55][INFO] current batch testing result... Test Loss: 0.0177, Test Acc: 1.0000
[2023-04-10 20:40:43,175][test.py][line:55][INFO] current batch testing result... Test Loss: 0.5089, Test Acc: 0.8750
[2023-04-10 20:40:43,187][test.py][line:55][INFO] current batch testing result... Test Loss: 0.7599, Test Acc: 0.8750
[2023-04-10 20:40:43,199][test.py][line:55][INFO] current batch testing result... Test Loss: 0.2720, Test Acc: 0.9375
[2023-04-10 20:40:43,211][test.py][line:55][INFO] current batch testing result... Test Loss: 0.8471, Test Acc: 0.7812
[2023-04-10 20:40:43,222][test.py][line:55][INFO] current batch testing result... Test Loss: 0.7127, Test Acc: 0.8125
[2023-04-10 20:40:43,234][test.py][line:55][INFO] current batch testing result... Test Loss: 0.7020, Test Acc: 0.8438
[2023-04-10 20:40:43,246][test.py][line:55][INFO] current batch testing result... Test Loss: 0.3556, Test Acc: 0.9062
[2023-04-10 20:40:43,258][test.py][line:55][INFO] current batch testing result... Test Loss: 0.6544, Test Acc: 0.8438
[2023-04-10 20:40:43,270][test.py][line:55][INFO] current batch testing result... Test Loss: 1.0520, Test Acc: 0.7812
[2023-04-10 20:40:43,282][test.py][line:55][INFO] current batch testing result... Test Loss: 0.2899, Test Acc: 0.8438
[2023-04-10 20:40:43,294][test.py][line:55][INFO] current batch testing result... Test Loss: 0.6356, Test Acc: 0.7500
[2023-04-10 20:40:43,306][test.py][line:55][INFO] current batch testing result... Test Loss: 0.8649, Test Acc: 0.8125
[2023-04-10 20:40:43,318][test.py][line:55][INFO] current batch testing result... Test Loss: 0.6221, Test Acc: 0.8438
[2023-04-10 20:40:43,330][test.py][line:55][INFO] current batch testing result... Test Loss: 0.9907, Test Acc: 0.7500
[2023-04-10 20:40:43,342][test.py][line:55][INFO] current batch testing result... Test Loss: 0.4524, Test Acc: 0.9062
[2023-04-10 20:40:43,354][test.py][line:55][INFO] current batch testing result... Test Loss: 0.9014, Test Acc: 0.8438
[2023-04-10 20:40:43,365][test.py][line:55][INFO] current batch testing result... Test Loss: 1.1701, Test Acc: 0.8438
[2023-04-10 20:40:43,377][test.py][line:55][INFO] current batch testing result... Test Loss: 0.6077, Test Acc: 0.9062
[2023-04-10 20:40:43,389][test.py][line:55][INFO] current batch testing result... Test Loss: 0.1987, Test Acc: 0.9375
[2023-04-10 20:40:43,401][test.py][line:55][INFO] current batch testing result... Test Loss: 0.1250, Test Acc: 0.9688
[2023-04-10 20:40:43,413][test.py][line:55][INFO] current batch testing result... Test Loss: 0.4323, Test Acc: 0.8438
[2023-04-10 20:40:43,425][test.py][line:55][INFO] current batch testing result... Test Loss: 0.3224, Test Acc: 0.8750
[2023-04-10 20:40:43,437][test.py][line:55][INFO] current batch testing result... Test Loss: 0.7390, Test Acc: 0.8438
[2023-04-10 20:40:43,449][test.py][line:55][INFO] current batch testing result... Test Loss: 1.3395, Test Acc: 0.7812
[2023-04-10 20:40:43,460][test.py][line:55][INFO] current batch testing result... Test Loss: 0.5420, Test Acc: 0.8125
[2023-04-10 20:40:43,472][test.py][line:55][INFO] current batch testing result... Test Loss: 0.7653, Test Acc: 0.8750
[2023-04-10 20:40:43,484][test.py][line:55][INFO] current batch testing result... Test Loss: 0.5621, Test Acc: 0.8125
[2023-04-10 20:40:43,496][test.py][line:55][INFO] current batch testing result... Test Loss: 0.5526, Test Acc: 0.8438
[2023-04-10 20:40:43,508][test.py][line:55][INFO] current batch testing result... Test Loss: 1.3991, Test Acc: 0.7500
[2023-04-10 20:40:43,520][test.py][line:55][INFO] current batch testing result... Test Loss: 0.1718, Test Acc: 0.9688
[2023-04-10 20:40:43,536][test.py][line:55][INFO] current batch testing result... Test Loss: 0.5561, Test Acc: 0.8125
[2023-04-10 20:40:43,548][test.py][line:55][INFO] current batch testing result... Test Loss: 1.2397, Test Acc: 0.7188
[2023-04-10 20:40:43,560][test.py][line:55][INFO] current batch testing result... Test Loss: 1.6313, Test Acc: 0.7500
[2023-04-10 20:40:43,572][test.py][line:55][INFO] current batch testing result... Test Loss: 0.7997, Test Acc: 0.8125
[2023-04-10 20:40:43,584][test.py][line:55][INFO] current batch testing result... Test Loss: 0.8476, Test Acc: 0.8125
[2023-04-10 20:40:43,596][test.py][line:55][INFO] current batch testing result... Test Loss: 0.9142, Test Acc: 0.7812
[2023-04-10 20:40:43,607][test.py][line:55][INFO] current batch testing result... Test Loss: 0.1568, Test Acc: 0.9375
[2023-04-10 20:40:43,619][test.py][line:55][INFO] current batch testing result... Test Loss: 0.5424, Test Acc: 0.8125
[2023-04-10 20:40:43,633][test.py][line:55][INFO] current batch testing result... Test Loss: 0.4938, Test Acc: 0.7500
[2023-04-10 20:40:43,644][test.py][line:55][INFO] current batch testing result... Test Loss: 0.8454, Test Acc: 0.7500
[2023-04-10 20:40:43,656][test.py][line:55][INFO] current batch testing result... Test Loss: 0.9874, Test Acc: 0.8438
[2023-04-10 20:40:43,668][test.py][line:55][INFO] current batch testing result... Test Loss: 1.1023, Test Acc: 0.7500
[2023-04-10 20:40:43,680][test.py][line:55][INFO] current batch testing result... Test Loss: 0.8439, Test Acc: 0.8125
[2023-04-10 20:40:43,692][test.py][line:55][INFO] current batch testing result... Test Loss: 0.5032, Test Acc: 0.8438
[2023-04-10 20:40:43,704][test.py][line:55][INFO] current batch testing result... Test Loss: 0.7099, Test Acc: 0.8750
[2023-04-10 20:40:43,716][test.py][line:55][INFO] current batch testing result... Test Loss: 0.2656, Test Acc: 0.8750
[2023-04-10 20:40:43,732][test.py][line:55][INFO] current batch testing result... Test Loss: 0.7860, Test Acc: 0.8750
[2023-04-10 20:40:43,744][test.py][line:55][INFO] current batch testing result... Test Loss: 1.0832, Test Acc: 0.8125
[2023-04-10 20:40:43,756][test.py][line:55][INFO] current batch testing result... Test Loss: 0.9585, Test Acc: 0.7500
[2023-04-10 20:40:43,768][test.py][line:55][INFO] current batch testing result... Test Loss: 0.6288, Test Acc: 0.9375
[2023-04-10 20:40:43,780][test.py][line:55][INFO] current batch testing result... Test Loss: 0.2449, Test Acc: 0.9062
[2023-04-10 20:40:43,792][test.py][line:55][INFO] current batch testing result... Test Loss: 0.5032, Test Acc: 0.8750
[2023-04-10 20:40:43,803][test.py][line:55][INFO] current batch testing result... Test Loss: 0.3927, Test Acc: 0.8438
[2023-04-10 20:40:43,815][test.py][line:55][INFO] current batch testing result... Test Loss: 0.4424, Test Acc: 0.8125
[2023-04-10 20:40:43,827][test.py][line:55][INFO] current batch testing result... Test Loss: 0.3328, Test Acc: 0.8750
[2023-04-10 20:40:43,841][test.py][line:55][INFO] current batch testing result... Test Loss: 0.6169, Test Acc: 0.7812
[2023-04-10 20:40:43,853][test.py][line:55][INFO] current batch testing result... Test Loss: 0.3028, Test Acc: 0.9062
[2023-04-10 20:40:43,865][test.py][line:55][INFO] current batch testing result... Test Loss: 2.1528, Test Acc: 0.7188
[2023-04-10 20:40:43,876][test.py][line:55][INFO] current batch testing result... Test Loss: 0.9613, Test Acc: 0.7500
[2023-04-10 20:40:43,888][test.py][line:55][INFO] current batch testing result... Test Loss: 0.4862, Test Acc: 0.8438
[2023-04-10 20:40:43,900][test.py][line:55][INFO] current batch testing result... Test Loss: 1.5431, Test Acc: 0.8125
[2023-04-10 20:40:43,912][test.py][line:55][INFO] current batch testing result... Test Loss: 0.1293, Test Acc: 0.9375
[2023-04-10 20:40:43,923][test.py][line:55][INFO] current batch testing result... Test Loss: 1.5879, Test Acc: 0.7812
[2023-04-10 20:40:43,940][test.py][line:55][INFO] current batch testing result... Test Loss: 0.5464, Test Acc: 0.8750
[2023-04-10 20:40:43,958][test.py][line:55][INFO] current batch testing result... Test Loss: 0.4644, Test Acc: 0.9375
[2023-04-10 20:40:43,977][test.py][line:55][INFO] current batch testing result... Test Loss: 1.5880, Test Acc: 0.8750
[2023-04-10 20:40:43,996][test.py][line:55][INFO] current batch testing result... Test Loss: 0.4757, Test Acc: 0.8438
[2023-04-10 20:40:44,007][test.py][line:55][INFO] current batch testing result... Test Loss: 0.5881, Test Acc: 0.8438
[2023-04-10 20:40:44,019][test.py][line:55][INFO] current batch testing result... Test Loss: 1.6376, Test Acc: 0.6250
[2023-04-10 20:40:44,031][test.py][line:55][INFO] current batch testing result... Test Loss: 0.9699, Test Acc: 0.7188
[2023-04-10 20:40:44,043][test.py][line:55][INFO] current batch testing result... Test Loss: 0.6068, Test Acc: 0.8438
[2023-04-10 20:40:44,055][test.py][line:55][INFO] current batch testing result... Test Loss: 0.2338, Test Acc: 0.8750
[2023-04-10 20:40:44,067][test.py][line:55][INFO] current batch testing result... Test Loss: 0.5934, Test Acc: 0.7812
[2023-04-10 20:40:44,079][test.py][line:55][INFO] current batch testing result... Test Loss: 0.5051, Test Acc: 0.9375
[2023-04-10 20:40:44,091][test.py][line:55][INFO] current batch testing result... Test Loss: 0.5765, Test Acc: 0.7500
[2023-04-10 20:40:44,102][test.py][line:55][INFO] current batch testing result... Test Loss: 1.3152, Test Acc: 0.7500
[2023-04-10 20:40:44,114][test.py][line:55][INFO] current batch testing result... Test Loss: 0.4270, Test Acc: 0.8438
[2023-04-10 20:40:44,126][test.py][line:55][INFO] current batch testing result... Test Loss: 0.2662, Test Acc: 0.9062
[2023-04-10 20:40:44,138][test.py][line:55][INFO] current batch testing result... Test Loss: 0.4205, Test Acc: 0.8750
[2023-04-10 20:40:44,150][test.py][line:55][INFO] current batch testing result... Test Loss: 0.4833, Test Acc: 0.8125
[2023-04-10 20:40:44,162][test.py][line:55][INFO] current batch testing result... Test Loss: 0.7172, Test Acc: 0.9062
[2023-04-10 20:40:44,173][test.py][line:55][INFO] current batch testing result... Test Loss: 0.2926, Test Acc: 0.9062
[2023-04-10 20:40:44,186][test.py][line:55][INFO] current batch testing result... Test Loss: 0.5804, Test Acc: 0.8750
[2023-04-10 20:40:44,198][test.py][line:55][INFO] current batch testing result... Test Loss: 0.4237, Test Acc: 0.8438
[2023-04-10 20:40:44,210][test.py][line:55][INFO] current batch testing result... Test Loss: 0.6106, Test Acc: 0.8438
[2023-04-10 20:40:44,221][test.py][line:55][INFO] current batch testing result... Test Loss: 0.5076, Test Acc: 0.9375
[2023-04-10 20:40:44,233][test.py][line:55][INFO] current batch testing result... Test Loss: 0.6522, Test Acc: 0.8438
[2023-04-10 20:40:44,245][test.py][line:55][INFO] current batch testing result... Test Loss: 0.4009, Test Acc: 0.8750
[2023-04-10 20:40:44,257][test.py][line:55][INFO] current batch testing result... Test Loss: 0.1671, Test Acc: 0.9375
[2023-04-10 20:40:44,269][test.py][line:55][INFO] current batch testing result... Test Loss: 0.6114, Test Acc: 0.8438
[2023-04-10 20:40:44,281][test.py][line:55][INFO] current batch testing result... Test Loss: 0.7370, Test Acc: 0.8750
[2023-04-10 20:40:44,293][test.py][line:55][INFO] current batch testing result... Test Loss: 0.3457, Test Acc: 0.9062
[2023-04-10 20:40:44,305][test.py][line:55][INFO] current batch testing result... Test Loss: 1.2624, Test Acc: 0.7500
[2023-04-10 20:40:44,316][test.py][line:55][INFO] current batch testing result... Test Loss: 0.4349, Test Acc: 0.8438
[2023-04-10 20:40:44,328][test.py][line:55][INFO] current batch testing result... Test Loss: 0.5938, Test Acc: 0.9375
[2023-04-10 20:40:44,340][test.py][line:55][INFO] current batch testing result... Test Loss: 0.5576, Test Acc: 0.8438
[2023-04-10 20:40:44,352][test.py][line:55][INFO] current batch testing result... Test Loss: 0.5103, Test Acc: 0.8438
[2023-04-10 20:40:44,364][test.py][line:55][INFO] current batch testing result... Test Loss: 0.3009, Test Acc: 0.9375
[2023-04-10 20:40:44,376][test.py][line:55][INFO] current batch testing result... Test Loss: 1.2014, Test Acc: 0.7500
[2023-04-10 20:40:44,387][test.py][line:55][INFO] current batch testing result... Test Loss: 0.2537, Test Acc: 0.9062
[2023-04-10 20:40:44,399][test.py][line:55][INFO] current batch testing result... Test Loss: 0.2850, Test Acc: 0.9375
[2023-04-10 20:40:44,411][test.py][line:55][INFO] current batch testing result... Test Loss: 0.3819, Test Acc: 0.8750
[2023-04-10 20:40:44,423][test.py][line:55][INFO] current batch testing result... Test Loss: 0.3084, Test Acc: 0.9062
[2023-04-10 20:40:44,435][test.py][line:55][INFO] current batch testing result... Test Loss: 0.4916, Test Acc: 0.8438
[2023-04-10 20:40:44,447][test.py][line:55][INFO] current batch testing result... Test Loss: 0.8899, Test Acc: 0.8438
[2023-04-10 20:40:44,459][test.py][line:55][INFO] current batch testing result... Test Loss: 1.6882, Test Acc: 0.8125
[2023-04-10 20:40:44,471][test.py][line:55][INFO] current batch testing result... Test Loss: 0.5743, Test Acc: 0.8750
[2023-04-10 20:40:44,482][test.py][line:55][INFO] current batch testing result... Test Loss: 0.4761, Test Acc: 0.9062
[2023-04-10 20:40:44,494][test.py][line:55][INFO] current batch testing result... Test Loss: 0.1288, Test Acc: 0.9062
[2023-04-10 20:40:44,506][test.py][line:55][INFO] current batch testing result... Test Loss: 0.3637, Test Acc: 0.8438
[2023-04-10 20:40:44,518][test.py][line:55][INFO] current batch testing result... Test Loss: 0.4785, Test Acc: 0.8438
[2023-04-10 20:40:44,530][test.py][line:55][INFO] current batch testing result... Test Loss: 1.0017, Test Acc: 0.8750
[2023-04-10 20:40:44,542][test.py][line:55][INFO] current batch testing result... Test Loss: 0.7576, Test Acc: 0.8125
[2023-04-10 20:40:44,554][test.py][line:55][INFO] current batch testing result... Test Loss: 1.8571, Test Acc: 0.7188
[2023-04-10 20:40:44,565][test.py][line:55][INFO] current batch testing result... Test Loss: 1.3654, Test Acc: 0.7812
[2023-04-10 20:40:44,577][test.py][line:55][INFO] current batch testing result... Test Loss: 0.5796, Test Acc: 0.8750
[2023-04-10 20:40:44,589][test.py][line:55][INFO] current batch testing result... Test Loss: 0.7926, Test Acc: 0.9375
[2023-04-10 20:40:44,601][test.py][line:55][INFO] current batch testing result... Test Loss: 1.2224, Test Acc: 0.7812
[2023-04-10 20:40:44,613][test.py][line:55][INFO] current batch testing result... Test Loss: 0.5517, Test Acc: 0.7812
[2023-04-10 20:40:44,625][test.py][line:55][INFO] current batch testing result... Test Loss: 0.6102, Test Acc: 0.8750
[2023-04-10 20:40:44,637][test.py][line:55][INFO] current batch testing result... Test Loss: 0.4743, Test Acc: 0.8438
[2023-04-10 20:40:44,649][test.py][line:55][INFO] current batch testing result... Test Loss: 0.9793, Test Acc: 0.8125
[2023-04-10 20:40:44,660][test.py][line:55][INFO] current batch testing result... Test Loss: 0.3068, Test Acc: 0.9062
[2023-04-10 20:40:44,672][test.py][line:55][INFO] current batch testing result... Test Loss: 0.4570, Test Acc: 0.8438
[2023-04-10 20:40:44,684][test.py][line:55][INFO] current batch testing result... Test Loss: 0.6702, Test Acc: 0.9062
[2023-04-10 20:40:44,696][test.py][line:55][INFO] current batch testing result... Test Loss: 1.0629, Test Acc: 0.8125
[2023-04-10 20:40:44,708][test.py][line:55][INFO] current batch testing result... Test Loss: 0.7557, Test Acc: 0.8125
[2023-04-10 20:40:44,720][test.py][line:55][INFO] current batch testing result... Test Loss: 0.1668, Test Acc: 1.0000
[2023-04-10 20:40:44,731][test.py][line:55][INFO] current batch testing result... Test Loss: 2.1044, Test Acc: 0.6875
[2023-04-10 20:40:44,743][test.py][line:55][INFO] current batch testing result... Test Loss: 0.1642, Test Acc: 0.9375
[2023-04-10 20:40:44,755][test.py][line:55][INFO] current batch testing result... Test Loss: 0.7497, Test Acc: 0.7812
[2023-04-10 20:40:44,767][test.py][line:55][INFO] current batch testing result... Test Loss: 0.1659, Test Acc: 0.9375
[2023-04-10 20:40:44,779][test.py][line:55][INFO] current batch testing result... Test Loss: 1.0481, Test Acc: 0.8125
[2023-04-10 20:40:44,791][test.py][line:55][INFO] current batch testing result... Test Loss: 0.5154, Test Acc: 0.8750
[2023-04-10 20:40:44,803][test.py][line:55][INFO] current batch testing result... Test Loss: 0.8958, Test Acc: 0.7812
[2023-04-10 20:40:44,815][test.py][line:55][INFO] current batch testing result... Test Loss: 0.6636, Test Acc: 0.9062
[2023-04-10 20:40:44,827][test.py][line:55][INFO] current batch testing result... Test Loss: 0.8661, Test Acc: 0.8125
[2023-04-10 20:40:44,839][test.py][line:55][INFO] current batch testing result... Test Loss: 0.3440, Test Acc: 0.9375
[2023-04-10 20:40:44,850][test.py][line:55][INFO] current batch testing result... Test Loss: 0.6066, Test Acc: 0.8750
[2023-04-10 20:40:44,862][test.py][line:55][INFO] current batch testing result... Test Loss: 0.2134, Test Acc: 0.8750
[2023-04-10 20:40:44,874][test.py][line:55][INFO] current batch testing result... Test Loss: 0.2369, Test Acc: 0.9062
[2023-04-10 20:40:44,886][test.py][line:55][INFO] current batch testing result... Test Loss: 0.2431, Test Acc: 0.9062
[2023-04-10 20:40:44,898][test.py][line:55][INFO] current batch testing result... Test Loss: 0.4051, Test Acc: 0.9062
[2023-04-10 20:40:44,910][test.py][line:55][INFO] current batch testing result... Test Loss: 0.2658, Test Acc: 0.9688
[2023-04-10 20:40:44,921][test.py][line:55][INFO] current batch testing result... Test Loss: 1.6193, Test Acc: 0.6875
[2023-04-10 20:40:44,933][test.py][line:55][INFO] current batch testing result... Test Loss: 0.7478, Test Acc: 0.8750
[2023-04-10 20:40:44,945][test.py][line:55][INFO] current batch testing result... Test Loss: 1.0968, Test Acc: 0.8125
[2023-04-10 20:40:44,957][test.py][line:55][INFO] current batch testing result... Test Loss: 0.4143, Test Acc: 0.9062
[2023-04-10 20:40:44,969][test.py][line:55][INFO] current batch testing result... Test Loss: 0.8552, Test Acc: 0.8125
[2023-04-10 20:40:44,981][test.py][line:55][INFO] current batch testing result... Test Loss: 0.9119, Test Acc: 0.7500
[2023-04-10 20:40:44,992][test.py][line:55][INFO] current batch testing result... Test Loss: 0.7539, Test Acc: 0.8125
[2023-04-10 20:40:45,004][test.py][line:55][INFO] current batch testing result... Test Loss: 0.2288, Test Acc: 0.9062
[2023-04-10 20:40:45,016][test.py][line:55][INFO] current batch testing result... Test Loss: 0.4894, Test Acc: 0.8750
[2023-04-10 20:40:45,028][test.py][line:55][INFO] current batch testing result... Test Loss: 0.0813, Test Acc: 0.9688
[2023-04-10 20:40:45,040][test.py][line:55][INFO] current batch testing result... Test Loss: 0.5205, Test Acc: 0.9375
[2023-04-10 20:40:45,052][test.py][line:55][INFO] current batch testing result... Test Loss: 0.0616, Test Acc: 0.9688
[2023-04-10 20:40:45,065][test.py][line:55][INFO] current batch testing result... Test Loss: 0.0691, Test Acc: 0.9375
[2023-04-10 20:40:45,077][test.py][line:55][INFO] current batch testing result... Test Loss: 0.1531, Test Acc: 0.9688
[2023-04-10 20:40:45,089][test.py][line:55][INFO] current batch testing result... Test Loss: 0.1213, Test Acc: 0.9062
[2023-04-10 20:40:45,101][test.py][line:55][INFO] current batch testing result... Test Loss: 0.1561, Test Acc: 0.9375
[2023-04-10 20:40:45,113][test.py][line:55][INFO] current batch testing result... Test Loss: 0.2890, Test Acc: 0.9688
[2023-04-10 20:40:45,124][test.py][line:55][INFO] current batch testing result... Test Loss: 0.0216, Test Acc: 1.0000
[2023-04-10 20:40:45,136][test.py][line:55][INFO] current batch testing result... Test Loss: 0.0210, Test Acc: 1.0000
[2023-04-10 20:40:45,148][test.py][line:55][INFO] current batch testing result... Test Loss: 0.0368, Test Acc: 1.0000
[2023-04-10 20:40:45,160][test.py][line:55][INFO] current batch testing result... Test Loss: 0.0269, Test Acc: 1.0000
[2023-04-10 20:40:45,172][test.py][line:55][INFO] current batch testing result... Test Loss: 0.0201, Test Acc: 1.0000
[2023-04-10 20:40:45,184][test.py][line:55][INFO] current batch testing result... Test Loss: 0.1861, Test Acc: 0.9688
[2023-04-10 20:40:45,196][test.py][line:55][INFO] current batch testing result... Test Loss: 0.1834, Test Acc: 0.9062
[2023-04-10 20:40:45,208][test.py][line:55][INFO] current batch testing result... Test Loss: 0.1158, Test Acc: 0.9688
[2023-04-10 20:40:45,220][test.py][line:55][INFO] current batch testing result... Test Loss: 0.6998, Test Acc: 0.8125
[2023-04-10 20:40:45,233][test.py][line:55][INFO] current batch testing result... Test Loss: 0.7722, Test Acc: 0.8125
[2023-04-10 20:40:45,245][test.py][line:55][INFO] current batch testing result... Test Loss: 0.4605, Test Acc: 0.8438
[2023-04-10 20:40:45,257][test.py][line:55][INFO] current batch testing result... Test Loss: 0.3174, Test Acc: 0.8438
[2023-04-10 20:40:45,268][test.py][line:55][INFO] current batch testing result... Test Loss: 0.5933, Test Acc: 0.9375
[2023-04-10 20:40:45,280][test.py][line:55][INFO] current batch testing result... Test Loss: 0.1002, Test Acc: 0.9375
[2023-04-10 20:40:45,292][test.py][line:55][INFO] current batch testing result... Test Loss: 0.0106, Test Acc: 1.0000
[2023-04-10 20:40:45,304][test.py][line:55][INFO] current batch testing result... Test Loss: 0.1378, Test Acc: 0.9375
[2023-04-10 20:40:45,315][test.py][line:55][INFO] current batch testing result... Test Loss: 0.6610, Test Acc: 0.8125
[2023-04-10 20:40:45,327][test.py][line:55][INFO] current batch testing result... Test Loss: 1.0914, Test Acc: 0.8125
[2023-04-10 20:40:45,339][test.py][line:55][INFO] current batch testing result... Test Loss: 0.7510, Test Acc: 0.7812
[2023-04-10 20:40:45,351][test.py][line:55][INFO] current batch testing result... Test Loss: 0.8379, Test Acc: 0.8750
[2023-04-10 20:40:45,363][test.py][line:55][INFO] current batch testing result... Test Loss: 0.2874, Test Acc: 0.9375
[2023-04-10 20:40:45,375][test.py][line:55][INFO] current batch testing result... Test Loss: 0.9142, Test Acc: 0.7188
[2023-04-10 20:40:45,386][test.py][line:55][INFO] current batch testing result... Test Loss: 0.5864, Test Acc: 0.9062
[2023-04-10 20:40:45,398][test.py][line:55][INFO] current batch testing result... Test Loss: 0.8623, Test Acc: 0.9062
[2023-04-10 20:40:45,410][test.py][line:55][INFO] current batch testing result... Test Loss: 0.2413, Test Acc: 0.9062
[2023-04-10 20:40:45,422][test.py][line:55][INFO] current batch testing result... Test Loss: 1.6214, Test Acc: 0.8125
[2023-04-10 20:40:45,434][test.py][line:55][INFO] current batch testing result... Test Loss: 0.0006, Test Acc: 1.0000
[2023-04-10 20:40:45,445][test.py][line:55][INFO] current batch testing result... Test Loss: 0.0011, Test Acc: 1.0000
[2023-04-10 20:40:45,457][test.py][line:55][INFO] current batch testing result... Test Loss: 0.0124, Test Acc: 1.0000
[2023-04-10 20:40:45,469][test.py][line:55][INFO] current batch testing result... Test Loss: 0.0131, Test Acc: 1.0000
[2023-04-10 20:40:45,481][test.py][line:55][INFO] current batch testing result... Test Loss: 0.4504, Test Acc: 0.9062
[2023-04-10 20:40:45,493][test.py][line:55][INFO] current batch testing result... Test Loss: 0.0483, Test Acc: 1.0000
[2023-04-10 20:40:45,505][test.py][line:55][INFO] current batch testing result... Test Loss: 0.6719, Test Acc: 0.9062
[2023-04-10 20:40:45,517][test.py][line:55][INFO] current batch testing result... Test Loss: 0.2598, Test Acc: 0.8750
[2023-04-10 20:40:45,529][test.py][line:55][INFO] current batch testing result... Test Loss: 0.0424, Test Acc: 0.9688
[2023-04-10 20:40:45,541][test.py][line:55][INFO] current batch testing result... Test Loss: 0.2691, Test Acc: 0.9375
[2023-04-10 20:40:45,553][test.py][line:55][INFO] current batch testing result... Test Loss: 0.6035, Test Acc: 0.9062
[2023-04-10 20:40:45,564][test.py][line:55][INFO] current batch testing result... Test Loss: 0.3961, Test Acc: 0.8750
[2023-04-10 20:40:45,576][test.py][line:55][INFO] current batch testing result... Test Loss: 0.6673, Test Acc: 0.7188
[2023-04-10 20:40:45,588][test.py][line:55][INFO] current batch testing result... Test Loss: 0.6917, Test Acc: 0.8438
[2023-04-10 20:40:45,600][test.py][line:55][INFO] current batch testing result... Test Loss: 0.6513, Test Acc: 0.8125
[2023-04-10 20:40:45,612][test.py][line:55][INFO] current batch testing result... Test Loss: 0.2315, Test Acc: 0.9688
[2023-04-10 20:40:45,624][test.py][line:55][INFO] current batch testing result... Test Loss: 0.5180, Test Acc: 0.8750
[2023-04-10 20:40:45,636][test.py][line:55][INFO] current batch testing result... Test Loss: 1.3750, Test Acc: 0.7500
[2023-04-10 20:40:45,647][test.py][line:55][INFO] current batch testing result... Test Loss: 0.5907, Test Acc: 0.8125
[2023-04-10 20:40:45,659][test.py][line:55][INFO] current batch testing result... Test Loss: 0.4563, Test Acc: 0.8438
[2023-04-10 20:40:45,671][test.py][line:55][INFO] current batch testing result... Test Loss: 0.1809, Test Acc: 0.9375
[2023-04-10 20:40:45,683][test.py][line:55][INFO] current batch testing result... Test Loss: 0.0749, Test Acc: 0.9688
[2023-04-10 20:40:45,695][test.py][line:55][INFO] current batch testing result... Test Loss: 0.2960, Test Acc: 0.8750
[2023-04-10 20:40:45,707][test.py][line:55][INFO] current batch testing result... Test Loss: 0.1074, Test Acc: 0.9375
[2023-04-10 20:40:45,719][test.py][line:55][INFO] current batch testing result... Test Loss: 0.0067, Test Acc: 1.0000
[2023-04-10 20:40:45,731][test.py][line:55][INFO] current batch testing result... Test Loss: 0.0510, Test Acc: 0.9688
[2023-04-10 20:40:45,743][test.py][line:55][INFO] current batch testing result... Test Loss: 0.0738, Test Acc: 0.9688
[2023-04-10 20:40:45,754][test.py][line:55][INFO] current batch testing result... Test Loss: 0.0580, Test Acc: 0.9688
[2023-04-10 20:40:45,766][test.py][line:55][INFO] current batch testing result... Test Loss: 0.0980, Test Acc: 0.9062
[2023-04-10 20:40:45,778][test.py][line:55][INFO] current batch testing result... Test Loss: 0.3921, Test Acc: 0.9062
[2023-04-10 20:40:45,790][test.py][line:55][INFO] current batch testing result... Test Loss: 0.0178, Test Acc: 1.0000
[2023-04-10 20:40:45,802][test.py][line:55][INFO] current batch testing result... Test Loss: 0.0555, Test Acc: 0.9688
[2023-04-10 20:40:45,814][test.py][line:55][INFO] current batch testing result... Test Loss: 0.3476, Test Acc: 0.9375
[2023-04-10 20:40:45,826][test.py][line:55][INFO] current batch testing result... Test Loss: 0.4452, Test Acc: 0.8438
[2023-04-10 20:40:45,838][test.py][line:55][INFO] current batch testing result... Test Loss: 0.1358, Test Acc: 0.9688
[2023-04-10 20:40:45,849][test.py][line:55][INFO] current batch testing result... Test Loss: 0.0369, Test Acc: 0.9688
[2023-04-10 20:40:45,861][test.py][line:55][INFO] current batch testing result... Test Loss: 0.0441, Test Acc: 0.9688
[2023-04-10 20:40:45,873][test.py][line:55][INFO] current batch testing result... Test Loss: 0.0065, Test Acc: 1.0000
[2023-04-10 20:40:45,885][test.py][line:55][INFO] current batch testing result... Test Loss: 0.1733, Test Acc: 0.9688
[2023-04-10 20:40:45,897][test.py][line:55][INFO] current batch testing result... Test Loss: 0.6106, Test Acc: 0.8125
[2023-04-10 20:40:45,909][test.py][line:55][INFO] current batch testing result... Test Loss: 0.3607, Test Acc: 0.8438
[2023-04-10 20:40:45,921][test.py][line:55][INFO] current batch testing result... Test Loss: 0.4826, Test Acc: 0.8750
[2023-04-10 20:40:45,933][test.py][line:55][INFO] current batch testing result... Test Loss: 0.3797, Test Acc: 0.8750
[2023-04-10 20:40:45,944][test.py][line:55][INFO] current batch testing result... Test Loss: 0.2162, Test Acc: 0.9375
[2023-04-10 20:40:45,956][test.py][line:55][INFO] current batch testing result... Test Loss: 0.1218, Test Acc: 0.9375
[2023-04-10 20:40:45,968][test.py][line:55][INFO] current batch testing result... Test Loss: 0.6223, Test Acc: 0.8438
[2023-04-10 20:40:45,980][test.py][line:55][INFO] current batch testing result... Test Loss: 0.0724, Test Acc: 0.9688
[2023-04-10 20:40:45,992][test.py][line:55][INFO] current batch testing result... Test Loss: 0.0368, Test Acc: 1.0000
[2023-04-10 20:40:46,004][test.py][line:55][INFO] current batch testing result... Test Loss: 0.1857, Test Acc: 0.9375
[2023-04-10 20:40:46,015][test.py][line:55][INFO] current batch testing result... Test Loss: 0.0003, Test Acc: 1.0000
[2023-04-10 20:40:46,028][test.py][line:55][INFO] current batch testing result... Test Loss: 0.6837, Test Acc: 0.8438
[2023-04-10 20:40:46,041][test.py][line:55][INFO] current batch testing result... Test Loss: 0.1638, Test Acc: 0.9688
[2023-04-10 20:40:46,054][test.py][line:55][INFO] current batch testing result... Test Loss: 1.0326, Test Acc: 0.7812
[2023-04-10 20:40:46,066][test.py][line:55][INFO] current batch testing result... Test Loss: 0.4514, Test Acc: 0.8750
[2023-04-10 20:40:46,080][test.py][line:55][INFO] current batch testing result... Test Loss: 0.5469, Test Acc: 0.8750
[2023-04-10 20:40:46,092][test.py][line:55][INFO] current batch testing result... Test Loss: 0.3229, Test Acc: 0.9688
[2023-04-10 20:40:46,105][test.py][line:55][INFO] current batch testing result... Test Loss: 0.0028, Test Acc: 1.0000
[2023-04-10 20:40:46,118][test.py][line:55][INFO] current batch testing result... Test Loss: 0.0374, Test Acc: 1.0000
[2023-04-10 20:40:46,131][test.py][line:55][INFO] current batch testing result... Test Loss: 0.2890, Test Acc: 0.9688
[2023-04-10 20:40:46,144][test.py][line:55][INFO] current batch testing result... Test Loss: 0.5002, Test Acc: 0.8438
[2023-04-10 20:40:46,157][test.py][line:55][INFO] current batch testing result... Test Loss: 0.0746, Test Acc: 0.9688
[2023-04-10 20:40:46,170][test.py][line:55][INFO] current batch testing result... Test Loss: 0.0507, Test Acc: 0.9688
[2023-04-10 20:40:46,182][test.py][line:55][INFO] current batch testing result... Test Loss: 0.2693, Test Acc: 0.9375
[2023-04-10 20:40:46,195][test.py][line:55][INFO] current batch testing result... Test Loss: 0.1802, Test Acc: 0.9375
[2023-04-10 20:40:46,208][test.py][line:55][INFO] current batch testing result... Test Loss: 0.5015, Test Acc: 0.8125
[2023-04-10 20:40:46,221][test.py][line:55][INFO] current batch testing result... Test Loss: 0.6777, Test Acc: 0.8125
[2023-04-10 20:40:46,234][test.py][line:55][INFO] current batch testing result... Test Loss: 0.3567, Test Acc: 0.9062
[2023-04-10 20:40:46,247][test.py][line:55][INFO] current batch testing result... Test Loss: 0.3160, Test Acc: 0.9062
[2023-04-10 20:40:46,260][test.py][line:55][INFO] current batch testing result... Test Loss: 0.1922, Test Acc: 0.8750
[2023-04-10 20:40:46,273][test.py][line:55][INFO] current batch testing result... Test Loss: 0.3484, Test Acc: 0.8750
[2023-04-10 20:40:46,286][test.py][line:55][INFO] current batch testing result... Test Loss: 0.1152, Test Acc: 0.9688
[2023-04-10 20:40:46,299][test.py][line:55][INFO] current batch testing result... Test Loss: 0.1087, Test Acc: 0.9375
[2023-04-10 20:40:46,312][test.py][line:55][INFO] current batch testing result... Test Loss: 0.0964, Test Acc: 0.9062
[2023-04-10 20:40:46,324][test.py][line:55][INFO] current batch testing result... Test Loss: 0.4263, Test Acc: 0.9062
[2023-04-10 20:40:46,337][test.py][line:55][INFO] current batch testing result... Test Loss: 0.2857, Test Acc: 0.9688
[2023-04-10 20:40:46,350][test.py][line:55][INFO] current batch testing result... Test Loss: 0.3117, Test Acc: 0.9375
[2023-04-10 20:40:46,363][test.py][line:55][INFO] current batch testing result... Test Loss: 0.3811, Test Acc: 0.9062
[2023-04-10 20:40:46,376][test.py][line:55][INFO] current batch testing result... Test Loss: 0.0483, Test Acc: 0.9688
[2023-04-10 20:40:46,389][test.py][line:55][INFO] current batch testing result... Test Loss: 0.0120, Test Acc: 1.0000
[2023-04-10 20:40:46,402][test.py][line:55][INFO] current batch testing result... Test Loss: 0.0022, Test Acc: 1.0000
[2023-04-10 20:40:46,415][test.py][line:55][INFO] current batch testing result... Test Loss: 0.0927, Test Acc: 0.9688
[2023-04-10 20:40:46,428][test.py][line:55][INFO] current batch testing result... Test Loss: 0.0035, Test Acc: 1.0000
[2023-04-10 20:40:46,441][test.py][line:55][INFO] current batch testing result... Test Loss: 0.0026, Test Acc: 1.0000
[2023-04-10 20:40:46,453][test.py][line:55][INFO] current batch testing result... Test Loss: 0.0064, Test Acc: 1.0000
[2023-04-10 20:40:46,466][test.py][line:55][INFO] current batch testing result... Test Loss: 0.0039, Test Acc: 1.0000
[2023-04-10 20:40:46,480][test.py][line:55][INFO] current batch testing result... Test Loss: 0.0050, Test Acc: 1.0000
[2023-04-10 20:40:46,493][test.py][line:55][INFO] current batch testing result... Test Loss: 0.0956, Test Acc: 0.9688
[2023-04-10 20:40:46,505][test.py][line:55][INFO] current batch testing result... Test Loss: 0.0527, Test Acc: 1.0000
[2023-04-10 20:40:46,518][test.py][line:55][INFO] current batch testing result... Test Loss: 2.4382, Test Acc: 0.7188
[2023-04-10 20:40:46,531][test.py][line:55][INFO] current batch testing result... Test Loss: 1.1717, Test Acc: 0.7812
[2023-04-10 20:40:46,544][test.py][line:55][INFO] current batch testing result... Test Loss: 0.2118, Test Acc: 0.9375
[2023-04-10 20:40:46,557][test.py][line:55][INFO] current batch testing result... Test Loss: 0.1147, Test Acc: 0.9688
[2023-04-10 20:40:46,570][test.py][line:55][INFO] current batch testing result... Test Loss: 0.1864, Test Acc: 0.9375
[2023-04-10 20:40:46,583][test.py][line:55][INFO] current batch testing result... Test Loss: 0.0456, Test Acc: 1.0000
[2023-04-10 20:40:46,596][test.py][line:55][INFO] current batch testing result... Test Loss: 0.2959, Test Acc: 0.9062
[2023-04-10 20:40:46,608][test.py][line:55][INFO] current batch testing result... Test Loss: 0.0888, Test Acc: 0.9688
[2023-04-10 20:40:46,621][test.py][line:55][INFO] current batch testing result... Test Loss: 0.1152, Test Acc: 0.9375
[2023-04-10 20:40:46,634][test.py][line:55][INFO] current batch testing result... Test Loss: 0.1793, Test Acc: 0.9375
[2023-04-10 20:40:46,647][test.py][line:55][INFO] current batch testing result... Test Loss: 0.2995, Test Acc: 0.9688
[2023-04-10 20:40:46,660][test.py][line:55][INFO] current batch testing result... Test Loss: 0.0553, Test Acc: 0.9688
[2023-04-10 20:40:46,673][test.py][line:55][INFO] current batch testing result... Test Loss: 0.0264, Test Acc: 1.0000
[2023-04-10 20:40:46,686][test.py][line:55][INFO] current batch testing result... Test Loss: 0.0898, Test Acc: 0.9688
[2023-04-10 20:40:46,697][test.py][line:55][INFO] current batch testing result... Test Loss: 0.2020, Test Acc: 0.9375
[2023-04-10 20:40:46,709][test.py][line:55][INFO] current batch testing result... Test Loss: 0.2172, Test Acc: 0.9062
[2023-04-10 20:40:46,721][test.py][line:55][INFO] current batch testing result... Test Loss: 0.0921, Test Acc: 0.9688
[2023-04-10 20:40:46,733][test.py][line:55][INFO] current batch testing result... Test Loss: 0.2435, Test Acc: 0.9375
[2023-04-10 20:40:46,745][test.py][line:55][INFO] current batch testing result... Test Loss: 0.2540, Test Acc: 0.9062
[2023-04-10 20:40:46,756][test.py][line:55][INFO] current batch testing result... Test Loss: 0.3628, Test Acc: 0.8750
[2023-04-10 20:40:46,768][test.py][line:55][INFO] current batch testing result... Test Loss: 0.7391, Test Acc: 0.8438
[2023-04-10 20:40:46,780][test.py][line:55][INFO] current batch testing result... Test Loss: 0.2501, Test Acc: 0.9375
[2023-04-10 20:40:46,792][test.py][line:55][INFO] current batch testing result... Test Loss: 0.9437, Test Acc: 0.8125
[2023-04-10 20:40:46,804][test.py][line:55][INFO] current batch testing result... Test Loss: 1.1752, Test Acc: 0.7188
[2023-04-10 20:40:46,816][test.py][line:55][INFO] current batch testing result... Test Loss: 1.1224, Test Acc: 0.8438
[2023-04-10 20:40:46,827][test.py][line:55][INFO] current batch testing result... Test Loss: 0.3414, Test Acc: 0.9062
[2023-04-10 20:40:46,839][test.py][line:55][INFO] current batch testing result... Test Loss: 0.7883, Test Acc: 0.8438
[2023-04-10 20:40:46,851][test.py][line:55][INFO] current batch testing result... Test Loss: 0.8565, Test Acc: 0.7500
[2023-04-10 20:40:46,863][test.py][line:55][INFO] current batch testing result... Test Loss: 1.1678, Test Acc: 0.7188
[2023-04-10 20:40:46,875][test.py][line:55][INFO] current batch testing result... Test Loss: 0.8150, Test Acc: 0.8438
[2023-04-10 20:40:46,887][test.py][line:55][INFO] current batch testing result... Test Loss: 1.0383, Test Acc: 0.8438
[2023-04-10 20:40:46,894][test.py][line:55][INFO] current batch testing result... Test Loss: 0.0956, Test Acc: 0.4688
[2023-04-10 20:40:46,895][test.py][line:69][INFO] total test loss: 0.5055, average test accuracy: 0.8805
