[2023-04-18 22:20:45,517][train.py][line:18][INFO] Start trainning......
[2023-04-18 22:21:03,158][train.py][line:53][INFO] Epoch:[1/5]	 loss=0.08911	 acc=1.000
[2023-04-18 22:21:19,607][train.py][line:53][INFO] Epoch:[2/5]	 loss=0.17974	 acc=0.933
[2023-04-18 22:21:35,969][train.py][line:53][INFO] Epoch:[3/5]	 loss=0.08100	 acc=1.000
[2023-04-18 22:21:52,408][train.py][line:53][INFO] Epoch:[4/5]	 loss=0.23446	 acc=0.933
[2023-04-18 22:22:08,689][train.py][line:53][INFO] Epoch:[5/5]	 loss=0.18212	 acc=0.933
[2023-04-18 22:22:08,690][train.py][line:58][INFO] Finish training!
[2023-04-18 22:22:08,971][test.py][line:12][INFO] Start testing...
[2023-04-18 22:22:08,984][test.py][line:56][INFO] current batch testing result... Test Loss: 0.0623, Test Acc: 0.9688
[2023-04-18 22:22:08,992][test.py][line:56][INFO] current batch testing result... Test Loss: 0.0258, Test Acc: 1.0000
[2023-04-18 22:22:09,000][test.py][line:56][INFO] current batch testing result... Test Loss: 0.0024, Test Acc: 1.0000
[2023-04-18 22:22:09,008][test.py][line:56][INFO] current batch testing result... Test Loss: 0.2168, Test Acc: 0.9375
[2023-04-18 22:22:09,016][test.py][line:56][INFO] current batch testing result... Test Loss: 0.1062, Test Acc: 0.9688
[2023-04-18 22:22:09,024][test.py][line:56][INFO] current batch testing result... Test Loss: 0.0107, Test Acc: 1.0000
[2023-04-18 22:22:09,033][test.py][line:56][INFO] current batch testing result... Test Loss: 0.0320, Test Acc: 1.0000
[2023-04-18 22:22:09,040][test.py][line:56][INFO] current batch testing result... Test Loss: 0.3336, Test Acc: 0.9062
[2023-04-18 22:22:09,049][test.py][line:56][INFO] current batch testing result... Test Loss: 0.1416, Test Acc: 0.9375
[2023-04-18 22:22:09,057][test.py][line:56][INFO] current batch testing result... Test Loss: 0.0171, Test Acc: 1.0000
[2023-04-18 22:22:09,065][test.py][line:56][INFO] current batch testing result... Test Loss: 0.3288, Test Acc: 0.9375
[2023-04-18 22:22:09,073][test.py][line:56][INFO] current batch testing result... Test Loss: 0.1978, Test Acc: 0.9688
[2023-04-18 22:22:09,082][test.py][line:56][INFO] current batch testing result... Test Loss: 0.0386, Test Acc: 1.0000
[2023-04-18 22:22:09,090][test.py][line:56][INFO] current batch testing result... Test Loss: 0.0613, Test Acc: 0.9688
[2023-04-18 22:22:09,098][test.py][line:56][INFO] current batch testing result... Test Loss: 0.0584, Test Acc: 1.0000
[2023-04-18 22:22:09,105][test.py][line:56][INFO] current batch testing result... Test Loss: 0.1297, Test Acc: 0.9375
[2023-04-18 22:22:09,114][test.py][line:56][INFO] current batch testing result... Test Loss: 0.0124, Test Acc: 1.0000
[2023-04-18 22:22:09,121][test.py][line:56][INFO] current batch testing result... Test Loss: 0.0670, Test Acc: 0.9688
[2023-04-18 22:22:09,130][test.py][line:56][INFO] current batch testing result... Test Loss: 0.1597, Test Acc: 0.9062
[2023-04-18 22:22:09,138][test.py][line:56][INFO] current batch testing result... Test Loss: 0.2202, Test Acc: 0.8750
[2023-04-18 22:22:09,147][test.py][line:56][INFO] current batch testing result... Test Loss: 0.2123, Test Acc: 0.9688
[2023-04-18 22:22:09,155][test.py][line:56][INFO] current batch testing result... Test Loss: 0.1858, Test Acc: 0.9688
[2023-04-18 22:22:09,164][test.py][line:56][INFO] current batch testing result... Test Loss: 0.2037, Test Acc: 0.9375
[2023-04-18 22:22:09,172][test.py][line:56][INFO] current batch testing result... Test Loss: 0.2447, Test Acc: 0.9375
[2023-04-18 22:22:09,181][test.py][line:56][INFO] current batch testing result... Test Loss: 0.0157, Test Acc: 1.0000
[2023-04-18 22:22:09,189][test.py][line:56][INFO] current batch testing result... Test Loss: 0.0085, Test Acc: 1.0000
[2023-04-18 22:22:09,198][test.py][line:56][INFO] current batch testing result... Test Loss: 0.0633, Test Acc: 0.9375
[2023-04-18 22:22:09,206][test.py][line:56][INFO] current batch testing result... Test Loss: 0.0837, Test Acc: 0.9375
[2023-04-18 22:22:09,215][test.py][line:56][INFO] current batch testing result... Test Loss: 0.0306, Test Acc: 1.0000
[2023-04-18 22:22:09,223][test.py][line:56][INFO] current batch testing result... Test Loss: 0.3941, Test Acc: 0.9375
[2023-04-18 22:22:09,231][test.py][line:56][INFO] current batch testing result... Test Loss: 0.0664, Test Acc: 0.9688
[2023-04-18 22:22:09,239][test.py][line:56][INFO] current batch testing result... Test Loss: 0.4104, Test Acc: 0.9375
[2023-04-18 22:22:09,247][test.py][line:56][INFO] current batch testing result... Test Loss: 0.4316, Test Acc: 0.9062
[2023-04-18 22:22:09,255][test.py][line:56][INFO] current batch testing result... Test Loss: 0.0729, Test Acc: 0.9688
[2023-04-18 22:22:09,264][test.py][line:56][INFO] current batch testing result... Test Loss: 0.2205, Test Acc: 0.9375
[2023-04-18 22:22:09,271][test.py][line:56][INFO] current batch testing result... Test Loss: 0.0439, Test Acc: 0.9688
[2023-04-18 22:22:09,281][test.py][line:56][INFO] current batch testing result... Test Loss: 0.4523, Test Acc: 0.9062
[2023-04-18 22:22:09,290][test.py][line:56][INFO] current batch testing result... Test Loss: 0.0875, Test Acc: 1.0000
[2023-04-18 22:22:09,300][test.py][line:56][INFO] current batch testing result... Test Loss: 0.6786, Test Acc: 0.8750
[2023-04-18 22:22:09,309][test.py][line:56][INFO] current batch testing result... Test Loss: 0.1453, Test Acc: 0.9375
[2023-04-18 22:22:09,317][test.py][line:56][INFO] current batch testing result... Test Loss: 0.1767, Test Acc: 0.9375
[2023-04-18 22:22:09,324][test.py][line:56][INFO] current batch testing result... Test Loss: 0.3024, Test Acc: 0.9062
[2023-04-18 22:22:09,333][test.py][line:56][INFO] current batch testing result... Test Loss: 0.1022, Test Acc: 0.9688
[2023-04-18 22:22:09,340][test.py][line:56][INFO] current batch testing result... Test Loss: 0.1963, Test Acc: 0.9688
[2023-04-18 22:22:09,349][test.py][line:56][INFO] current batch testing result... Test Loss: 0.0335, Test Acc: 1.0000
[2023-04-18 22:22:09,357][test.py][line:56][INFO] current batch testing result... Test Loss: 0.1437, Test Acc: 0.9375
[2023-04-18 22:22:09,365][test.py][line:56][INFO] current batch testing result... Test Loss: 0.2613, Test Acc: 0.9375
[2023-04-18 22:22:09,372][test.py][line:56][INFO] current batch testing result... Test Loss: 0.4920, Test Acc: 0.9062
[2023-04-18 22:22:09,381][test.py][line:56][INFO] current batch testing result... Test Loss: 0.4328, Test Acc: 0.9062
[2023-04-18 22:22:09,388][test.py][line:56][INFO] current batch testing result... Test Loss: 0.1142, Test Acc: 0.9688
[2023-04-18 22:22:09,397][test.py][line:56][INFO] current batch testing result... Test Loss: 0.3325, Test Acc: 0.9062
[2023-04-18 22:22:09,405][test.py][line:56][INFO] current batch testing result... Test Loss: 0.0341, Test Acc: 1.0000
[2023-04-18 22:22:09,414][test.py][line:56][INFO] current batch testing result... Test Loss: 0.3521, Test Acc: 0.8750
[2023-04-18 22:22:09,423][test.py][line:56][INFO] current batch testing result... Test Loss: 0.1208, Test Acc: 0.9062
[2023-04-18 22:22:09,432][test.py][line:56][INFO] current batch testing result... Test Loss: 0.1602, Test Acc: 0.9375
[2023-04-18 22:22:09,438][test.py][line:56][INFO] current batch testing result... Test Loss: 0.2153, Test Acc: 0.9375
[2023-04-18 22:22:09,448][test.py][line:56][INFO] current batch testing result... Test Loss: 0.0235, Test Acc: 1.0000
[2023-04-18 22:22:09,455][test.py][line:56][INFO] current batch testing result... Test Loss: 0.0719, Test Acc: 0.9688
[2023-04-18 22:22:09,468][test.py][line:56][INFO] current batch testing result... Test Loss: 0.2062, Test Acc: 0.9062
[2023-04-18 22:22:09,475][test.py][line:56][INFO] current batch testing result... Test Loss: 0.3825, Test Acc: 0.8750
[2023-04-18 22:22:09,484][test.py][line:56][INFO] current batch testing result... Test Loss: 0.2464, Test Acc: 0.9062
[2023-04-18 22:22:09,491][test.py][line:56][INFO] current batch testing result... Test Loss: 0.2946, Test Acc: 0.9062
[2023-04-18 22:22:09,499][test.py][line:56][INFO] current batch testing result... Test Loss: 0.1553, Test Acc: 0.9375
[2023-04-18 22:22:09,507][test.py][line:56][INFO] current batch testing result... Test Loss: 0.4229, Test Acc: 0.8125
[2023-04-18 22:22:09,520][test.py][line:56][INFO] current batch testing result... Test Loss: 0.2961, Test Acc: 0.9375
[2023-04-18 22:22:09,535][test.py][line:56][INFO] current batch testing result... Test Loss: 0.3038, Test Acc: 0.9375
[2023-04-18 22:22:09,542][test.py][line:56][INFO] current batch testing result... Test Loss: 0.5799, Test Acc: 0.9062
[2023-04-18 22:22:09,553][test.py][line:56][INFO] current batch testing result... Test Loss: 0.0301, Test Acc: 0.9688
[2023-04-18 22:22:09,568][test.py][line:56][INFO] current batch testing result... Test Loss: 0.1897, Test Acc: 0.9688
[2023-04-18 22:22:09,576][test.py][line:56][INFO] current batch testing result... Test Loss: 0.0737, Test Acc: 0.9688
[2023-04-18 22:22:09,584][test.py][line:56][INFO] current batch testing result... Test Loss: 0.0643, Test Acc: 0.9688
[2023-04-18 22:22:09,591][test.py][line:56][INFO] current batch testing result... Test Loss: 0.4937, Test Acc: 0.9062
[2023-04-18 22:22:09,600][test.py][line:56][INFO] current batch testing result... Test Loss: 0.0354, Test Acc: 1.0000
[2023-04-18 22:22:09,608][test.py][line:56][INFO] current batch testing result... Test Loss: 0.0095, Test Acc: 1.0000
[2023-04-18 22:22:09,617][test.py][line:56][INFO] current batch testing result... Test Loss: 0.2588, Test Acc: 0.9375
[2023-04-18 22:22:09,625][test.py][line:56][INFO] current batch testing result... Test Loss: 0.1709, Test Acc: 0.9062
[2023-04-18 22:22:09,634][test.py][line:56][INFO] current batch testing result... Test Loss: 0.2829, Test Acc: 0.9062
[2023-04-18 22:22:09,643][test.py][line:56][INFO] current batch testing result... Test Loss: 0.0504, Test Acc: 0.9688
[2023-04-18 22:22:09,651][test.py][line:56][INFO] current batch testing result... Test Loss: 0.1696, Test Acc: 0.9375
[2023-04-18 22:22:09,659][test.py][line:56][INFO] current batch testing result... Test Loss: 0.0557, Test Acc: 0.9688
[2023-04-18 22:22:09,666][test.py][line:56][INFO] current batch testing result... Test Loss: 0.0365, Test Acc: 1.0000
[2023-04-18 22:22:09,674][test.py][line:56][INFO] current batch testing result... Test Loss: 0.2140, Test Acc: 0.9688
[2023-04-18 22:22:09,688][test.py][line:56][INFO] current batch testing result... Test Loss: 0.5527, Test Acc: 0.9375
[2023-04-18 22:22:09,701][test.py][line:56][INFO] current batch testing result... Test Loss: 0.0104, Test Acc: 1.0000
[2023-04-18 22:22:09,709][test.py][line:56][INFO] current batch testing result... Test Loss: 0.0189, Test Acc: 1.0000
[2023-04-18 22:22:09,717][test.py][line:56][INFO] current batch testing result... Test Loss: 0.0645, Test Acc: 0.9688
[2023-04-18 22:22:09,725][test.py][line:56][INFO] current batch testing result... Test Loss: 0.0228, Test Acc: 1.0000
[2023-04-18 22:22:09,734][test.py][line:56][INFO] current batch testing result... Test Loss: 0.1184, Test Acc: 0.9688
[2023-04-18 22:22:09,742][test.py][line:56][INFO] current batch testing result... Test Loss: 0.0233, Test Acc: 1.0000
[2023-04-18 22:22:09,749][test.py][line:56][INFO] current batch testing result... Test Loss: 0.1748, Test Acc: 0.9688
[2023-04-18 22:22:09,756][test.py][line:56][INFO] current batch testing result... Test Loss: 0.1018, Test Acc: 0.9375
[2023-04-18 22:22:09,766][test.py][line:56][INFO] current batch testing result... Test Loss: 0.2737, Test Acc: 0.9062
[2023-04-18 22:22:09,774][test.py][line:56][INFO] current batch testing result... Test Loss: 0.0853, Test Acc: 0.9688
[2023-04-18 22:22:09,784][test.py][line:56][INFO] current batch testing result... Test Loss: 0.3716, Test Acc: 0.9375
[2023-04-18 22:22:09,792][test.py][line:56][INFO] current batch testing result... Test Loss: 0.1393, Test Acc: 0.9688
[2023-04-18 22:22:09,800][test.py][line:56][INFO] current batch testing result... Test Loss: 0.0440, Test Acc: 0.9688
[2023-04-18 22:22:09,808][test.py][line:56][INFO] current batch testing result... Test Loss: 0.2094, Test Acc: 0.9375
[2023-04-18 22:22:09,816][test.py][line:56][INFO] current batch testing result... Test Loss: 0.2143, Test Acc: 0.9062
[2023-04-18 22:22:09,824][test.py][line:56][INFO] current batch testing result... Test Loss: 0.1304, Test Acc: 0.9375
[2023-04-18 22:22:09,837][test.py][line:56][INFO] current batch testing result... Test Loss: 0.0094, Test Acc: 1.0000
[2023-04-18 22:22:09,853][test.py][line:56][INFO] current batch testing result... Test Loss: 0.0687, Test Acc: 1.0000
[2023-04-18 22:22:09,875][test.py][line:56][INFO] current batch testing result... Test Loss: 0.0750, Test Acc: 0.9688
[2023-04-18 22:22:09,885][test.py][line:56][INFO] current batch testing result... Test Loss: 0.0348, Test Acc: 1.0000
[2023-04-18 22:22:09,892][test.py][line:56][INFO] current batch testing result... Test Loss: 0.0066, Test Acc: 1.0000
[2023-04-18 22:22:09,900][test.py][line:56][INFO] current batch testing result... Test Loss: 0.0491, Test Acc: 1.0000
[2023-04-18 22:22:09,907][test.py][line:56][INFO] current batch testing result... Test Loss: 0.2316, Test Acc: 0.9375
[2023-04-18 22:22:09,914][test.py][line:56][INFO] current batch testing result... Test Loss: 0.0687, Test Acc: 0.9688
[2023-04-18 22:22:09,921][test.py][line:56][INFO] current batch testing result... Test Loss: 0.0182, Test Acc: 1.0000
[2023-04-18 22:22:09,931][test.py][line:56][INFO] current batch testing result... Test Loss: 0.0501, Test Acc: 0.9688
[2023-04-18 22:22:09,938][test.py][line:56][INFO] current batch testing result... Test Loss: 0.2580, Test Acc: 0.9375
[2023-04-18 22:22:09,947][test.py][line:56][INFO] current batch testing result... Test Loss: 0.4655, Test Acc: 0.9375
[2023-04-18 22:22:09,954][test.py][line:56][INFO] current batch testing result... Test Loss: 0.3731, Test Acc: 0.9062
[2023-04-18 22:22:09,964][test.py][line:56][INFO] current batch testing result... Test Loss: 0.0957, Test Acc: 0.9688
[2023-04-18 22:22:09,971][test.py][line:56][INFO] current batch testing result... Test Loss: 0.0204, Test Acc: 1.0000
[2023-04-18 22:22:09,980][test.py][line:56][INFO] current batch testing result... Test Loss: 0.0363, Test Acc: 1.0000
[2023-04-18 22:22:09,987][test.py][line:56][INFO] current batch testing result... Test Loss: 0.1532, Test Acc: 0.9688
[2023-04-18 22:22:09,997][test.py][line:56][INFO] current batch testing result... Test Loss: 0.1009, Test Acc: 0.9375
[2023-04-18 22:22:10,004][test.py][line:56][INFO] current batch testing result... Test Loss: 0.2391, Test Acc: 0.9062
[2023-04-18 22:22:10,013][test.py][line:56][INFO] current batch testing result... Test Loss: 0.5573, Test Acc: 0.9062
[2023-04-18 22:22:10,021][test.py][line:56][INFO] current batch testing result... Test Loss: 0.5667, Test Acc: 0.8750
[2023-04-18 22:22:10,030][test.py][line:56][INFO] current batch testing result... Test Loss: 0.2144, Test Acc: 0.9375
[2023-04-18 22:22:10,037][test.py][line:56][INFO] current batch testing result... Test Loss: 0.2363, Test Acc: 0.9062
[2023-04-18 22:22:10,047][test.py][line:56][INFO] current batch testing result... Test Loss: 0.4443, Test Acc: 0.9688
[2023-04-18 22:22:10,054][test.py][line:56][INFO] current batch testing result... Test Loss: 0.2508, Test Acc: 0.9375
[2023-04-18 22:22:10,065][test.py][line:56][INFO] current batch testing result... Test Loss: 0.1474, Test Acc: 0.8750
[2023-04-18 22:22:10,072][test.py][line:56][INFO] current batch testing result... Test Loss: 0.1226, Test Acc: 0.9375
[2023-04-18 22:22:10,081][test.py][line:56][INFO] current batch testing result... Test Loss: 0.0684, Test Acc: 0.9688
[2023-04-18 22:22:10,088][test.py][line:56][INFO] current batch testing result... Test Loss: 0.3275, Test Acc: 0.8750
[2023-04-18 22:22:10,097][test.py][line:56][INFO] current batch testing result... Test Loss: 0.1053, Test Acc: 0.9688
[2023-04-18 22:22:10,104][test.py][line:56][INFO] current batch testing result... Test Loss: 0.0471, Test Acc: 1.0000
[2023-04-18 22:22:10,114][test.py][line:56][INFO] current batch testing result... Test Loss: 0.2876, Test Acc: 0.9375
[2023-04-18 22:22:10,122][test.py][line:56][INFO] current batch testing result... Test Loss: 0.2950, Test Acc: 0.8750
[2023-04-18 22:22:10,130][test.py][line:56][INFO] current batch testing result... Test Loss: 0.3608, Test Acc: 0.9375
[2023-04-18 22:22:10,137][test.py][line:56][INFO] current batch testing result... Test Loss: 0.1087, Test Acc: 0.9688
[2023-04-18 22:22:10,147][test.py][line:56][INFO] current batch testing result... Test Loss: 0.5378, Test Acc: 0.8438
[2023-04-18 22:22:10,154][test.py][line:56][INFO] current batch testing result... Test Loss: 0.0339, Test Acc: 0.9688
[2023-04-18 22:22:10,163][test.py][line:56][INFO] current batch testing result... Test Loss: 0.4005, Test Acc: 0.8750
[2023-04-18 22:22:10,171][test.py][line:56][INFO] current batch testing result... Test Loss: 0.1026, Test Acc: 0.9688
[2023-04-18 22:22:10,180][test.py][line:56][INFO] current batch testing result... Test Loss: 0.0921, Test Acc: 0.9688
[2023-04-18 22:22:10,187][test.py][line:56][INFO] current batch testing result... Test Loss: 0.0565, Test Acc: 0.9688
[2023-04-18 22:22:10,197][test.py][line:56][INFO] current batch testing result... Test Loss: 0.2220, Test Acc: 0.9375
[2023-04-18 22:22:10,204][test.py][line:56][INFO] current batch testing result... Test Loss: 0.1594, Test Acc: 0.9375
[2023-04-18 22:22:10,214][test.py][line:56][INFO] current batch testing result... Test Loss: 0.0610, Test Acc: 0.9688
[2023-04-18 22:22:10,221][test.py][line:56][INFO] current batch testing result... Test Loss: 0.0461, Test Acc: 0.9688
[2023-04-18 22:22:10,230][test.py][line:56][INFO] current batch testing result... Test Loss: 0.0845, Test Acc: 0.9375
[2023-04-18 22:22:10,237][test.py][line:56][INFO] current batch testing result... Test Loss: 0.0038, Test Acc: 1.0000
[2023-04-18 22:22:10,246][test.py][line:56][INFO] current batch testing result... Test Loss: 0.0526, Test Acc: 0.9688
[2023-04-18 22:22:10,253][test.py][line:56][INFO] current batch testing result... Test Loss: 0.0428, Test Acc: 0.9688
[2023-04-18 22:22:10,263][test.py][line:56][INFO] current batch testing result... Test Loss: 0.0509, Test Acc: 1.0000
[2023-04-18 22:22:10,270][test.py][line:56][INFO] current batch testing result... Test Loss: 0.0282, Test Acc: 0.9688
[2023-04-18 22:22:10,280][test.py][line:56][INFO] current batch testing result... Test Loss: 0.3352, Test Acc: 0.9062
[2023-04-18 22:22:10,287][test.py][line:56][INFO] current batch testing result... Test Loss: 0.0708, Test Acc: 0.9375
[2023-04-18 22:22:10,297][test.py][line:56][INFO] current batch testing result... Test Loss: 0.5005, Test Acc: 0.9375
[2023-04-18 22:22:10,304][test.py][line:56][INFO] current batch testing result... Test Loss: 0.1208, Test Acc: 0.9688
[2023-04-18 22:22:10,313][test.py][line:56][INFO] current batch testing result... Test Loss: 0.1161, Test Acc: 0.9062
[2023-04-18 22:22:10,321][test.py][line:56][INFO] current batch testing result... Test Loss: 0.1481, Test Acc: 0.9688
[2023-04-18 22:22:10,328][test.py][line:56][INFO] current batch testing result... Test Loss: 0.0783, Test Acc: 0.9688
[2023-04-18 22:22:10,336][test.py][line:56][INFO] current batch testing result... Test Loss: 0.0052, Test Acc: 1.0000
[2023-04-18 22:22:10,347][test.py][line:56][INFO] current batch testing result... Test Loss: 0.0572, Test Acc: 0.9688
[2023-04-18 22:22:10,354][test.py][line:56][INFO] current batch testing result... Test Loss: 0.0005, Test Acc: 1.0000
[2023-04-18 22:22:10,364][test.py][line:56][INFO] current batch testing result... Test Loss: 0.0420, Test Acc: 0.9688
[2023-04-18 22:22:10,371][test.py][line:56][INFO] current batch testing result... Test Loss: 0.1218, Test Acc: 0.9375
[2023-04-18 22:22:10,381][test.py][line:56][INFO] current batch testing result... Test Loss: 0.0144, Test Acc: 1.0000
[2023-04-18 22:22:10,388][test.py][line:56][INFO] current batch testing result... Test Loss: 0.0274, Test Acc: 1.0000
[2023-04-18 22:22:10,397][test.py][line:56][INFO] current batch testing result... Test Loss: 0.0022, Test Acc: 1.0000
[2023-04-18 22:22:10,404][test.py][line:56][INFO] current batch testing result... Test Loss: 0.0010, Test Acc: 1.0000
[2023-04-18 22:22:10,414][test.py][line:56][INFO] current batch testing result... Test Loss: 0.1693, Test Acc: 0.9688
[2023-04-18 22:22:10,421][test.py][line:56][INFO] current batch testing result... Test Loss: 0.0010, Test Acc: 1.0000
[2023-04-18 22:22:10,430][test.py][line:56][INFO] current batch testing result... Test Loss: 0.0018, Test Acc: 1.0000
[2023-04-18 22:22:10,437][test.py][line:56][INFO] current batch testing result... Test Loss: 0.0048, Test Acc: 1.0000
[2023-04-18 22:22:10,447][test.py][line:56][INFO] current batch testing result... Test Loss: 0.1698, Test Acc: 0.9688
[2023-04-18 22:22:10,454][test.py][line:56][INFO] current batch testing result... Test Loss: 0.0216, Test Acc: 1.0000
[2023-04-18 22:22:10,464][test.py][line:56][INFO] current batch testing result... Test Loss: 0.0371, Test Acc: 0.9688
[2023-04-18 22:22:10,471][test.py][line:56][INFO] current batch testing result... Test Loss: 0.0028, Test Acc: 1.0000
[2023-04-18 22:22:10,480][test.py][line:56][INFO] current batch testing result... Test Loss: 0.0103, Test Acc: 1.0000
[2023-04-18 22:22:10,488][test.py][line:56][INFO] current batch testing result... Test Loss: 0.1141, Test Acc: 0.9688
[2023-04-18 22:22:10,497][test.py][line:56][INFO] current batch testing result... Test Loss: 0.3914, Test Acc: 0.9375
[2023-04-18 22:22:10,505][test.py][line:56][INFO] current batch testing result... Test Loss: 0.0274, Test Acc: 1.0000
[2023-04-18 22:22:10,514][test.py][line:56][INFO] current batch testing result... Test Loss: 0.0094, Test Acc: 1.0000
[2023-04-18 22:22:10,521][test.py][line:56][INFO] current batch testing result... Test Loss: 0.2297, Test Acc: 0.9375
[2023-04-18 22:22:10,530][test.py][line:56][INFO] current batch testing result... Test Loss: 0.0988, Test Acc: 0.9688
[2023-04-18 22:22:10,537][test.py][line:56][INFO] current batch testing result... Test Loss: 0.0737, Test Acc: 0.9688
[2023-04-18 22:22:10,547][test.py][line:56][INFO] current batch testing result... Test Loss: 0.1260, Test Acc: 0.9375
[2023-04-18 22:22:10,554][test.py][line:56][INFO] current batch testing result... Test Loss: 0.1798, Test Acc: 0.9375
[2023-04-18 22:22:10,564][test.py][line:56][INFO] current batch testing result... Test Loss: 0.0341, Test Acc: 1.0000
[2023-04-18 22:22:10,571][test.py][line:56][INFO] current batch testing result... Test Loss: 0.4966, Test Acc: 0.9062
[2023-04-18 22:22:10,580][test.py][line:56][INFO] current batch testing result... Test Loss: 0.7798, Test Acc: 0.8438
[2023-04-18 22:22:10,587][test.py][line:56][INFO] current batch testing result... Test Loss: 0.2652, Test Acc: 0.9375
[2023-04-18 22:22:10,596][test.py][line:56][INFO] current batch testing result... Test Loss: 0.2812, Test Acc: 0.9375
[2023-04-18 22:22:10,603][test.py][line:56][INFO] current batch testing result... Test Loss: 0.2304, Test Acc: 0.9062
[2023-04-18 22:22:10,613][test.py][line:56][INFO] current batch testing result... Test Loss: 0.0511, Test Acc: 0.9688
[2023-04-18 22:22:10,620][test.py][line:56][INFO] current batch testing result... Test Loss: 0.0032, Test Acc: 1.0000
[2023-04-18 22:22:10,630][test.py][line:56][INFO] current batch testing result... Test Loss: 0.4365, Test Acc: 0.8750
[2023-04-18 22:22:10,637][test.py][line:56][INFO] current batch testing result... Test Loss: 0.0001, Test Acc: 1.0000
[2023-04-18 22:22:10,647][test.py][line:56][INFO] current batch testing result... Test Loss: 0.0005, Test Acc: 1.0000
[2023-04-18 22:22:10,654][test.py][line:56][INFO] current batch testing result... Test Loss: 0.0001, Test Acc: 1.0000
[2023-04-18 22:22:10,663][test.py][line:56][INFO] current batch testing result... Test Loss: 0.0005, Test Acc: 1.0000
[2023-04-18 22:22:10,671][test.py][line:56][INFO] current batch testing result... Test Loss: 0.0002, Test Acc: 1.0000
[2023-04-18 22:22:10,679][test.py][line:56][INFO] current batch testing result... Test Loss: 0.0011, Test Acc: 1.0000
[2023-04-18 22:22:10,686][test.py][line:56][INFO] current batch testing result... Test Loss: 0.0754, Test Acc: 0.9688
[2023-04-18 22:22:10,696][test.py][line:56][INFO] current batch testing result... Test Loss: 0.0220, Test Acc: 1.0000
[2023-04-18 22:22:10,704][test.py][line:56][INFO] current batch testing result... Test Loss: 0.0002, Test Acc: 1.0000
[2023-04-18 22:22:10,713][test.py][line:56][INFO] current batch testing result... Test Loss: 0.0016, Test Acc: 1.0000
[2023-04-18 22:22:10,721][test.py][line:56][INFO] current batch testing result... Test Loss: 0.0036, Test Acc: 1.0000
[2023-04-18 22:22:10,730][test.py][line:56][INFO] current batch testing result... Test Loss: 0.1948, Test Acc: 0.9375
[2023-04-18 22:22:10,737][test.py][line:56][INFO] current batch testing result... Test Loss: 0.2213, Test Acc: 0.9062
[2023-04-18 22:22:10,747][test.py][line:56][INFO] current batch testing result... Test Loss: 0.3543, Test Acc: 0.9062
[2023-04-18 22:22:10,755][test.py][line:56][INFO] current batch testing result... Test Loss: 0.1683, Test Acc: 0.9375
[2023-04-18 22:22:10,764][test.py][line:56][INFO] current batch testing result... Test Loss: 0.0039, Test Acc: 1.0000
[2023-04-18 22:22:10,771][test.py][line:56][INFO] current batch testing result... Test Loss: 0.0369, Test Acc: 0.9688
[2023-04-18 22:22:10,780][test.py][line:56][INFO] current batch testing result... Test Loss: 0.0695, Test Acc: 0.9688
[2023-04-18 22:22:10,787][test.py][line:56][INFO] current batch testing result... Test Loss: 0.0855, Test Acc: 0.9688
[2023-04-18 22:22:10,797][test.py][line:56][INFO] current batch testing result... Test Loss: 0.0084, Test Acc: 1.0000
[2023-04-18 22:22:10,804][test.py][line:56][INFO] current batch testing result... Test Loss: 0.0129, Test Acc: 1.0000
[2023-04-18 22:22:10,814][test.py][line:56][INFO] current batch testing result... Test Loss: 0.0165, Test Acc: 1.0000
[2023-04-18 22:22:10,821][test.py][line:56][INFO] current batch testing result... Test Loss: 0.0016, Test Acc: 1.0000
[2023-04-18 22:22:10,828][test.py][line:56][INFO] current batch testing result... Test Loss: 0.0067, Test Acc: 1.0000
[2023-04-18 22:22:10,836][test.py][line:56][INFO] current batch testing result... Test Loss: 0.0029, Test Acc: 1.0000
[2023-04-18 22:22:10,846][test.py][line:56][INFO] current batch testing result... Test Loss: 0.0300, Test Acc: 1.0000
[2023-04-18 22:22:10,854][test.py][line:56][INFO] current batch testing result... Test Loss: 0.0011, Test Acc: 1.0000
[2023-04-18 22:22:10,863][test.py][line:56][INFO] current batch testing result... Test Loss: 0.0016, Test Acc: 1.0000
[2023-04-18 22:22:10,871][test.py][line:56][INFO] current batch testing result... Test Loss: 0.0036, Test Acc: 1.0000
[2023-04-18 22:22:10,881][test.py][line:56][INFO] current batch testing result... Test Loss: 0.0635, Test Acc: 0.9688
[2023-04-18 22:22:10,888][test.py][line:56][INFO] current batch testing result... Test Loss: 0.0022, Test Acc: 1.0000
[2023-04-18 22:22:10,897][test.py][line:56][INFO] current batch testing result... Test Loss: 0.0140, Test Acc: 1.0000
[2023-04-18 22:22:10,904][test.py][line:56][INFO] current batch testing result... Test Loss: 0.0068, Test Acc: 1.0000
[2023-04-18 22:22:10,914][test.py][line:56][INFO] current batch testing result... Test Loss: 0.0430, Test Acc: 0.9688
[2023-04-18 22:22:10,921][test.py][line:56][INFO] current batch testing result... Test Loss: 0.0034, Test Acc: 1.0000
[2023-04-18 22:22:10,931][test.py][line:56][INFO] current batch testing result... Test Loss: 0.0111, Test Acc: 1.0000
[2023-04-18 22:22:10,938][test.py][line:56][INFO] current batch testing result... Test Loss: 0.0062, Test Acc: 1.0000
[2023-04-18 22:22:10,947][test.py][line:56][INFO] current batch testing result... Test Loss: 0.0025, Test Acc: 1.0000
[2023-04-18 22:22:10,954][test.py][line:56][INFO] current batch testing result... Test Loss: 0.0140, Test Acc: 1.0000
[2023-04-18 22:22:10,963][test.py][line:56][INFO] current batch testing result... Test Loss: 0.2565, Test Acc: 0.9062
[2023-04-18 22:22:10,970][test.py][line:56][INFO] current batch testing result... Test Loss: 0.0325, Test Acc: 1.0000
[2023-04-18 22:22:10,979][test.py][line:56][INFO] current batch testing result... Test Loss: 0.0155, Test Acc: 1.0000
[2023-04-18 22:22:10,986][test.py][line:56][INFO] current batch testing result... Test Loss: 0.0266, Test Acc: 0.9688
[2023-04-18 22:22:10,996][test.py][line:56][INFO] current batch testing result... Test Loss: 0.0017, Test Acc: 1.0000
[2023-04-18 22:22:11,003][test.py][line:56][INFO] current batch testing result... Test Loss: 0.0019, Test Acc: 1.0000
[2023-04-18 22:22:11,013][test.py][line:56][INFO] current batch testing result... Test Loss: 0.0269, Test Acc: 0.9688
[2023-04-18 22:22:11,021][test.py][line:56][INFO] current batch testing result... Test Loss: 0.0226, Test Acc: 1.0000
[2023-04-18 22:22:11,030][test.py][line:56][INFO] current batch testing result... Test Loss: 0.0007, Test Acc: 1.0000
[2023-04-18 22:22:11,037][test.py][line:56][INFO] current batch testing result... Test Loss: 0.0189, Test Acc: 1.0000
[2023-04-18 22:22:11,047][test.py][line:56][INFO] current batch testing result... Test Loss: 0.0026, Test Acc: 1.0000
[2023-04-18 22:22:11,054][test.py][line:56][INFO] current batch testing result... Test Loss: 0.0677, Test Acc: 0.9688
[2023-04-18 22:22:11,063][test.py][line:56][INFO] current batch testing result... Test Loss: 0.0700, Test Acc: 0.9688
[2023-04-18 22:22:11,070][test.py][line:56][INFO] current batch testing result... Test Loss: 0.0089, Test Acc: 1.0000
[2023-04-18 22:22:11,080][test.py][line:56][INFO] current batch testing result... Test Loss: 0.0400, Test Acc: 0.9688
[2023-04-18 22:22:11,087][test.py][line:56][INFO] current batch testing result... Test Loss: 0.0230, Test Acc: 1.0000
[2023-04-18 22:22:11,097][test.py][line:56][INFO] current batch testing result... Test Loss: 0.0039, Test Acc: 1.0000
[2023-04-18 22:22:11,104][test.py][line:56][INFO] current batch testing result... Test Loss: 0.0068, Test Acc: 1.0000
[2023-04-18 22:22:11,113][test.py][line:56][INFO] current batch testing result... Test Loss: 0.0835, Test Acc: 0.9688
[2023-04-18 22:22:11,120][test.py][line:56][INFO] current batch testing result... Test Loss: 0.0834, Test Acc: 0.9375
[2023-04-18 22:22:11,130][test.py][line:56][INFO] current batch testing result... Test Loss: 0.3591, Test Acc: 0.9375
[2023-04-18 22:22:11,137][test.py][line:56][INFO] current batch testing result... Test Loss: 0.0239, Test Acc: 1.0000
[2023-04-18 22:22:11,147][test.py][line:56][INFO] current batch testing result... Test Loss: 0.0138, Test Acc: 1.0000
[2023-04-18 22:22:11,154][test.py][line:56][INFO] current batch testing result... Test Loss: 0.0642, Test Acc: 0.9688
[2023-04-18 22:22:11,163][test.py][line:56][INFO] current batch testing result... Test Loss: 0.0006, Test Acc: 1.0000
[2023-04-18 22:22:11,171][test.py][line:56][INFO] current batch testing result... Test Loss: 0.0103, Test Acc: 1.0000
[2023-04-18 22:22:11,180][test.py][line:56][INFO] current batch testing result... Test Loss: 0.0168, Test Acc: 1.0000
[2023-04-18 22:22:11,188][test.py][line:56][INFO] current batch testing result... Test Loss: 0.0129, Test Acc: 1.0000
[2023-04-18 22:22:11,196][test.py][line:56][INFO] current batch testing result... Test Loss: 0.0185, Test Acc: 1.0000
[2023-04-18 22:22:11,204][test.py][line:56][INFO] current batch testing result... Test Loss: 0.0100, Test Acc: 1.0000
[2023-04-18 22:22:11,213][test.py][line:56][INFO] current batch testing result... Test Loss: 0.0914, Test Acc: 0.9688
[2023-04-18 22:22:11,220][test.py][line:56][INFO] current batch testing result... Test Loss: 0.0097, Test Acc: 1.0000
[2023-04-18 22:22:11,230][test.py][line:56][INFO] current batch testing result... Test Loss: 0.0029, Test Acc: 1.0000
[2023-04-18 22:22:11,238][test.py][line:56][INFO] current batch testing result... Test Loss: 0.0059, Test Acc: 1.0000
[2023-04-18 22:22:11,247][test.py][line:56][INFO] current batch testing result... Test Loss: 0.2384, Test Acc: 0.9062
[2023-04-18 22:22:11,255][test.py][line:56][INFO] current batch testing result... Test Loss: 0.0002, Test Acc: 1.0000
[2023-04-18 22:22:11,264][test.py][line:56][INFO] current batch testing result... Test Loss: 0.0013, Test Acc: 1.0000
[2023-04-18 22:22:11,271][test.py][line:56][INFO] current batch testing result... Test Loss: 0.0004, Test Acc: 1.0000
[2023-04-18 22:22:11,281][test.py][line:56][INFO] current batch testing result... Test Loss: 0.0003, Test Acc: 1.0000
[2023-04-18 22:22:11,288][test.py][line:56][INFO] current batch testing result... Test Loss: 0.0001, Test Acc: 1.0000
[2023-04-18 22:22:11,297][test.py][line:56][INFO] current batch testing result... Test Loss: 0.0001, Test Acc: 1.0000
[2023-04-18 22:22:11,304][test.py][line:56][INFO] current batch testing result... Test Loss: 0.0000, Test Acc: 1.0000
[2023-04-18 22:22:11,314][test.py][line:56][INFO] current batch testing result... Test Loss: 0.0002, Test Acc: 1.0000
[2023-04-18 22:22:11,321][test.py][line:56][INFO] current batch testing result... Test Loss: 0.0004, Test Acc: 1.0000
[2023-04-18 22:22:11,329][test.py][line:56][INFO] current batch testing result... Test Loss: 0.0286, Test Acc: 0.9688
[2023-04-18 22:22:11,335][test.py][line:56][INFO] current batch testing result... Test Loss: 0.0005, Test Acc: 1.0000
[2023-04-18 22:22:11,346][test.py][line:56][INFO] current batch testing result... Test Loss: 0.0005, Test Acc: 1.0000
[2023-04-18 22:22:11,353][test.py][line:56][INFO] current batch testing result... Test Loss: 0.0003, Test Acc: 1.0000
[2023-04-18 22:22:11,363][test.py][line:56][INFO] current batch testing result... Test Loss: 0.0001, Test Acc: 1.0000
[2023-04-18 22:22:11,370][test.py][line:56][INFO] current batch testing result... Test Loss: 0.5208, Test Acc: 0.9062
[2023-04-18 22:22:11,380][test.py][line:56][INFO] current batch testing result... Test Loss: 0.2648, Test Acc: 0.9375
[2023-04-18 22:22:11,387][test.py][line:56][INFO] current batch testing result... Test Loss: 0.0651, Test Acc: 0.9688
[2023-04-18 22:22:11,396][test.py][line:56][INFO] current batch testing result... Test Loss: 0.0005, Test Acc: 1.0000
[2023-04-18 22:22:11,403][test.py][line:56][INFO] current batch testing result... Test Loss: 0.0003, Test Acc: 1.0000
[2023-04-18 22:22:11,413][test.py][line:56][INFO] current batch testing result... Test Loss: 0.0104, Test Acc: 1.0000
[2023-04-18 22:22:11,420][test.py][line:56][INFO] current batch testing result... Test Loss: 0.0987, Test Acc: 0.9375
[2023-04-18 22:22:11,429][test.py][line:56][INFO] current batch testing result... Test Loss: 0.0014, Test Acc: 1.0000
[2023-04-18 22:22:11,436][test.py][line:56][INFO] current batch testing result... Test Loss: 0.0018, Test Acc: 1.0000
[2023-04-18 22:22:11,446][test.py][line:56][INFO] current batch testing result... Test Loss: 0.0040, Test Acc: 1.0000
[2023-04-18 22:22:11,454][test.py][line:56][INFO] current batch testing result... Test Loss: 0.0056, Test Acc: 1.0000
[2023-04-18 22:22:11,463][test.py][line:56][INFO] current batch testing result... Test Loss: 0.0002, Test Acc: 1.0000
[2023-04-18 22:22:11,470][test.py][line:56][INFO] current batch testing result... Test Loss: 0.0752, Test Acc: 0.9688
[2023-04-18 22:22:11,480][test.py][line:56][INFO] current batch testing result... Test Loss: 0.2491, Test Acc: 0.9375
[2023-04-18 22:22:11,487][test.py][line:56][INFO] current batch testing result... Test Loss: 0.0088, Test Acc: 1.0000
[2023-04-18 22:22:11,496][test.py][line:56][INFO] current batch testing result... Test Loss: 0.0517, Test Acc: 0.9688
[2023-04-18 22:22:11,504][test.py][line:56][INFO] current batch testing result... Test Loss: 0.0057, Test Acc: 1.0000
[2023-04-18 22:22:11,513][test.py][line:56][INFO] current batch testing result... Test Loss: 0.0632, Test Acc: 0.9688
[2023-04-18 22:22:11,521][test.py][line:56][INFO] current batch testing result... Test Loss: 0.0810, Test Acc: 0.9688
[2023-04-18 22:22:11,530][test.py][line:56][INFO] current batch testing result... Test Loss: 0.0880, Test Acc: 0.9688
[2023-04-18 22:22:11,537][test.py][line:56][INFO] current batch testing result... Test Loss: 0.2080, Test Acc: 0.9062
[2023-04-18 22:22:11,547][test.py][line:56][INFO] current batch testing result... Test Loss: 0.1578, Test Acc: 0.9688
[2023-04-18 22:22:11,554][test.py][line:56][INFO] current batch testing result... Test Loss: 0.0805, Test Acc: 0.9688
[2023-04-18 22:22:11,564][test.py][line:56][INFO] current batch testing result... Test Loss: 0.4773, Test Acc: 0.9062
[2023-04-18 22:22:11,571][test.py][line:56][INFO] current batch testing result... Test Loss: 0.6074, Test Acc: 0.9062
[2023-04-18 22:22:11,580][test.py][line:56][INFO] current batch testing result... Test Loss: 0.2698, Test Acc: 0.9062
[2023-04-18 22:22:11,587][test.py][line:56][INFO] current batch testing result... Test Loss: 0.2228, Test Acc: 0.9375
[2023-04-18 22:22:11,597][test.py][line:56][INFO] current batch testing result... Test Loss: 0.0594, Test Acc: 1.0000
[2023-04-18 22:22:11,604][test.py][line:56][INFO] current batch testing result... Test Loss: 0.2020, Test Acc: 0.9062
[2023-04-18 22:22:11,613][test.py][line:56][INFO] current batch testing result... Test Loss: 0.3741, Test Acc: 0.9062
[2023-04-18 22:22:11,621][test.py][line:56][INFO] current batch testing result... Test Loss: 0.1758, Test Acc: 0.9375
[2023-04-18 22:22:11,625][test.py][line:56][INFO] current batch testing result... Test Loss: 0.0080, Test Acc: 0.5000
[2023-04-18 22:22:11,628][test.py][line:70][INFO] total test loss: 0.1259, average test accuracy: 0.9624
