[2023-04-04 19:37:40,504][train.py][line:18][INFO] Start trainning......
[2023-04-04 19:38:00,279][train.py][line:53][INFO] Epoch:[1/5]	 loss=0.65927	 acc=0.867
[2023-04-04 19:38:19,123][train.py][line:53][INFO] Epoch:[2/5]	 loss=0.18858	 acc=0.933
[2023-04-04 19:38:37,998][train.py][line:53][INFO] Epoch:[3/5]	 loss=0.47113	 acc=0.933
[2023-04-04 19:38:56,791][train.py][line:53][INFO] Epoch:[4/5]	 loss=0.04239	 acc=1.000
[2023-04-04 19:39:16,783][train.py][line:53][INFO] Epoch:[5/5]	 loss=0.69686	 acc=0.733
[2023-04-04 19:39:16,783][train.py][line:58][INFO] Finish training!
[2023-04-04 19:39:17,079][test.py][line:11][INFO] Start testing...
[2023-04-04 19:39:17,095][test.py][line:49][INFO] current batch testing result... Test Loss: 0.1047, Test Acc: 0.9688
[2023-04-04 19:39:17,109][test.py][line:49][INFO] current batch testing result... Test Loss: 0.0577, Test Acc: 1.0000
[2023-04-04 19:39:17,119][test.py][line:49][INFO] current batch testing result... Test Loss: 0.0791, Test Acc: 0.9688
[2023-04-04 19:39:17,130][test.py][line:49][INFO] current batch testing result... Test Loss: 0.0371, Test Acc: 1.0000
[2023-04-04 19:39:17,144][test.py][line:49][INFO] current batch testing result... Test Loss: 0.0293, Test Acc: 1.0000
[2023-04-04 19:39:17,154][test.py][line:49][INFO] current batch testing result... Test Loss: 0.0330, Test Acc: 1.0000
[2023-04-04 19:39:17,166][test.py][line:49][INFO] current batch testing result... Test Loss: 0.0535, Test Acc: 1.0000
[2023-04-04 19:39:17,177][test.py][line:49][INFO] current batch testing result... Test Loss: 0.2546, Test Acc: 0.9062
[2023-04-04 19:39:17,186][test.py][line:49][INFO] current batch testing result... Test Loss: 0.2728, Test Acc: 0.9375
[2023-04-04 19:39:17,197][test.py][line:49][INFO] current batch testing result... Test Loss: 0.0712, Test Acc: 0.9688
[2023-04-04 19:39:17,210][test.py][line:49][INFO] current batch testing result... Test Loss: 0.3415, Test Acc: 0.8750
[2023-04-04 19:39:17,223][test.py][line:49][INFO] current batch testing result... Test Loss: 0.3644, Test Acc: 0.9062
[2023-04-04 19:39:17,234][test.py][line:49][INFO] current batch testing result... Test Loss: 0.1085, Test Acc: 0.9688
[2023-04-04 19:39:17,245][test.py][line:49][INFO] current batch testing result... Test Loss: 0.2299, Test Acc: 0.9375
[2023-04-04 19:39:17,257][test.py][line:49][INFO] current batch testing result... Test Loss: 0.1785, Test Acc: 0.9062
[2023-04-04 19:39:17,269][test.py][line:49][INFO] current batch testing result... Test Loss: 0.1677, Test Acc: 0.9375
[2023-04-04 19:39:17,279][test.py][line:49][INFO] current batch testing result... Test Loss: 0.2399, Test Acc: 0.9062
[2023-04-04 19:39:17,294][test.py][line:49][INFO] current batch testing result... Test Loss: 0.1765, Test Acc: 0.9062
[2023-04-04 19:39:17,303][test.py][line:49][INFO] current batch testing result... Test Loss: 0.3497, Test Acc: 0.9062
[2023-04-04 19:39:17,315][test.py][line:49][INFO] current batch testing result... Test Loss: 0.1569, Test Acc: 0.9375
[2023-04-04 19:39:17,327][test.py][line:49][INFO] current batch testing result... Test Loss: 0.1573, Test Acc: 0.9375
[2023-04-04 19:39:17,336][test.py][line:49][INFO] current batch testing result... Test Loss: 0.2013, Test Acc: 0.9375
[2023-04-04 19:39:17,346][test.py][line:49][INFO] current batch testing result... Test Loss: 0.0695, Test Acc: 0.9688
[2023-04-04 19:39:17,358][test.py][line:49][INFO] current batch testing result... Test Loss: 0.1534, Test Acc: 0.9688
[2023-04-04 19:39:17,368][test.py][line:49][INFO] current batch testing result... Test Loss: 0.0658, Test Acc: 1.0000
[2023-04-04 19:39:17,378][test.py][line:49][INFO] current batch testing result... Test Loss: 0.0244, Test Acc: 1.0000
[2023-04-04 19:39:17,394][test.py][line:49][INFO] current batch testing result... Test Loss: 0.2141, Test Acc: 0.9688
[2023-04-04 19:39:17,407][test.py][line:49][INFO] current batch testing result... Test Loss: 0.1090, Test Acc: 0.9688
[2023-04-04 19:39:17,417][test.py][line:49][INFO] current batch testing result... Test Loss: 0.1006, Test Acc: 0.9375
[2023-04-04 19:39:17,431][test.py][line:49][INFO] current batch testing result... Test Loss: 0.5048, Test Acc: 0.8438
[2023-04-04 19:39:17,445][test.py][line:49][INFO] current batch testing result... Test Loss: 0.1047, Test Acc: 0.9688
[2023-04-04 19:39:17,460][test.py][line:49][INFO] current batch testing result... Test Loss: 0.2405, Test Acc: 0.9688
[2023-04-04 19:39:17,469][test.py][line:49][INFO] current batch testing result... Test Loss: 0.1600, Test Acc: 0.9062
[2023-04-04 19:39:17,480][test.py][line:49][INFO] current batch testing result... Test Loss: 0.1848, Test Acc: 0.9375
[2023-04-04 19:39:17,494][test.py][line:49][INFO] current batch testing result... Test Loss: 0.2480, Test Acc: 0.9375
[2023-04-04 19:39:17,503][test.py][line:49][INFO] current batch testing result... Test Loss: 0.1841, Test Acc: 0.9375
[2023-04-04 19:39:17,514][test.py][line:49][INFO] current batch testing result... Test Loss: 0.2070, Test Acc: 0.9062
[2023-04-04 19:39:17,527][test.py][line:49][INFO] current batch testing result... Test Loss: 0.2162, Test Acc: 0.9062
[2023-04-04 19:39:17,539][test.py][line:49][INFO] current batch testing result... Test Loss: 0.5846, Test Acc: 0.8750
[2023-04-04 19:39:17,551][test.py][line:49][INFO] current batch testing result... Test Loss: 0.2149, Test Acc: 0.9062
[2023-04-04 19:39:17,561][test.py][line:49][INFO] current batch testing result... Test Loss: 0.3108, Test Acc: 0.8750
[2023-04-04 19:39:17,575][test.py][line:49][INFO] current batch testing result... Test Loss: 0.3677, Test Acc: 0.9062
[2023-04-04 19:39:17,585][test.py][line:49][INFO] current batch testing result... Test Loss: 0.1702, Test Acc: 0.9688
[2023-04-04 19:39:17,595][test.py][line:49][INFO] current batch testing result... Test Loss: 0.1590, Test Acc: 0.9375
[2023-04-04 19:39:17,606][test.py][line:49][INFO] current batch testing result... Test Loss: 0.1683, Test Acc: 0.9062
[2023-04-04 19:39:17,618][test.py][line:49][INFO] current batch testing result... Test Loss: 0.2621, Test Acc: 0.9375
[2023-04-04 19:39:17,628][test.py][line:49][INFO] current batch testing result... Test Loss: 0.1653, Test Acc: 0.9375
[2023-04-04 19:39:17,640][test.py][line:49][INFO] current batch testing result... Test Loss: 0.4338, Test Acc: 0.8750
[2023-04-04 19:39:17,650][test.py][line:49][INFO] current batch testing result... Test Loss: 0.2579, Test Acc: 0.9062
[2023-04-04 19:39:17,662][test.py][line:49][INFO] current batch testing result... Test Loss: 0.2637, Test Acc: 0.9062
[2023-04-04 19:39:17,676][test.py][line:49][INFO] current batch testing result... Test Loss: 0.1147, Test Acc: 0.9375
[2023-04-04 19:39:17,685][test.py][line:49][INFO] current batch testing result... Test Loss: 0.0371, Test Acc: 1.0000
[2023-04-04 19:39:17,694][test.py][line:49][INFO] current batch testing result... Test Loss: 0.5096, Test Acc: 0.8750
[2023-04-04 19:39:17,703][test.py][line:49][INFO] current batch testing result... Test Loss: 0.3020, Test Acc: 0.9375
[2023-04-04 19:39:17,712][test.py][line:49][INFO] current batch testing result... Test Loss: 0.1968, Test Acc: 0.8750
[2023-04-04 19:39:17,727][test.py][line:49][INFO] current batch testing result... Test Loss: 0.3334, Test Acc: 0.8750
[2023-04-04 19:39:17,736][test.py][line:49][INFO] current batch testing result... Test Loss: 0.2007, Test Acc: 0.9375
[2023-04-04 19:39:17,746][test.py][line:49][INFO] current batch testing result... Test Loss: 0.2605, Test Acc: 0.9062
[2023-04-04 19:39:17,760][test.py][line:49][INFO] current batch testing result... Test Loss: 0.3659, Test Acc: 0.8750
[2023-04-04 19:39:17,770][test.py][line:49][INFO] current batch testing result... Test Loss: 0.1829, Test Acc: 0.9375
[2023-04-04 19:39:17,780][test.py][line:49][INFO] current batch testing result... Test Loss: 0.2601, Test Acc: 0.9062
[2023-04-04 19:39:17,794][test.py][line:49][INFO] current batch testing result... Test Loss: 0.1319, Test Acc: 0.9688
[2023-04-04 19:39:17,807][test.py][line:49][INFO] current batch testing result... Test Loss: 0.2903, Test Acc: 0.9375
[2023-04-04 19:39:17,818][test.py][line:49][INFO] current batch testing result... Test Loss: 0.5331, Test Acc: 0.8438
[2023-04-04 19:39:17,827][test.py][line:49][INFO] current batch testing result... Test Loss: 0.1710, Test Acc: 0.9062
[2023-04-04 19:39:17,836][test.py][line:49][INFO] current batch testing result... Test Loss: 0.4647, Test Acc: 0.9062
[2023-04-04 19:39:17,845][test.py][line:49][INFO] current batch testing result... Test Loss: 0.4273, Test Acc: 0.8750
[2023-04-04 19:39:17,853][test.py][line:49][INFO] current batch testing result... Test Loss: 0.0581, Test Acc: 1.0000
[2023-04-04 19:39:17,864][test.py][line:49][INFO] current batch testing result... Test Loss: 0.3565, Test Acc: 0.9062
[2023-04-04 19:39:17,877][test.py][line:49][INFO] current batch testing result... Test Loss: 0.1111, Test Acc: 0.9375
[2023-04-04 19:39:17,885][test.py][line:49][INFO] current batch testing result... Test Loss: 0.1202, Test Acc: 0.9688
[2023-04-04 19:39:17,895][test.py][line:49][INFO] current batch testing result... Test Loss: 0.6271, Test Acc: 0.8750
[2023-04-04 19:39:17,902][test.py][line:49][INFO] current batch testing result... Test Loss: 0.0460, Test Acc: 1.0000
[2023-04-04 19:39:17,911][test.py][line:49][INFO] current batch testing result... Test Loss: 0.0680, Test Acc: 0.9375
[2023-04-04 19:39:17,919][test.py][line:49][INFO] current batch testing result... Test Loss: 0.2484, Test Acc: 0.8750
[2023-04-04 19:39:17,929][test.py][line:49][INFO] current batch testing result... Test Loss: 0.2954, Test Acc: 0.8750
[2023-04-04 19:39:17,943][test.py][line:49][INFO] current batch testing result... Test Loss: 0.1224, Test Acc: 0.9688
[2023-04-04 19:39:17,953][test.py][line:49][INFO] current batch testing result... Test Loss: 0.1476, Test Acc: 0.9688
[2023-04-04 19:39:17,962][test.py][line:49][INFO] current batch testing result... Test Loss: 0.0725, Test Acc: 1.0000
[2023-04-04 19:39:17,972][test.py][line:49][INFO] current batch testing result... Test Loss: 0.1088, Test Acc: 0.9375
[2023-04-04 19:39:17,983][test.py][line:49][INFO] current batch testing result... Test Loss: 0.1162, Test Acc: 0.9062
[2023-04-04 19:39:17,994][test.py][line:49][INFO] current batch testing result... Test Loss: 0.2887, Test Acc: 0.9062
[2023-04-04 19:39:18,002][test.py][line:49][INFO] current batch testing result... Test Loss: 0.3289, Test Acc: 0.8750
[2023-04-04 19:39:18,012][test.py][line:49][INFO] current batch testing result... Test Loss: 0.0182, Test Acc: 1.0000
[2023-04-04 19:39:18,020][test.py][line:49][INFO] current batch testing result... Test Loss: 0.0386, Test Acc: 1.0000
[2023-04-04 19:39:18,030][test.py][line:49][INFO] current batch testing result... Test Loss: 0.2113, Test Acc: 0.9062
[2023-04-04 19:39:18,042][test.py][line:49][INFO] current batch testing result... Test Loss: 0.1401, Test Acc: 0.9375
[2023-04-04 19:39:18,051][test.py][line:49][INFO] current batch testing result... Test Loss: 0.0576, Test Acc: 1.0000
[2023-04-04 19:39:18,062][test.py][line:49][INFO] current batch testing result... Test Loss: 0.0226, Test Acc: 1.0000
[2023-04-04 19:39:18,070][test.py][line:49][INFO] current batch testing result... Test Loss: 0.1110, Test Acc: 0.9688
[2023-04-04 19:39:18,079][test.py][line:49][INFO] current batch testing result... Test Loss: 0.2706, Test Acc: 0.9688
[2023-04-04 19:39:18,091][test.py][line:49][INFO] current batch testing result... Test Loss: 0.4281, Test Acc: 0.8438
[2023-04-04 19:39:18,101][test.py][line:49][INFO] current batch testing result... Test Loss: 0.1690, Test Acc: 0.9375
[2023-04-04 19:39:18,113][test.py][line:49][INFO] current batch testing result... Test Loss: 0.2420, Test Acc: 0.9062
[2023-04-04 19:39:18,127][test.py][line:49][INFO] current batch testing result... Test Loss: 0.2039, Test Acc: 0.9062
[2023-04-04 19:39:18,136][test.py][line:49][INFO] current batch testing result... Test Loss: 0.1673, Test Acc: 0.9062
[2023-04-04 19:39:18,144][test.py][line:49][INFO] current batch testing result... Test Loss: 0.1991, Test Acc: 0.9688
[2023-04-04 19:39:18,153][test.py][line:49][INFO] current batch testing result... Test Loss: 0.4183, Test Acc: 0.8750
[2023-04-04 19:39:18,164][test.py][line:49][INFO] current batch testing result... Test Loss: 0.1920, Test Acc: 0.9375
[2023-04-04 19:39:18,176][test.py][line:49][INFO] current batch testing result... Test Loss: 0.0783, Test Acc: 0.9688
[2023-04-04 19:39:18,185][test.py][line:49][INFO] current batch testing result... Test Loss: 0.0703, Test Acc: 0.9688
[2023-04-04 19:39:18,195][test.py][line:49][INFO] current batch testing result... Test Loss: 0.0811, Test Acc: 1.0000
[2023-04-04 19:39:18,203][test.py][line:49][INFO] current batch testing result... Test Loss: 0.3446, Test Acc: 0.9062
[2023-04-04 19:39:18,212][test.py][line:49][INFO] current batch testing result... Test Loss: 0.0523, Test Acc: 0.9688
[2023-04-04 19:39:18,222][test.py][line:49][INFO] current batch testing result... Test Loss: 0.1866, Test Acc: 0.8750
[2023-04-04 19:39:18,231][test.py][line:49][INFO] current batch testing result... Test Loss: 0.1039, Test Acc: 0.9688
[2023-04-04 19:39:18,243][test.py][line:49][INFO] current batch testing result... Test Loss: 0.1121, Test Acc: 0.9688
[2023-04-04 19:39:18,252][test.py][line:49][INFO] current batch testing result... Test Loss: 0.0319, Test Acc: 1.0000
[2023-04-04 19:39:18,263][test.py][line:49][INFO] current batch testing result... Test Loss: 0.1808, Test Acc: 0.9375
[2023-04-04 19:39:18,277][test.py][line:49][INFO] current batch testing result... Test Loss: 0.2070, Test Acc: 0.9375
[2023-04-04 19:39:18,294][test.py][line:49][INFO] current batch testing result... Test Loss: 0.3950, Test Acc: 0.9375
[2023-04-04 19:39:18,302][test.py][line:49][INFO] current batch testing result... Test Loss: 0.3911, Test Acc: 0.8750
[2023-04-04 19:39:18,311][test.py][line:49][INFO] current batch testing result... Test Loss: 0.1364, Test Acc: 0.9688
[2023-04-04 19:39:18,319][test.py][line:49][INFO] current batch testing result... Test Loss: 0.1274, Test Acc: 0.9062
[2023-04-04 19:39:18,328][test.py][line:49][INFO] current batch testing result... Test Loss: 0.2804, Test Acc: 0.9062
[2023-04-04 19:39:18,336][test.py][line:49][INFO] current batch testing result... Test Loss: 0.1094, Test Acc: 0.9375
[2023-04-04 19:39:18,347][test.py][line:49][INFO] current batch testing result... Test Loss: 0.1212, Test Acc: 0.9688
[2023-04-04 19:39:18,360][test.py][line:49][INFO] current batch testing result... Test Loss: 0.4111, Test Acc: 0.8438
[2023-04-04 19:39:18,369][test.py][line:49][INFO] current batch testing result... Test Loss: 0.2954, Test Acc: 0.9062
[2023-04-04 19:39:18,379][test.py][line:49][INFO] current batch testing result... Test Loss: 0.2797, Test Acc: 0.8438
[2023-04-04 19:39:18,392][test.py][line:49][INFO] current batch testing result... Test Loss: 0.4058, Test Acc: 0.9062
[2023-04-04 19:39:18,401][test.py][line:49][INFO] current batch testing result... Test Loss: 0.1728, Test Acc: 0.9375
[2023-04-04 19:39:18,411][test.py][line:49][INFO] current batch testing result... Test Loss: 0.2200, Test Acc: 0.9688
[2023-04-04 19:39:18,420][test.py][line:49][INFO] current batch testing result... Test Loss: 0.3639, Test Acc: 0.9062
[2023-04-04 19:39:18,430][test.py][line:49][INFO] current batch testing result... Test Loss: 0.2350, Test Acc: 0.9062
[2023-04-04 19:39:18,444][test.py][line:49][INFO] current batch testing result... Test Loss: 0.1002, Test Acc: 0.9688
[2023-04-04 19:39:18,454][test.py][line:49][INFO] current batch testing result... Test Loss: 0.0723, Test Acc: 0.9688
[2023-04-04 19:39:18,465][test.py][line:49][INFO] current batch testing result... Test Loss: 0.5603, Test Acc: 0.8438
[2023-04-04 19:39:18,477][test.py][line:49][INFO] current batch testing result... Test Loss: 0.0673, Test Acc: 1.0000
[2023-04-04 19:39:18,486][test.py][line:49][INFO] current batch testing result... Test Loss: 0.4243, Test Acc: 0.8750
[2023-04-04 19:39:18,495][test.py][line:49][INFO] current batch testing result... Test Loss: 0.0742, Test Acc: 1.0000
[2023-04-04 19:39:18,503][test.py][line:49][INFO] current batch testing result... Test Loss: 0.3790, Test Acc: 0.8750
[2023-04-04 19:39:18,513][test.py][line:49][INFO] current batch testing result... Test Loss: 0.2597, Test Acc: 0.9062
[2023-04-04 19:39:18,525][test.py][line:49][INFO] current batch testing result... Test Loss: 0.1251, Test Acc: 0.9375
[2023-04-04 19:39:18,534][test.py][line:49][INFO] current batch testing result... Test Loss: 0.6073, Test Acc: 0.9062
[2023-04-04 19:39:18,545][test.py][line:49][INFO] current batch testing result... Test Loss: 0.0885, Test Acc: 0.9688
[2023-04-04 19:39:18,559][test.py][line:49][INFO] current batch testing result... Test Loss: 0.4271, Test Acc: 0.8438
[2023-04-04 19:39:18,568][test.py][line:49][INFO] current batch testing result... Test Loss: 0.0347, Test Acc: 1.0000
[2023-04-04 19:39:18,579][test.py][line:49][INFO] current batch testing result... Test Loss: 0.3314, Test Acc: 0.8750
[2023-04-04 19:39:18,593][test.py][line:49][INFO] current batch testing result... Test Loss: 0.1191, Test Acc: 0.9375
[2023-04-04 19:39:18,601][test.py][line:49][INFO] current batch testing result... Test Loss: 0.3557, Test Acc: 0.9688
[2023-04-04 19:39:18,609][test.py][line:49][INFO] current batch testing result... Test Loss: 0.1766, Test Acc: 0.9062
[2023-04-04 19:39:18,618][test.py][line:49][INFO] current batch testing result... Test Loss: 0.0995, Test Acc: 0.9688
[2023-04-04 19:39:18,630][test.py][line:49][INFO] current batch testing result... Test Loss: 0.2329, Test Acc: 0.9688
[2023-04-04 19:39:18,643][test.py][line:49][INFO] current batch testing result... Test Loss: 0.2631, Test Acc: 0.9062
[2023-04-04 19:39:18,652][test.py][line:49][INFO] current batch testing result... Test Loss: 0.0578, Test Acc: 0.9688
[2023-04-04 19:39:18,662][test.py][line:49][INFO] current batch testing result... Test Loss: 0.0216, Test Acc: 1.0000
[2023-04-04 19:39:18,673][test.py][line:49][INFO] current batch testing result... Test Loss: 0.1508, Test Acc: 0.9062
[2023-04-04 19:39:18,681][test.py][line:49][INFO] current batch testing result... Test Loss: 0.1198, Test Acc: 0.9688
[2023-04-04 19:39:18,693][test.py][line:49][INFO] current batch testing result... Test Loss: 0.0221, Test Acc: 1.0000
[2023-04-04 19:39:18,702][test.py][line:49][INFO] current batch testing result... Test Loss: 0.5439, Test Acc: 0.8750
[2023-04-04 19:39:18,711][test.py][line:49][INFO] current batch testing result... Test Loss: 0.1269, Test Acc: 0.9688
[2023-04-04 19:39:18,720][test.py][line:49][INFO] current batch testing result... Test Loss: 0.3630, Test Acc: 0.9375
[2023-04-04 19:39:18,730][test.py][line:49][INFO] current batch testing result... Test Loss: 0.0812, Test Acc: 0.9688
[2023-04-04 19:39:18,743][test.py][line:49][INFO] current batch testing result... Test Loss: 0.3166, Test Acc: 0.9375
[2023-04-04 19:39:18,752][test.py][line:49][INFO] current batch testing result... Test Loss: 0.2207, Test Acc: 0.9062
[2023-04-04 19:39:18,762][test.py][line:49][INFO] current batch testing result... Test Loss: 0.0774, Test Acc: 0.9688
[2023-04-04 19:39:18,770][test.py][line:49][INFO] current batch testing result... Test Loss: 0.0262, Test Acc: 1.0000
[2023-04-04 19:39:18,781][test.py][line:49][INFO] current batch testing result... Test Loss: 0.1114, Test Acc: 0.9688
[2023-04-04 19:39:18,793][test.py][line:49][INFO] current batch testing result... Test Loss: 0.0236, Test Acc: 1.0000
[2023-04-04 19:39:18,802][test.py][line:49][INFO] current batch testing result... Test Loss: 0.1176, Test Acc: 0.9688
[2023-04-04 19:39:18,812][test.py][line:49][INFO] current batch testing result... Test Loss: 0.1000, Test Acc: 0.9375
[2023-04-04 19:39:18,826][test.py][line:49][INFO] current batch testing result... Test Loss: 0.0727, Test Acc: 0.9688
[2023-04-04 19:39:18,835][test.py][line:49][INFO] current batch testing result... Test Loss: 0.0226, Test Acc: 1.0000
[2023-04-04 19:39:18,844][test.py][line:49][INFO] current batch testing result... Test Loss: 0.0381, Test Acc: 1.0000
[2023-04-04 19:39:18,853][test.py][line:49][INFO] current batch testing result... Test Loss: 0.0953, Test Acc: 0.9375
[2023-04-04 19:39:18,863][test.py][line:49][INFO] current batch testing result... Test Loss: 0.2926, Test Acc: 0.9688
[2023-04-04 19:39:18,876][test.py][line:49][INFO] current batch testing result... Test Loss: 0.0594, Test Acc: 0.9688
[2023-04-04 19:39:18,885][test.py][line:49][INFO] current batch testing result... Test Loss: 0.0712, Test Acc: 0.9688
[2023-04-04 19:39:18,893][test.py][line:49][INFO] current batch testing result... Test Loss: 0.1424, Test Acc: 0.9375
[2023-04-04 19:39:18,903][test.py][line:49][INFO] current batch testing result... Test Loss: 0.1576, Test Acc: 0.9688
[2023-04-04 19:39:18,913][test.py][line:49][INFO] current batch testing result... Test Loss: 0.0407, Test Acc: 0.9688
[2023-04-04 19:39:18,926][test.py][line:49][INFO] current batch testing result... Test Loss: 0.0268, Test Acc: 1.0000
[2023-04-04 19:39:18,936][test.py][line:49][INFO] current batch testing result... Test Loss: 0.0448, Test Acc: 0.9688
[2023-04-04 19:39:18,946][test.py][line:49][INFO] current batch testing result... Test Loss: 0.0556, Test Acc: 1.0000
[2023-04-04 19:39:18,959][test.py][line:49][INFO] current batch testing result... Test Loss: 0.2171, Test Acc: 0.8750
[2023-04-04 19:39:18,967][test.py][line:49][INFO] current batch testing result... Test Loss: 0.3623, Test Acc: 0.9688
[2023-04-04 19:39:18,977][test.py][line:49][INFO] current batch testing result... Test Loss: 0.0279, Test Acc: 1.0000
[2023-04-04 19:39:18,988][test.py][line:49][INFO] current batch testing result... Test Loss: 0.0391, Test Acc: 0.9688
[2023-04-04 19:39:18,997][test.py][line:49][INFO] current batch testing result... Test Loss: 0.3724, Test Acc: 0.9375
[2023-04-04 19:39:19,010][test.py][line:49][INFO] current batch testing result... Test Loss: 0.0154, Test Acc: 1.0000
[2023-04-04 19:39:19,019][test.py][line:49][INFO] current batch testing result... Test Loss: 0.0033, Test Acc: 1.0000
[2023-04-04 19:39:19,027][test.py][line:49][INFO] current batch testing result... Test Loss: 0.1364, Test Acc: 0.9375
[2023-04-04 19:39:19,036][test.py][line:49][INFO] current batch testing result... Test Loss: 0.2256, Test Acc: 0.9688
[2023-04-04 19:39:19,045][test.py][line:49][INFO] current batch testing result... Test Loss: 0.1206, Test Acc: 0.9688
[2023-04-04 19:39:19,055][test.py][line:49][INFO] current batch testing result... Test Loss: 0.2043, Test Acc: 0.9062
[2023-04-04 19:39:19,066][test.py][line:49][INFO] current batch testing result... Test Loss: 0.2807, Test Acc: 0.9062
[2023-04-04 19:39:19,076][test.py][line:49][INFO] current batch testing result... Test Loss: 0.0643, Test Acc: 1.0000
[2023-04-04 19:39:19,085][test.py][line:49][INFO] current batch testing result... Test Loss: 0.2475, Test Acc: 0.9062
[2023-04-04 19:39:19,095][test.py][line:49][INFO] current batch testing result... Test Loss: 0.2216, Test Acc: 0.9062
[2023-04-04 19:39:19,105][test.py][line:49][INFO] current batch testing result... Test Loss: 0.0373, Test Acc: 1.0000
[2023-04-04 19:39:19,114][test.py][line:49][INFO] current batch testing result... Test Loss: 0.0020, Test Acc: 1.0000
[2023-04-04 19:39:19,127][test.py][line:49][INFO] current batch testing result... Test Loss: 0.1563, Test Acc: 0.9062
[2023-04-04 19:39:19,136][test.py][line:49][INFO] current batch testing result... Test Loss: 0.0022, Test Acc: 1.0000
[2023-04-04 19:39:19,145][test.py][line:49][INFO] current batch testing result... Test Loss: 0.0056, Test Acc: 1.0000
[2023-04-04 19:39:19,157][test.py][line:49][INFO] current batch testing result... Test Loss: 0.0013, Test Acc: 1.0000
[2023-04-04 19:39:19,177][test.py][line:49][INFO] current batch testing result... Test Loss: 0.0040, Test Acc: 1.0000
[2023-04-04 19:39:19,186][test.py][line:49][INFO] current batch testing result... Test Loss: 0.0064, Test Acc: 1.0000
[2023-04-04 19:39:19,196][test.py][line:49][INFO] current batch testing result... Test Loss: 0.0391, Test Acc: 0.9688
[2023-04-04 19:39:19,209][test.py][line:49][INFO] current batch testing result... Test Loss: 0.0490, Test Acc: 1.0000
[2023-04-04 19:39:19,218][test.py][line:49][INFO] current batch testing result... Test Loss: 0.0260, Test Acc: 1.0000
[2023-04-04 19:39:19,229][test.py][line:49][INFO] current batch testing result... Test Loss: 0.0047, Test Acc: 1.0000
[2023-04-04 19:39:19,237][test.py][line:49][INFO] current batch testing result... Test Loss: 0.0384, Test Acc: 0.9688
[2023-04-04 19:39:19,247][test.py][line:49][INFO] current batch testing result... Test Loss: 0.1048, Test Acc: 0.9688
[2023-04-04 19:39:19,260][test.py][line:49][INFO] current batch testing result... Test Loss: 0.2042, Test Acc: 0.9688
[2023-04-04 19:39:19,267][test.py][line:49][INFO] current batch testing result... Test Loss: 0.2871, Test Acc: 0.9062
[2023-04-04 19:39:19,277][test.py][line:49][INFO] current batch testing result... Test Loss: 0.5204, Test Acc: 0.8750
[2023-04-04 19:39:19,286][test.py][line:49][INFO] current batch testing result... Test Loss: 0.3847, Test Acc: 0.9375
[2023-04-04 19:39:19,295][test.py][line:49][INFO] current batch testing result... Test Loss: 0.0220, Test Acc: 1.0000
[2023-04-04 19:39:19,309][test.py][line:49][INFO] current batch testing result... Test Loss: 0.0465, Test Acc: 1.0000
[2023-04-04 19:39:19,318][test.py][line:49][INFO] current batch testing result... Test Loss: 0.1202, Test Acc: 0.9375
[2023-04-04 19:39:19,328][test.py][line:49][INFO] current batch testing result... Test Loss: 0.2146, Test Acc: 0.9062
[2023-04-04 19:39:19,336][test.py][line:49][INFO] current batch testing result... Test Loss: 0.0992, Test Acc: 0.9688
[2023-04-04 19:39:19,347][test.py][line:49][INFO] current batch testing result... Test Loss: 0.1136, Test Acc: 0.9375
[2023-04-04 19:39:19,361][test.py][line:49][INFO] current batch testing result... Test Loss: 0.0144, Test Acc: 1.0000
[2023-04-04 19:39:19,369][test.py][line:49][INFO] current batch testing result... Test Loss: 0.0354, Test Acc: 1.0000
[2023-04-04 19:39:19,378][test.py][line:49][INFO] current batch testing result... Test Loss: 0.0670, Test Acc: 0.9688
[2023-04-04 19:39:19,392][test.py][line:49][INFO] current batch testing result... Test Loss: 0.0402, Test Acc: 0.9688
[2023-04-04 19:39:19,401][test.py][line:49][INFO] current batch testing result... Test Loss: 0.0119, Test Acc: 1.0000
[2023-04-04 19:39:19,412][test.py][line:49][INFO] current batch testing result... Test Loss: 0.0331, Test Acc: 0.9688
[2023-04-04 19:39:19,421][test.py][line:49][INFO] current batch testing result... Test Loss: 0.0210, Test Acc: 1.0000
[2023-04-04 19:39:19,431][test.py][line:49][INFO] current batch testing result... Test Loss: 0.1177, Test Acc: 0.9375
[2023-04-04 19:39:19,443][test.py][line:49][INFO] current batch testing result... Test Loss: 0.1737, Test Acc: 0.9688
[2023-04-04 19:39:19,452][test.py][line:49][INFO] current batch testing result... Test Loss: 0.0427, Test Acc: 0.9688
[2023-04-04 19:39:19,462][test.py][line:49][INFO] current batch testing result... Test Loss: 0.0239, Test Acc: 1.0000
[2023-04-04 19:39:19,472][test.py][line:49][INFO] current batch testing result... Test Loss: 0.0514, Test Acc: 1.0000
[2023-04-04 19:39:19,483][test.py][line:49][INFO] current batch testing result... Test Loss: 0.0780, Test Acc: 1.0000
[2023-04-04 19:39:19,494][test.py][line:49][INFO] current batch testing result... Test Loss: 0.0186, Test Acc: 1.0000
[2023-04-04 19:39:19,502][test.py][line:49][INFO] current batch testing result... Test Loss: 0.0049, Test Acc: 1.0000
[2023-04-04 19:39:19,513][test.py][line:49][INFO] current batch testing result... Test Loss: 0.0070, Test Acc: 1.0000
[2023-04-04 19:39:19,526][test.py][line:49][INFO] current batch testing result... Test Loss: 0.0083, Test Acc: 1.0000
[2023-04-04 19:39:19,535][test.py][line:49][INFO] current batch testing result... Test Loss: 0.0181, Test Acc: 1.0000
[2023-04-04 19:39:19,546][test.py][line:49][INFO] current batch testing result... Test Loss: 0.1791, Test Acc: 0.9688
[2023-04-04 19:39:19,556][test.py][line:49][INFO] current batch testing result... Test Loss: 0.0360, Test Acc: 1.0000
[2023-04-04 19:39:19,565][test.py][line:49][INFO] current batch testing result... Test Loss: 0.0826, Test Acc: 0.9688
[2023-04-04 19:39:19,577][test.py][line:49][INFO] current batch testing result... Test Loss: 0.0495, Test Acc: 0.9688
[2023-04-04 19:39:19,587][test.py][line:49][INFO] current batch testing result... Test Loss: 0.0929, Test Acc: 0.9688
[2023-04-04 19:39:19,597][test.py][line:49][INFO] current batch testing result... Test Loss: 0.0193, Test Acc: 1.0000
[2023-04-04 19:39:19,610][test.py][line:49][INFO] current batch testing result... Test Loss: 0.0183, Test Acc: 1.0000
[2023-04-04 19:39:19,622][test.py][line:49][INFO] current batch testing result... Test Loss: 0.0063, Test Acc: 1.0000
[2023-04-04 19:39:19,632][test.py][line:49][INFO] current batch testing result... Test Loss: 0.0179, Test Acc: 1.0000
[2023-04-04 19:39:19,643][test.py][line:49][INFO] current batch testing result... Test Loss: 0.0589, Test Acc: 0.9688
[2023-04-04 19:39:19,651][test.py][line:49][INFO] current batch testing result... Test Loss: 0.0048, Test Acc: 1.0000
[2023-04-04 19:39:19,660][test.py][line:49][INFO] current batch testing result... Test Loss: 0.1496, Test Acc: 0.9375
[2023-04-04 19:39:19,668][test.py][line:49][INFO] current batch testing result... Test Loss: 0.0518, Test Acc: 1.0000
[2023-04-04 19:39:19,679][test.py][line:49][INFO] current batch testing result... Test Loss: 0.1448, Test Acc: 0.9375
[2023-04-04 19:39:19,692][test.py][line:49][INFO] current batch testing result... Test Loss: 0.0910, Test Acc: 0.9688
[2023-04-04 19:39:19,702][test.py][line:49][INFO] current batch testing result... Test Loss: 0.1116, Test Acc: 0.9375
[2023-04-04 19:39:19,714][test.py][line:49][INFO] current batch testing result... Test Loss: 0.0099, Test Acc: 1.0000
[2023-04-04 19:39:19,726][test.py][line:49][INFO] current batch testing result... Test Loss: 0.0174, Test Acc: 1.0000
[2023-04-04 19:39:19,736][test.py][line:49][INFO] current batch testing result... Test Loss: 0.0815, Test Acc: 0.9688
[2023-04-04 19:39:19,745][test.py][line:49][INFO] current batch testing result... Test Loss: 0.0250, Test Acc: 1.0000
[2023-04-04 19:39:19,754][test.py][line:49][INFO] current batch testing result... Test Loss: 0.0811, Test Acc: 0.9688
[2023-04-04 19:39:19,764][test.py][line:49][INFO] current batch testing result... Test Loss: 0.0133, Test Acc: 1.0000
[2023-04-04 19:39:19,776][test.py][line:49][INFO] current batch testing result... Test Loss: 0.0045, Test Acc: 1.0000
[2023-04-04 19:39:19,785][test.py][line:49][INFO] current batch testing result... Test Loss: 0.0516, Test Acc: 0.9688
[2023-04-04 19:39:19,794][test.py][line:49][INFO] current batch testing result... Test Loss: 0.0564, Test Acc: 0.9688
[2023-04-04 19:39:19,803][test.py][line:49][INFO] current batch testing result... Test Loss: 0.0578, Test Acc: 0.9688
[2023-04-04 19:39:19,816][test.py][line:49][INFO] current batch testing result... Test Loss: 0.1255, Test Acc: 0.9688
[2023-04-04 19:39:19,826][test.py][line:49][INFO] current batch testing result... Test Loss: 0.1198, Test Acc: 1.0000
[2023-04-04 19:39:19,834][test.py][line:49][INFO] current batch testing result... Test Loss: 0.1646, Test Acc: 0.9375
[2023-04-04 19:39:19,844][test.py][line:49][INFO] current batch testing result... Test Loss: 0.0519, Test Acc: 1.0000
[2023-04-04 19:39:19,852][test.py][line:49][INFO] current batch testing result... Test Loss: 0.2211, Test Acc: 0.9062
[2023-04-04 19:39:19,862][test.py][line:49][INFO] current batch testing result... Test Loss: 0.0329, Test Acc: 1.0000
[2023-04-04 19:39:19,872][test.py][line:49][INFO] current batch testing result... Test Loss: 0.0188, Test Acc: 1.0000
[2023-04-04 19:39:19,883][test.py][line:49][INFO] current batch testing result... Test Loss: 0.0181, Test Acc: 1.0000
[2023-04-04 19:39:19,894][test.py][line:49][INFO] current batch testing result... Test Loss: 0.2718, Test Acc: 0.9375
[2023-04-04 19:39:19,917][test.py][line:49][INFO] current batch testing result... Test Loss: 0.0058, Test Acc: 1.0000
[2023-04-04 19:39:19,930][test.py][line:49][INFO] current batch testing result... Test Loss: 0.0134, Test Acc: 1.0000
[2023-04-04 19:39:19,942][test.py][line:49][INFO] current batch testing result... Test Loss: 0.0106, Test Acc: 1.0000
[2023-04-04 19:39:19,951][test.py][line:49][INFO] current batch testing result... Test Loss: 0.0317, Test Acc: 1.0000
[2023-04-04 19:39:19,961][test.py][line:49][INFO] current batch testing result... Test Loss: 0.0221, Test Acc: 1.0000
[2023-04-04 19:39:19,969][test.py][line:49][INFO] current batch testing result... Test Loss: 0.0269, Test Acc: 1.0000
[2023-04-04 19:39:19,978][test.py][line:49][INFO] current batch testing result... Test Loss: 0.0090, Test Acc: 1.0000
[2023-04-04 19:39:19,986][test.py][line:49][INFO] current batch testing result... Test Loss: 0.0036, Test Acc: 1.0000
[2023-04-04 19:39:19,996][test.py][line:49][INFO] current batch testing result... Test Loss: 0.0046, Test Acc: 1.0000
[2023-04-04 19:39:20,005][test.py][line:49][INFO] current batch testing result... Test Loss: 0.0388, Test Acc: 0.9688
[2023-04-04 19:39:20,015][test.py][line:49][INFO] current batch testing result... Test Loss: 0.0076, Test Acc: 1.0000
[2023-04-04 19:39:20,030][test.py][line:49][INFO] current batch testing result... Test Loss: 0.0126, Test Acc: 1.0000
[2023-04-04 19:39:20,043][test.py][line:49][INFO] current batch testing result... Test Loss: 0.0336, Test Acc: 0.9688
[2023-04-04 19:39:20,052][test.py][line:49][INFO] current batch testing result... Test Loss: 0.0051, Test Acc: 1.0000
[2023-04-04 19:39:20,061][test.py][line:49][INFO] current batch testing result... Test Loss: 0.2804, Test Acc: 0.8438
[2023-04-04 19:39:20,075][test.py][line:49][INFO] current batch testing result... Test Loss: 0.1765, Test Acc: 0.9375
[2023-04-04 19:39:20,083][test.py][line:49][INFO] current batch testing result... Test Loss: 0.0021, Test Acc: 1.0000
[2023-04-04 19:39:20,094][test.py][line:49][INFO] current batch testing result... Test Loss: 0.0057, Test Acc: 1.0000
[2023-04-04 19:39:20,102][test.py][line:49][INFO] current batch testing result... Test Loss: 0.0047, Test Acc: 1.0000
[2023-04-04 19:39:20,116][test.py][line:49][INFO] current batch testing result... Test Loss: 0.0250, Test Acc: 1.0000
[2023-04-04 19:39:20,127][test.py][line:49][INFO] current batch testing result... Test Loss: 0.0370, Test Acc: 1.0000
[2023-04-04 19:39:20,135][test.py][line:49][INFO] current batch testing result... Test Loss: 0.0138, Test Acc: 1.0000
[2023-04-04 19:39:20,147][test.py][line:49][INFO] current batch testing result... Test Loss: 0.0083, Test Acc: 1.0000
[2023-04-04 19:39:20,160][test.py][line:49][INFO] current batch testing result... Test Loss: 0.1127, Test Acc: 0.9688
[2023-04-04 19:39:20,168][test.py][line:49][INFO] current batch testing result... Test Loss: 0.1360, Test Acc: 0.9688
[2023-04-04 19:39:20,177][test.py][line:49][INFO] current batch testing result... Test Loss: 0.0049, Test Acc: 1.0000
[2023-04-04 19:39:20,185][test.py][line:49][INFO] current batch testing result... Test Loss: 0.0142, Test Acc: 1.0000
[2023-04-04 19:39:20,195][test.py][line:49][INFO] current batch testing result... Test Loss: 0.0538, Test Acc: 0.9688
[2023-04-04 19:39:20,208][test.py][line:49][INFO] current batch testing result... Test Loss: 0.0345, Test Acc: 1.0000
[2023-04-04 19:39:20,217][test.py][line:49][INFO] current batch testing result... Test Loss: 0.0148, Test Acc: 1.0000
[2023-04-04 19:39:20,227][test.py][line:49][INFO] current batch testing result... Test Loss: 0.0800, Test Acc: 0.9688
[2023-04-04 19:39:20,235][test.py][line:49][INFO] current batch testing result... Test Loss: 0.0654, Test Acc: 0.9688
[2023-04-04 19:39:20,246][test.py][line:49][INFO] current batch testing result... Test Loss: 0.1649, Test Acc: 0.9688
[2023-04-04 19:39:20,259][test.py][line:49][INFO] current batch testing result... Test Loss: 0.0755, Test Acc: 1.0000
[2023-04-04 19:39:20,268][test.py][line:49][INFO] current batch testing result... Test Loss: 0.3064, Test Acc: 0.8750
[2023-04-04 19:39:20,277][test.py][line:49][INFO] current batch testing result... Test Loss: 0.1684, Test Acc: 0.9062
[2023-04-04 19:39:20,285][test.py][line:49][INFO] current batch testing result... Test Loss: 0.1920, Test Acc: 0.9062
[2023-04-04 19:39:20,295][test.py][line:49][INFO] current batch testing result... Test Loss: 0.5745, Test Acc: 0.8125
[2023-04-04 19:39:20,303][test.py][line:49][INFO] current batch testing result... Test Loss: 0.8072, Test Acc: 0.8750
[2023-04-04 19:39:20,313][test.py][line:49][INFO] current batch testing result... Test Loss: 0.2600, Test Acc: 0.9375
[2023-04-04 19:39:20,326][test.py][line:49][INFO] current batch testing result... Test Loss: 0.3021, Test Acc: 0.9375
[2023-04-04 19:39:20,338][test.py][line:49][INFO] current batch testing result... Test Loss: 0.1994, Test Acc: 0.9375
[2023-04-04 19:39:20,348][test.py][line:49][INFO] current batch testing result... Test Loss: 0.2995, Test Acc: 0.8750
[2023-04-04 19:39:20,360][test.py][line:49][INFO] current batch testing result... Test Loss: 0.2059, Test Acc: 0.9375
[2023-04-04 19:39:20,376][test.py][line:49][INFO] current batch testing result... Test Loss: 0.1325, Test Acc: 0.9375
[2023-04-04 19:39:20,383][test.py][line:49][INFO] current batch testing result... Test Loss: 0.0263, Test Acc: 0.5000
[2023-04-04 19:39:20,385][test.py][line:63][INFO] total test loss: 0.1525, average test accuracy: 0.9509
